{"/home/charles/Documents/Teach2Give/HospitalAPI/src/appointment/appointment.service.ts": {"path":"/home/charles/Documents/Teach2Give/HospitalAPI/src/appointment/appointment.service.ts","statementMap":{"0":{"start":{"line":1,"column":0},"end":{"line":1,"column":38}},"1":{"start":{"line":2,"column":0},"end":{"line":2,"column":31}},"2":{"start":{"line":3,"column":0},"end":{"line":3,"column":69}},"3":{"start":{"line":6,"column":40},"end":{"line":9,"column":1}},"4":{"start":{"line":7,"column":2},"end":{"line":7,"column":57}},"5":{"start":{"line":8,"column":2},"end":{"line":8,"column":44}},"6":{"start":{"line":6,"column":13},"end":{"line":6,"column":40}},"7":{"start":{"line":12,"column":38},"end":{"line":15,"column":1}},"8":{"start":{"line":13,"column":23},"end":{"line":13,"column":66}},"9":{"start":{"line":14,"column":2},"end":{"line":14,"column":22}},"10":{"start":{"line":12,"column":13},"end":{"line":12,"column":38}},"11":{"start":{"line":18,"column":41},"end":{"line":23,"column":1}},"12":{"start":{"line":19,"column":22},"end":{"line":21,"column":4}},"13":{"start":{"line":22,"column":2},"end":{"line":22,"column":21}},"14":{"start":{"line":18,"column":13},"end":{"line":18,"column":41}},"15":{"start":{"line":26,"column":46},"end":{"line":30,"column":1}},"16":{"start":{"line":27,"column":2},"end":{"line":29,"column":5}},"17":{"start":{"line":26,"column":13},"end":{"line":26,"column":46}},"18":{"start":{"line":33,"column":48},"end":{"line":37,"column":1}},"19":{"start":{"line":34,"column":2},"end":{"line":36,"column":5}},"20":{"start":{"line":33,"column":13},"end":{"line":33,"column":48}},"21":{"start":{"line":40,"column":40},"end":{"line":51,"column":1}},"22":{"start":{"line":41,"column":29},"end":{"line":45,"column":16}},"23":{"start":{"line":47,"column":2},"end":{"line":49,"column":3}},"24":{"start":{"line":48,"column":4},"end":{"line":48,"column":16}},"25":{"start":{"line":50,"column":2},"end":{"line":50,"column":44}},"26":{"start":{"line":40,"column":13},"end":{"line":40,"column":40}},"27":{"start":{"line":54,"column":40},"end":{"line":64,"column":1}},"28":{"start":{"line":55,"column":29},"end":{"line":58,"column":16}},"29":{"start":{"line":60,"column":2},"end":{"line":62,"column":3}},"30":{"start":{"line":61,"column":4},"end":{"line":61,"column":16}},"31":{"start":{"line":63,"column":2},"end":{"line":63,"column":44}},"32":{"start":{"line":54,"column":13},"end":{"line":54,"column":40}},"33":{"start":{"line":67,"column":47},"end":{"line":82,"column":1}},"34":{"start":{"line":68,"column":2},"end":{"line":81,"column":5}},"35":{"start":{"line":67,"column":13},"end":{"line":67,"column":47}},"36":{"start":{"line":85,"column":45},"end":{"line":101,"column":1}},"37":{"start":{"line":86,"column":2},"end":{"line":100,"column":5}},"38":{"start":{"line":85,"column":13},"end":{"line":85,"column":45}},"39":{"start":{"line":104,"column":55},"end":{"line":128,"column":1}},"40":{"start":{"line":105,"column":2},"end":{"line":127,"column":5}},"41":{"start":{"line":104,"column":13},"end":{"line":104,"column":55}},"42":{"start":{"line":131,"column":48},"end":{"line":148,"column":1}},"43":{"start":{"line":132,"column":2},"end":{"line":147,"column":5}},"44":{"start":{"line":131,"column":13},"end":{"line":131,"column":48}}},"fnMap":{"0":{"name":"(anonymous_1)","decl":{"start":{"line":6,"column":40},"end":{"line":6,"column":45}},"loc":{"start":{"line":6,"column":77},"end":{"line":9,"column":1}}},"1":{"name":"(anonymous_2)","decl":{"start":{"line":12,"column":38},"end":{"line":12,"column":43}},"loc":{"start":{"line":12,"column":49},"end":{"line":15,"column":1}}},"2":{"name":"(anonymous_3)","decl":{"start":{"line":18,"column":41},"end":{"line":18,"column":46}},"loc":{"start":{"line":18,"column":62},"end":{"line":23,"column":1}}},"3":{"name":"(anonymous_4)","decl":{"start":{"line":26,"column":46},"end":{"line":26,"column":51}},"loc":{"start":{"line":26,"column":71},"end":{"line":30,"column":1}}},"4":{"name":"(anonymous_5)","decl":{"start":{"line":33,"column":48},"end":{"line":33,"column":53}},"loc":{"start":{"line":33,"column":75},"end":{"line":37,"column":1}}},"5":{"name":"(anonymous_6)","decl":{"start":{"line":40,"column":40},"end":{"line":40,"column":45}},"loc":{"start":{"line":40,"column":89},"end":{"line":51,"column":1}}},"6":{"name":"(anonymous_7)","decl":{"start":{"line":54,"column":40},"end":{"line":54,"column":45}},"loc":{"start":{"line":54,"column":61},"end":{"line":64,"column":1}}},"7":{"name":"(anonymous_8)","decl":{"start":{"line":67,"column":47},"end":{"line":67,"column":52}},"loc":{"start":{"line":67,"column":68},"end":{"line":82,"column":1}}},"8":{"name":"(anonymous_9)","decl":{"start":{"line":85,"column":45},"end":{"line":85,"column":50}},"loc":{"start":{"line":85,"column":66},"end":{"line":101,"column":1}}},"9":{"name":"(anonymous_10)","decl":{"start":{"line":104,"column":55},"end":{"line":104,"column":60}},"loc":{"start":{"line":104,"column":66},"end":{"line":128,"column":1}}},"10":{"name":"(anonymous_11)","decl":{"start":{"line":131,"column":48},"end":{"line":131,"column":53}},"loc":{"start":{"line":131,"column":69},"end":{"line":148,"column":1}}}},"branchMap":{"0":{"loc":{"start":{"line":47,"column":2},"end":{"line":49,"column":3}},"type":"if","locations":[{"start":{"line":47,"column":2},"end":{"line":49,"column":3}},{"start":{},"end":{}}]},"1":{"loc":{"start":{"line":60,"column":2},"end":{"line":62,"column":3}},"type":"if","locations":[{"start":{"line":60,"column":2},"end":{"line":62,"column":3}},{"start":{},"end":{}}]}},"s":{"0":1,"1":1,"2":1,"3":1,"4":1,"5":1,"6":1,"7":1,"8":2,"9":2,"10":1,"11":1,"12":2,"13":2,"14":1,"15":1,"16":1,"17":1,"18":1,"19":1,"20":1,"21":1,"22":2,"23":2,"24":1,"25":1,"26":1,"27":1,"28":2,"29":2,"30":1,"31":1,"32":1,"33":1,"34":1,"35":1,"36":1,"37":1,"38":1,"39":1,"40":1,"41":1,"42":1,"43":1,"44":1},"f":{"0":1,"1":2,"2":2,"3":1,"4":1,"5":2,"6":2,"7":1,"8":1,"9":1,"10":1},"b":{"0":[1,1],"1":[1,1]}}
,"/home/charles/Documents/Teach2Give/HospitalAPI/src/complaint/complaint.service.ts": {"path":"/home/charles/Documents/Teach2Give/HospitalAPI/src/complaint/complaint.service.ts","statementMap":{"0":{"start":{"line":1,"column":0},"end":{"line":1,"column":33}},"1":{"start":{"line":2,"column":0},"end":{"line":2,"column":31}},"2":{"start":{"line":3,"column":0},"end":{"line":3,"column":65}},"3":{"start":{"line":6,"column":38},"end":{"line":9,"column":1}},"4":{"start":{"line":7,"column":2},"end":{"line":7,"column":53}},"5":{"start":{"line":8,"column":2},"end":{"line":8,"column":42}},"6":{"start":{"line":6,"column":13},"end":{"line":6,"column":38}},"7":{"start":{"line":12,"column":36},"end":{"line":15,"column":1}},"8":{"start":{"line":13,"column":21},"end":{"line":13,"column":62}},"9":{"start":{"line":14,"column":2},"end":{"line":14,"column":20}},"10":{"start":{"line":12,"column":13},"end":{"line":12,"column":36}},"11":{"start":{"line":18,"column":39},"end":{"line":23,"column":1}},"12":{"start":{"line":19,"column":20},"end":{"line":21,"column":4}},"13":{"start":{"line":22,"column":2},"end":{"line":22,"column":19}},"14":{"start":{"line":18,"column":13},"end":{"line":18,"column":39}},"15":{"start":{"line":26,"column":44},"end":{"line":31,"column":1}},"16":{"start":{"line":27,"column":21},"end":{"line":29,"column":4}},"17":{"start":{"line":30,"column":2},"end":{"line":30,"column":20}},"18":{"start":{"line":26,"column":13},"end":{"line":26,"column":44}},"19":{"start":{"line":34,"column":51},"end":{"line":39,"column":1}},"20":{"start":{"line":35,"column":21},"end":{"line":37,"column":4}},"21":{"start":{"line":38,"column":2},"end":{"line":38,"column":20}},"22":{"start":{"line":34,"column":13},"end":{"line":34,"column":51}},"23":{"start":{"line":42,"column":38},"end":{"line":52,"column":1}},"24":{"start":{"line":43,"column":27},"end":{"line":46,"column":16}},"25":{"start":{"line":48,"column":2},"end":{"line":50,"column":3}},"26":{"start":{"line":49,"column":4},"end":{"line":49,"column":16}},"27":{"start":{"line":51,"column":2},"end":{"line":51,"column":42}},"28":{"start":{"line":42,"column":13},"end":{"line":42,"column":38}},"29":{"start":{"line":55,"column":38},"end":{"line":64,"column":1}},"30":{"start":{"line":56,"column":27},"end":{"line":58,"column":16}},"31":{"start":{"line":60,"column":2},"end":{"line":62,"column":3}},"32":{"start":{"line":61,"column":4},"end":{"line":61,"column":16}},"33":{"start":{"line":63,"column":2},"end":{"line":63,"column":42}},"34":{"start":{"line":55,"column":13},"end":{"line":55,"column":38}}},"fnMap":{"0":{"name":"(anonymous_1)","decl":{"start":{"line":6,"column":38},"end":{"line":6,"column":43}},"loc":{"start":{"line":6,"column":71},"end":{"line":9,"column":1}}},"1":{"name":"(anonymous_2)","decl":{"start":{"line":12,"column":36},"end":{"line":12,"column":41}},"loc":{"start":{"line":12,"column":47},"end":{"line":15,"column":1}}},"2":{"name":"(anonymous_3)","decl":{"start":{"line":18,"column":39},"end":{"line":18,"column":44}},"loc":{"start":{"line":18,"column":60},"end":{"line":23,"column":1}}},"3":{"name":"(anonymous_4)","decl":{"start":{"line":26,"column":44},"end":{"line":26,"column":49}},"loc":{"start":{"line":26,"column":69},"end":{"line":31,"column":1}}},"4":{"name":"(anonymous_5)","decl":{"start":{"line":34,"column":51},"end":{"line":34,"column":56}},"loc":{"start":{"line":34,"column":83},"end":{"line":39,"column":1}}},"5":{"name":"(anonymous_6)","decl":{"start":{"line":42,"column":38},"end":{"line":42,"column":43}},"loc":{"start":{"line":42,"column":83},"end":{"line":52,"column":1}}},"6":{"name":"(anonymous_7)","decl":{"start":{"line":55,"column":38},"end":{"line":55,"column":43}},"loc":{"start":{"line":55,"column":59},"end":{"line":64,"column":1}}}},"branchMap":{"0":{"loc":{"start":{"line":48,"column":2},"end":{"line":50,"column":3}},"type":"if","locations":[{"start":{"line":48,"column":2},"end":{"line":50,"column":3}},{"start":{},"end":{}}]},"1":{"loc":{"start":{"line":60,"column":2},"end":{"line":62,"column":3}},"type":"if","locations":[{"start":{"line":60,"column":2},"end":{"line":62,"column":3}},{"start":{},"end":{}}]}},"s":{"0":1,"1":1,"2":1,"3":1,"4":1,"5":1,"6":1,"7":1,"8":2,"9":2,"10":1,"11":1,"12":2,"13":2,"14":1,"15":1,"16":1,"17":1,"18":1,"19":1,"20":1,"21":1,"22":1,"23":1,"24":2,"25":2,"26":1,"27":1,"28":1,"29":1,"30":2,"31":2,"32":1,"33":1,"34":1},"f":{"0":1,"1":2,"2":2,"3":1,"4":1,"5":2,"6":2},"b":{"0":[1,1],"1":[1,1]}}
,"/home/charles/Documents/Teach2Give/HospitalAPI/src/doctor/doctor.service.ts": {"path":"/home/charles/Documents/Teach2Give/HospitalAPI/src/doctor/doctor.service.ts","statementMap":{"0":{"start":{"line":1,"column":0},"end":{"line":1,"column":38}},"1":{"start":{"line":2,"column":0},"end":{"line":2,"column":31}},"2":{"start":{"line":3,"column":0},"end":{"line":3,"column":59}},"3":{"start":{"line":6,"column":35},"end":{"line":9,"column":1}},"4":{"start":{"line":7,"column":2},"end":{"line":7,"column":47}},"5":{"start":{"line":8,"column":2},"end":{"line":8,"column":39}},"6":{"start":{"line":6,"column":13},"end":{"line":6,"column":35}},"7":{"start":{"line":12,"column":48},"end":{"line":16,"column":1}},"8":{"start":{"line":13,"column":2},"end":{"line":15,"column":5}},"9":{"start":{"line":12,"column":13},"end":{"line":12,"column":48}},"10":{"start":{"line":19,"column":33},"end":{"line":22,"column":1}},"11":{"start":{"line":20,"column":18},"end":{"line":20,"column":56}},"12":{"start":{"line":21,"column":2},"end":{"line":21,"column":17}},"13":{"start":{"line":19,"column":13},"end":{"line":19,"column":33}},"14":{"start":{"line":25,"column":36},"end":{"line":30,"column":1}},"15":{"start":{"line":26,"column":17},"end":{"line":28,"column":4}},"16":{"start":{"line":29,"column":2},"end":{"line":29,"column":16}},"17":{"start":{"line":25,"column":13},"end":{"line":25,"column":36}},"18":{"start":{"line":33,"column":35},"end":{"line":44,"column":1}},"19":{"start":{"line":34,"column":24},"end":{"line":38,"column":16}},"20":{"start":{"line":40,"column":2},"end":{"line":42,"column":3}},"21":{"start":{"line":41,"column":4},"end":{"line":41,"column":16}},"22":{"start":{"line":43,"column":2},"end":{"line":43,"column":39}},"23":{"start":{"line":33,"column":13},"end":{"line":33,"column":35}},"24":{"start":{"line":47,"column":35},"end":{"line":57,"column":1}},"25":{"start":{"line":48,"column":24},"end":{"line":51,"column":16}},"26":{"start":{"line":53,"column":2},"end":{"line":55,"column":3}},"27":{"start":{"line":54,"column":4},"end":{"line":54,"column":16}},"28":{"start":{"line":56,"column":2},"end":{"line":56,"column":39}},"29":{"start":{"line":47,"column":13},"end":{"line":47,"column":35}},"30":{"start":{"line":59,"column":40},"end":{"line":80,"column":1}},"31":{"start":{"line":60,"column":2},"end":{"line":79,"column":5}},"32":{"start":{"line":59,"column":13},"end":{"line":59,"column":40}},"33":{"start":{"line":82,"column":45},"end":{"line":89,"column":1}},"34":{"start":{"line":83,"column":2},"end":{"line":88,"column":5}},"35":{"start":{"line":82,"column":13},"end":{"line":82,"column":45}}},"fnMap":{"0":{"name":"(anonymous_1)","decl":{"start":{"line":6,"column":35},"end":{"line":6,"column":40}},"loc":{"start":{"line":6,"column":62},"end":{"line":9,"column":1}}},"1":{"name":"(anonymous_2)","decl":{"start":{"line":12,"column":48},"end":{"line":12,"column":53}},"loc":{"start":{"line":12,"column":81},"end":{"line":16,"column":1}}},"2":{"name":"(anonymous_3)","decl":{"start":{"line":19,"column":33},"end":{"line":19,"column":38}},"loc":{"start":{"line":19,"column":44},"end":{"line":22,"column":1}}},"3":{"name":"(anonymous_4)","decl":{"start":{"line":25,"column":36},"end":{"line":25,"column":41}},"loc":{"start":{"line":25,"column":57},"end":{"line":30,"column":1}}},"4":{"name":"(anonymous_5)","decl":{"start":{"line":33,"column":35},"end":{"line":33,"column":40}},"loc":{"start":{"line":33,"column":74},"end":{"line":44,"column":1}}},"5":{"name":"(anonymous_6)","decl":{"start":{"line":47,"column":35},"end":{"line":47,"column":40}},"loc":{"start":{"line":47,"column":56},"end":{"line":57,"column":1}}},"6":{"name":"(anonymous_7)","decl":{"start":{"line":59,"column":40},"end":{"line":59,"column":45}},"loc":{"start":{"line":59,"column":61},"end":{"line":80,"column":1}}},"7":{"name":"(anonymous_8)","decl":{"start":{"line":82,"column":45},"end":{"line":82,"column":50}},"loc":{"start":{"line":82,"column":66},"end":{"line":89,"column":1}}}},"branchMap":{"0":{"loc":{"start":{"line":40,"column":2},"end":{"line":42,"column":3}},"type":"if","locations":[{"start":{"line":40,"column":2},"end":{"line":42,"column":3}},{"start":{},"end":{}}]},"1":{"loc":{"start":{"line":53,"column":2},"end":{"line":55,"column":3}},"type":"if","locations":[{"start":{"line":53,"column":2},"end":{"line":55,"column":3}},{"start":{},"end":{}}]}},"s":{"0":1,"1":1,"2":1,"3":1,"4":1,"5":1,"6":1,"7":1,"8":1,"9":1,"10":1,"11":2,"12":2,"13":1,"14":1,"15":2,"16":2,"17":1,"18":1,"19":2,"20":2,"21":1,"22":1,"23":1,"24":1,"25":2,"26":2,"27":1,"28":1,"29":1,"30":1,"31":1,"32":1,"33":1,"34":1,"35":1},"f":{"0":1,"1":1,"2":2,"3":2,"4":2,"5":2,"6":1,"7":1},"b":{"0":[1,1],"1":[1,1]}}
,"/home/charles/Documents/Teach2Give/HospitalAPI/src/payment/payment.service.ts": {"path":"/home/charles/Documents/Teach2Give/HospitalAPI/src/payment/payment.service.ts","statementMap":{"0":{"start":{"line":1,"column":0},"end":{"line":1,"column":33}},"1":{"start":{"line":2,"column":0},"end":{"line":2,"column":31}},"2":{"start":{"line":3,"column":0},"end":{"line":3,"column":61}},"3":{"start":{"line":8,"column":36},"end":{"line":11,"column":1}},"4":{"start":{"line":9,"column":2},"end":{"line":9,"column":49}},"5":{"start":{"line":10,"column":2},"end":{"line":10,"column":40}},"6":{"start":{"line":8,"column":13},"end":{"line":8,"column":36}},"7":{"start":{"line":14,"column":34},"end":{"line":17,"column":1}},"8":{"start":{"line":15,"column":19},"end":{"line":15,"column":58}},"9":{"start":{"line":16,"column":2},"end":{"line":16,"column":18}},"10":{"start":{"line":14,"column":13},"end":{"line":14,"column":34}},"11":{"start":{"line":20,"column":37},"end":{"line":25,"column":1}},"12":{"start":{"line":21,"column":18},"end":{"line":23,"column":4}},"13":{"start":{"line":24,"column":2},"end":{"line":24,"column":17}},"14":{"start":{"line":20,"column":13},"end":{"line":20,"column":37}},"15":{"start":{"line":28,"column":48},"end":{"line":33,"column":1}},"16":{"start":{"line":29,"column":18},"end":{"line":31,"column":4}},"17":{"start":{"line":32,"column":2},"end":{"line":32,"column":17}},"18":{"start":{"line":28,"column":13},"end":{"line":28,"column":48}},"19":{"start":{"line":39,"column":36},"end":{"line":67,"column":1}},"20":{"start":{"line":41,"column":18},"end":{"line":42,"column":null}},"21":{"start":{"line":42,"column":47},"end":{"line":42,"column":76}},"22":{"start":{"line":46,"column":37},"end":{"line":49,"column":4}},"23":{"start":{"line":52,"column":2},"end":{"line":54,"column":3}},"24":{"start":{"line":53,"column":4},"end":{"line":53,"column":49}},"25":{"start":{"line":56,"column":25},"end":{"line":60,"column":16}},"26":{"start":{"line":62,"column":2},"end":{"line":64,"column":3}},"27":{"start":{"line":63,"column":4},"end":{"line":63,"column":16}},"28":{"start":{"line":66,"column":2},"end":{"line":66,"column":40}},"29":{"start":{"line":39,"column":13},"end":{"line":39,"column":36}},"30":{"start":{"line":72,"column":36},"end":{"line":81,"column":1}},"31":{"start":{"line":73,"column":25},"end":{"line":75,"column":16}},"32":{"start":{"line":77,"column":2},"end":{"line":79,"column":3}},"33":{"start":{"line":78,"column":4},"end":{"line":78,"column":16}},"34":{"start":{"line":80,"column":2},"end":{"line":80,"column":40}},"35":{"start":{"line":72,"column":13},"end":{"line":72,"column":36}}},"fnMap":{"0":{"name":"(anonymous_1)","decl":{"start":{"line":8,"column":36},"end":{"line":8,"column":41}},"loc":{"start":{"line":8,"column":65},"end":{"line":11,"column":1}}},"1":{"name":"(anonymous_2)","decl":{"start":{"line":14,"column":34},"end":{"line":14,"column":39}},"loc":{"start":{"line":14,"column":45},"end":{"line":17,"column":1}}},"2":{"name":"(anonymous_3)","decl":{"start":{"line":20,"column":37},"end":{"line":20,"column":42}},"loc":{"start":{"line":20,"column":58},"end":{"line":25,"column":1}}},"3":{"name":"(anonymous_4)","decl":{"start":{"line":28,"column":48},"end":{"line":28,"column":53}},"loc":{"start":{"line":28,"column":80},"end":{"line":33,"column":1}}},"4":{"name":"(anonymous_5)","decl":{"start":{"line":39,"column":36},"end":{"line":39,"column":41}},"loc":{"start":{"line":39,"column":81},"end":{"line":67,"column":1}}},"5":{"name":"(anonymous_6)","decl":{"start":{"line":42,"column":35},"end":{"line":42,"column":36}},"loc":{"start":{"line":42,"column":47},"end":{"line":42,"column":76}}},"6":{"name":"(anonymous_7)","decl":{"start":{"line":72,"column":36},"end":{"line":72,"column":41}},"loc":{"start":{"line":72,"column":57},"end":{"line":81,"column":1}}}},"branchMap":{"0":{"loc":{"start":{"line":42,"column":47},"end":{"line":42,"column":76}},"type":"binary-expr","locations":[{"start":{"line":42,"column":47},"end":{"line":42,"column":62}},{"start":{"line":42,"column":66},"end":{"line":42,"column":76}}]},"1":{"loc":{"start":{"line":52,"column":2},"end":{"line":54,"column":3}},"type":"if","locations":[{"start":{"line":52,"column":2},"end":{"line":54,"column":3}},{"start":{},"end":{}}]},"2":{"loc":{"start":{"line":62,"column":2},"end":{"line":64,"column":3}},"type":"if","locations":[{"start":{"line":62,"column":2},"end":{"line":64,"column":3}},{"start":{},"end":{}}]},"3":{"loc":{"start":{"line":77,"column":2},"end":{"line":79,"column":3}},"type":"if","locations":[{"start":{"line":77,"column":2},"end":{"line":79,"column":3}},{"start":{},"end":{}}]}},"s":{"0":1,"1":1,"2":1,"3":1,"4":1,"5":1,"6":1,"7":1,"8":2,"9":2,"10":1,"11":1,"12":2,"13":2,"14":1,"15":1,"16":1,"17":1,"18":1,"19":1,"20":3,"21":2,"22":3,"23":3,"24":1,"25":2,"26":2,"27":1,"28":1,"29":1,"30":1,"31":2,"32":2,"33":1,"34":1,"35":1},"f":{"0":1,"1":2,"2":2,"3":1,"4":3,"5":2,"6":2},"b":{"0":[2,2],"1":[1,2],"2":[1,1],"3":[1,1]}}
,"/home/charles/Documents/Teach2Give/HospitalAPI/src/prescription/prescription.service.ts": {"path":"/home/charles/Documents/Teach2Give/HospitalAPI/src/prescription/prescription.service.ts","statementMap":{"0":{"start":{"line":1,"column":0},"end":{"line":1,"column":33}},"1":{"start":{"line":2,"column":0},"end":{"line":2,"column":31}},"2":{"start":{"line":3,"column":0},"end":{"line":3,"column":71}},"3":{"start":{"line":6,"column":41},"end":{"line":9,"column":1}},"4":{"start":{"line":7,"column":2},"end":{"line":7,"column":59}},"5":{"start":{"line":8,"column":2},"end":{"line":8,"column":45}},"6":{"start":{"line":6,"column":13},"end":{"line":6,"column":41}},"7":{"start":{"line":12,"column":39},"end":{"line":15,"column":1}},"8":{"start":{"line":13,"column":24},"end":{"line":13,"column":68}},"9":{"start":{"line":14,"column":2},"end":{"line":14,"column":23}},"10":{"start":{"line":12,"column":13},"end":{"line":12,"column":39}},"11":{"start":{"line":18,"column":42},"end":{"line":23,"column":1}},"12":{"start":{"line":19,"column":23},"end":{"line":21,"column":4}},"13":{"start":{"line":22,"column":2},"end":{"line":22,"column":22}},"14":{"start":{"line":18,"column":13},"end":{"line":18,"column":42}},"15":{"start":{"line":26,"column":54},"end":{"line":31,"column":1}},"16":{"start":{"line":27,"column":24},"end":{"line":29,"column":4}},"17":{"start":{"line":30,"column":2},"end":{"line":30,"column":23}},"18":{"start":{"line":26,"column":13},"end":{"line":26,"column":54}},"19":{"start":{"line":34,"column":49},"end":{"line":39,"column":1}},"20":{"start":{"line":35,"column":24},"end":{"line":37,"column":4}},"21":{"start":{"line":38,"column":2},"end":{"line":38,"column":23}},"22":{"start":{"line":34,"column":13},"end":{"line":34,"column":49}},"23":{"start":{"line":42,"column":47},"end":{"line":47,"column":1}},"24":{"start":{"line":43,"column":24},"end":{"line":45,"column":4}},"25":{"start":{"line":46,"column":2},"end":{"line":46,"column":23}},"26":{"start":{"line":42,"column":13},"end":{"line":42,"column":47}},"27":{"start":{"line":50,"column":41},"end":{"line":60,"column":1}},"28":{"start":{"line":51,"column":30},"end":{"line":54,"column":16}},"29":{"start":{"line":56,"column":2},"end":{"line":58,"column":3}},"30":{"start":{"line":57,"column":4},"end":{"line":57,"column":16}},"31":{"start":{"line":59,"column":2},"end":{"line":59,"column":45}},"32":{"start":{"line":50,"column":13},"end":{"line":50,"column":41}},"33":{"start":{"line":63,"column":41},"end":{"line":72,"column":1}},"34":{"start":{"line":64,"column":30},"end":{"line":66,"column":16}},"35":{"start":{"line":68,"column":2},"end":{"line":70,"column":3}},"36":{"start":{"line":69,"column":4},"end":{"line":69,"column":16}},"37":{"start":{"line":71,"column":2},"end":{"line":71,"column":45}},"38":{"start":{"line":63,"column":13},"end":{"line":63,"column":41}}},"fnMap":{"0":{"name":"(anonymous_1)","decl":{"start":{"line":6,"column":41},"end":{"line":6,"column":46}},"loc":{"start":{"line":6,"column":80},"end":{"line":9,"column":1}}},"1":{"name":"(anonymous_2)","decl":{"start":{"line":12,"column":39},"end":{"line":12,"column":44}},"loc":{"start":{"line":12,"column":50},"end":{"line":15,"column":1}}},"2":{"name":"(anonymous_3)","decl":{"start":{"line":18,"column":42},"end":{"line":18,"column":47}},"loc":{"start":{"line":18,"column":63},"end":{"line":23,"column":1}}},"3":{"name":"(anonymous_4)","decl":{"start":{"line":26,"column":54},"end":{"line":26,"column":59}},"loc":{"start":{"line":26,"column":86},"end":{"line":31,"column":1}}},"4":{"name":"(anonymous_5)","decl":{"start":{"line":34,"column":49},"end":{"line":34,"column":54}},"loc":{"start":{"line":34,"column":76},"end":{"line":39,"column":1}}},"5":{"name":"(anonymous_6)","decl":{"start":{"line":42,"column":47},"end":{"line":42,"column":52}},"loc":{"start":{"line":42,"column":72},"end":{"line":47,"column":1}}},"6":{"name":"(anonymous_7)","decl":{"start":{"line":50,"column":41},"end":{"line":50,"column":46}},"loc":{"start":{"line":50,"column":92},"end":{"line":60,"column":1}}},"7":{"name":"(anonymous_8)","decl":{"start":{"line":63,"column":41},"end":{"line":63,"column":46}},"loc":{"start":{"line":63,"column":62},"end":{"line":72,"column":1}}}},"branchMap":{"0":{"loc":{"start":{"line":56,"column":2},"end":{"line":58,"column":3}},"type":"if","locations":[{"start":{"line":56,"column":2},"end":{"line":58,"column":3}},{"start":{},"end":{}}]},"1":{"loc":{"start":{"line":68,"column":2},"end":{"line":70,"column":3}},"type":"if","locations":[{"start":{"line":68,"column":2},"end":{"line":70,"column":3}},{"start":{},"end":{}}]}},"s":{"0":1,"1":1,"2":1,"3":1,"4":1,"5":1,"6":1,"7":1,"8":2,"9":2,"10":1,"11":1,"12":2,"13":2,"14":1,"15":1,"16":1,"17":1,"18":1,"19":1,"20":1,"21":1,"22":1,"23":1,"24":1,"25":1,"26":1,"27":1,"28":2,"29":2,"30":1,"31":1,"32":1,"33":1,"34":2,"35":2,"36":1,"37":1,"38":1},"f":{"0":1,"1":2,"2":2,"3":1,"4":1,"5":1,"6":2,"7":2},"b":{"0":[1,1],"1":[1,1]}}
,"/home/charles/Documents/Teach2Give/HospitalAPI/src/user/user.service.ts": {"path":"/home/charles/Documents/Teach2Give/HospitalAPI/src/user/user.service.ts","statementMap":{"0":{"start":{"line":1,"column":0},"end":{"line":1,"column":38}},"1":{"start":{"line":2,"column":0},"end":{"line":2,"column":31}},"2":{"start":{"line":3,"column":0},"end":{"line":3,"column":87}},"3":{"start":{"line":5,"column":33},"end":{"line":8,"column":1}},"4":{"start":{"line":6,"column":4},"end":{"line":6,"column":45}},"5":{"start":{"line":7,"column":4},"end":{"line":7,"column":39}},"6":{"start":{"line":5,"column":13},"end":{"line":5,"column":33}},"7":{"start":{"line":9,"column":37},"end":{"line":14,"column":1}},"8":{"start":{"line":10,"column":4},"end":{"line":13,"column":7}},"9":{"start":{"line":9,"column":13},"end":{"line":9,"column":37}},"10":{"start":{"line":15,"column":33},"end":{"line":19,"column":1}},"11":{"start":{"line":16,"column":4},"end":{"line":18,"column":null}},"12":{"start":{"line":15,"column":13},"end":{"line":15,"column":33}},"13":{"start":{"line":20,"column":45},"end":{"line":31,"column":1}},"14":{"start":{"line":25,"column":4},"end":{"line":30,"column":52}},"15":{"start":{"line":20,"column":13},"end":{"line":20,"column":45}},"16":{"start":{"line":32,"column":32},"end":{"line":47,"column":1}},"17":{"start":{"line":33,"column":22},"end":{"line":33,"column":26}},"18":{"start":{"line":34,"column":4},"end":{"line":46,"column":7}},"19":{"start":{"line":32,"column":13},"end":{"line":32,"column":32}},"20":{"start":{"line":49,"column":30},"end":{"line":52,"column":1}},"21":{"start":{"line":50,"column":17},"end":{"line":50,"column":53}},"22":{"start":{"line":51,"column":4},"end":{"line":51,"column":16}},"23":{"start":{"line":49,"column":13},"end":{"line":49,"column":30}},"24":{"start":{"line":54,"column":34},"end":{"line":59,"column":1}},"25":{"start":{"line":55,"column":17},"end":{"line":57,"column":6}},"26":{"start":{"line":58,"column":4},"end":{"line":58,"column":16}},"27":{"start":{"line":54,"column":13},"end":{"line":54,"column":34}},"28":{"start":{"line":61,"column":33},"end":{"line":71,"column":1}},"29":{"start":{"line":62,"column":24},"end":{"line":65,"column":20}},"30":{"start":{"line":67,"column":4},"end":{"line":69,"column":5}},"31":{"start":{"line":68,"column":8},"end":{"line":68,"column":20}},"32":{"start":{"line":70,"column":4},"end":{"line":70,"column":39}},"33":{"start":{"line":61,"column":13},"end":{"line":61,"column":33}},"34":{"start":{"line":74,"column":33},"end":{"line":83,"column":1}},"35":{"start":{"line":75,"column":24},"end":{"line":77,"column":20}},"36":{"start":{"line":79,"column":4},"end":{"line":81,"column":5}},"37":{"start":{"line":80,"column":8},"end":{"line":80,"column":20}},"38":{"start":{"line":82,"column":4},"end":{"line":82,"column":39}},"39":{"start":{"line":74,"column":13},"end":{"line":74,"column":33}},"40":{"start":{"line":85,"column":46},"end":{"line":100,"column":1}},"41":{"start":{"line":86,"column":2},"end":{"line":99,"column":5}},"42":{"start":{"line":85,"column":13},"end":{"line":85,"column":46}},"43":{"start":{"line":102,"column":57},"end":{"line":127,"column":1}},"44":{"start":{"line":103,"column":2},"end":{"line":126,"column":5}},"45":{"start":{"line":102,"column":13},"end":{"line":102,"column":57}},"46":{"start":{"line":130,"column":47},"end":{"line":142,"column":1}},"47":{"start":{"line":131,"column":2},"end":{"line":141,"column":5}},"48":{"start":{"line":130,"column":13},"end":{"line":130,"column":47}},"49":{"start":{"line":144,"column":44},"end":{"line":158,"column":1}},"50":{"start":{"line":145,"column":2},"end":{"line":157,"column":5}},"51":{"start":{"line":144,"column":13},"end":{"line":144,"column":44}},"52":{"start":{"line":161,"column":56},"end":{"line":184,"column":1}},"53":{"start":{"line":162,"column":2},"end":{"line":183,"column":5}},"54":{"start":{"line":161,"column":13},"end":{"line":161,"column":56}}},"fnMap":{"0":{"name":"(anonymous_1)","decl":{"start":{"line":5,"column":33},"end":{"line":5,"column":38}},"loc":{"start":{"line":5,"column":54},"end":{"line":8,"column":1}}},"1":{"name":"(anonymous_2)","decl":{"start":{"line":9,"column":37},"end":{"line":9,"column":42}},"loc":{"start":{"line":9,"column":61},"end":{"line":14,"column":1}}},"2":{"name":"(anonymous_3)","decl":{"start":{"line":15,"column":33},"end":{"line":15,"column":38}},"loc":{"start":{"line":15,"column":57},"end":{"line":19,"column":1}}},"3":{"name":"(anonymous_4)","decl":{"start":{"line":20,"column":45},"end":{"line":20,"column":50}},"loc":{"start":{"line":24,"column":4},"end":{"line":31,"column":1}}},"4":{"name":"(anonymous_5)","decl":{"start":{"line":32,"column":32},"end":{"line":32,"column":37}},"loc":{"start":{"line":32,"column":53},"end":{"line":47,"column":1}}},"5":{"name":"(anonymous_6)","decl":{"start":{"line":49,"column":30},"end":{"line":49,"column":35}},"loc":{"start":{"line":49,"column":39},"end":{"line":52,"column":1}}},"6":{"name":"(anonymous_7)","decl":{"start":{"line":54,"column":34},"end":{"line":54,"column":39}},"loc":{"start":{"line":54,"column":55},"end":{"line":59,"column":1}}},"7":{"name":"(anonymous_8)","decl":{"start":{"line":61,"column":33},"end":{"line":61,"column":38}},"loc":{"start":{"line":61,"column":68},"end":{"line":71,"column":1}}},"8":{"name":"(anonymous_9)","decl":{"start":{"line":74,"column":33},"end":{"line":74,"column":38}},"loc":{"start":{"line":74,"column":54},"end":{"line":83,"column":1}}},"9":{"name":"(anonymous_10)","decl":{"start":{"line":85,"column":46},"end":{"line":85,"column":51}},"loc":{"start":{"line":85,"column":67},"end":{"line":100,"column":1}}},"10":{"name":"(anonymous_11)","decl":{"start":{"line":102,"column":57},"end":{"line":102,"column":62}},"loc":{"start":{"line":102,"column":78},"end":{"line":127,"column":1}}},"11":{"name":"(anonymous_12)","decl":{"start":{"line":130,"column":47},"end":{"line":130,"column":52}},"loc":{"start":{"line":130,"column":68},"end":{"line":142,"column":1}}},"12":{"name":"(anonymous_13)","decl":{"start":{"line":144,"column":44},"end":{"line":144,"column":49}},"loc":{"start":{"line":144,"column":65},"end":{"line":158,"column":1}}},"13":{"name":"(anonymous_14)","decl":{"start":{"line":161,"column":56},"end":{"line":161,"column":61}},"loc":{"start":{"line":161,"column":77},"end":{"line":184,"column":1}}}},"branchMap":{"0":{"loc":{"start":{"line":67,"column":4},"end":{"line":69,"column":5}},"type":"if","locations":[{"start":{"line":67,"column":4},"end":{"line":69,"column":5}},{"start":{},"end":{}}]},"1":{"loc":{"start":{"line":79,"column":4},"end":{"line":81,"column":5}},"type":"if","locations":[{"start":{"line":79,"column":4},"end":{"line":81,"column":5}},{"start":{},"end":{}}]}},"s":{"0":1,"1":1,"2":1,"3":1,"4":1,"5":1,"6":1,"7":1,"8":1,"9":1,"10":1,"11":1,"12":1,"13":1,"14":1,"15":1,"16":1,"17":1,"18":1,"19":1,"20":1,"21":1,"22":1,"23":1,"24":1,"25":1,"26":1,"27":1,"28":1,"29":2,"30":2,"31":1,"32":1,"33":1,"34":1,"35":2,"36":2,"37":1,"38":1,"39":1,"40":1,"41":1,"42":1,"43":1,"44":1,"45":1,"46":1,"47":1,"48":1,"49":1,"50":1,"51":1,"52":1,"53":1,"54":1},"f":{"0":1,"1":1,"2":1,"3":1,"4":1,"5":1,"6":1,"7":2,"8":2,"9":1,"10":1,"11":1,"12":1,"13":1},"b":{"0":[1,1],"1":[1,1]}}
}
