{"/home/charles/Documents/Teach2Give/HospitalAPI/src/index.ts": {"path":"/home/charles/Documents/Teach2Give/HospitalAPI/src/index.ts","statementMap":{"0":{"start":{"line":2,"column":0},"end":{"line":2,"column":30}},"1":{"start":{"line":3,"column":0},"end":{"line":3,"column":44}},"2":{"start":{"line":4,"column":0},"end":{"line":4,"column":59}},"3":{"start":{"line":5,"column":0},"end":{"line":5,"column":47}},"4":{"start":{"line":6,"column":0},"end":{"line":6,"column":62}},"5":{"start":{"line":7,"column":0},"end":{"line":7,"column":53}},"6":{"start":{"line":8,"column":0},"end":{"line":8,"column":38}},"7":{"start":{"line":11,"column":22},"end":{"line":30,"column":1}},"8":{"start":{"line":12,"column":12},"end":{"line":12,"column":21}},"9":{"start":{"line":15,"column":0},"end":{"line":15,"column":24}},"10":{"start":{"line":18,"column":0},"end":{"line":18,"column":10}},"11":{"start":{"line":19,"column":0},"end":{"line":19,"column":12}},"12":{"start":{"line":20,"column":0},"end":{"line":20,"column":17}},"13":{"start":{"line":21,"column":0},"end":{"line":21,"column":13}},"14":{"start":{"line":22,"column":0},"end":{"line":22,"column":18}},"15":{"start":{"line":23,"column":0},"end":{"line":23,"column":15}},"16":{"start":{"line":24,"column":0},"end":{"line":27,"column":null}},"17":{"start":{"line":25,"column":4},"end":{"line":25,"column":44}},"18":{"start":{"line":28,"column":0},"end":{"line":28,"column":null}},"19":{"start":{"line":31,"column":12},"end":{"line":31,"column":27}},"20":{"start":{"line":32,"column":0},"end":{"line":32,"column":null}}},"fnMap":{"0":{"name":"(anonymous_1)","decl":{"start":{"line":11,"column":22},"end":{"line":11,"column":24}},"loc":{"start":{"line":11,"column":26},"end":{"line":30,"column":1}}},"1":{"name":"(anonymous_2)","decl":{"start":{"line":24,"column":13},"end":{"line":24,"column":14}},"loc":{"start":{"line":24,"column":26},"end":{"line":26,"column":1}}}},"branchMap":{},"s":{"0":8,"1":8,"2":8,"3":8,"4":8,"5":8,"6":8,"7":8,"8":8,"9":8,"10":8,"11":8,"12":8,"13":8,"14":8,"15":8,"16":8,"17":0,"18":8,"19":8,"20":8},"f":{"0":8,"1":0},"b":{}}
,"/home/charles/Documents/Teach2Give/HospitalAPI/src/Drizzle/db.ts": {"path":"/home/charles/Documents/Teach2Give/HospitalAPI/src/Drizzle/db.ts","statementMap":{"0":{"start":{"line":1,"column":2},"end":{"line":1,"column":24}},"1":{"start":{"line":3,"column":2},"end":{"line":3,"column":53}},"2":{"start":{"line":4,"column":2},"end":{"line":4,"column":29}},"3":{"start":{"line":5,"column":2},"end":{"line":5,"column":36}},"4":{"start":{"line":7,"column":15},"end":{"line":9,"column":null}},"5":{"start":{"line":11,"column":15},"end":{"line":13,"column":3}},"6":{"start":{"line":12,"column":6},"end":{"line":12,"column":null}},"7":{"start":{"line":14,"column":2},"end":{"line":18,"column":null}},"8":{"start":{"line":15,"column":6},"end":{"line":15,"column":null}},"9":{"start":{"line":17,"column":6},"end":{"line":17,"column":null}},"10":{"start":{"line":21,"column":13},"end":{"line":21,"column":54}},"11":{"start":{"line":23,"column":2},"end":{"line":23,"column":null}}},"fnMap":{"0":{"name":"(anonymous_9)","decl":{"start":{"line":11,"column":15},"end":{"line":11,"column":20}},"loc":{"start":{"line":11,"column":26},"end":{"line":13,"column":3}}},"1":{"name":"(anonymous_10)","decl":{"start":{"line":14,"column":14},"end":{"line":14,"column":17}},"loc":{"start":{"line":14,"column":19},"end":{"line":16,"column":3}}},"2":{"name":"(anonymous_11)","decl":{"start":{"line":16,"column":11},"end":{"line":16,"column":12}},"loc":{"start":{"line":16,"column":21},"end":{"line":18,"column":3}}}},"branchMap":{},"s":{"0":8,"1":8,"2":8,"3":8,"4":8,"5":8,"6":8,"7":8,"8":8,"9":0,"10":8,"11":8},"f":{"0":8,"1":8,"2":0},"b":{}}
,"/home/charles/Documents/Teach2Give/HospitalAPI/src/appointment/appointment.controller.ts": {"path":"/home/charles/Documents/Teach2Give/HospitalAPI/src/appointment/appointment.controller.ts","statementMap":{"0":{"start":{"line":2,"column":0},"end":{"line":2,"column":null}},"1":{"start":{"line":17,"column":43},"end":{"line":36,"column":1}},"2":{"start":{"line":18,"column":2},"end":{"line":35,"column":3}},"3":{"start":{"line":19,"column":24},"end":{"line":19,"column":32}},"4":{"start":{"line":21,"column":4},"end":{"line":25,"column":5}},"5":{"start":{"line":22,"column":6},"end":{"line":24,"column":9}},"6":{"start":{"line":27,"column":20},"end":{"line":27,"column":63}},"7":{"start":{"line":28,"column":4},"end":{"line":30,"column":5}},"8":{"start":{"line":29,"column":6},"end":{"line":29,"column":74}},"9":{"start":{"line":32,"column":4},"end":{"line":32,"column":54}},"10":{"start":{"line":34,"column":4},"end":{"line":34,"column":60}},"11":{"start":{"line":17,"column":13},"end":{"line":17,"column":43}},"12":{"start":{"line":39,"column":41},"end":{"line":51,"column":1}},"13":{"start":{"line":40,"column":2},"end":{"line":50,"column":3}},"14":{"start":{"line":41,"column":25},"end":{"line":41,"column":55}},"15":{"start":{"line":43,"column":4},"end":{"line":45,"column":5}},"16":{"start":{"line":44,"column":6},"end":{"line":44,"column":72}},"17":{"start":{"line":47,"column":4},"end":{"line":47,"column":98}},"18":{"start":{"line":49,"column":4},"end":{"line":49,"column":60}},"19":{"start":{"line":39,"column":13},"end":{"line":39,"column":41}},"20":{"start":{"line":54,"column":44},"end":{"line":71,"column":1}},"21":{"start":{"line":55,"column":2},"end":{"line":70,"column":3}},"22":{"start":{"line":56,"column":15},"end":{"line":56,"column":38}},"23":{"start":{"line":58,"column":4},"end":{"line":60,"column":5}},"24":{"start":{"line":59,"column":6},"end":{"line":59,"column":73}},"25":{"start":{"line":62,"column":24},"end":{"line":62,"column":59}},"26":{"start":{"line":63,"column":4},"end":{"line":65,"column":5}},"27":{"start":{"line":64,"column":6},"end":{"line":64,"column":72}},"28":{"start":{"line":67,"column":4},"end":{"line":67,"column":96}},"29":{"start":{"line":69,"column":4},"end":{"line":69,"column":60}},"30":{"start":{"line":54,"column":13},"end":{"line":54,"column":44}},"31":{"start":{"line":74,"column":49},"end":{"line":91,"column":1}},"32":{"start":{"line":75,"column":2},"end":{"line":90,"column":3}},"33":{"start":{"line":76,"column":19},"end":{"line":76,"column":46}},"34":{"start":{"line":78,"column":4},"end":{"line":80,"column":5}},"35":{"start":{"line":79,"column":6},"end":{"line":79,"column":66}},"36":{"start":{"line":82,"column":25},"end":{"line":82,"column":69}},"37":{"start":{"line":83,"column":4},"end":{"line":85,"column":5}},"38":{"start":{"line":84,"column":6},"end":{"line":84,"column":86}},"39":{"start":{"line":87,"column":4},"end":{"line":87,"column":98}},"40":{"start":{"line":89,"column":4},"end":{"line":89,"column":60}},"41":{"start":{"line":74,"column":13},"end":{"line":74,"column":49}},"42":{"start":{"line":94,"column":51},"end":{"line":111,"column":1}},"43":{"start":{"line":95,"column":2},"end":{"line":110,"column":3}},"44":{"start":{"line":96,"column":21},"end":{"line":96,"column":50}},"45":{"start":{"line":98,"column":4},"end":{"line":100,"column":5}},"46":{"start":{"line":99,"column":6},"end":{"line":99,"column":68}},"47":{"start":{"line":102,"column":25},"end":{"line":102,"column":73}},"48":{"start":{"line":103,"column":4},"end":{"line":105,"column":5}},"49":{"start":{"line":104,"column":6},"end":{"line":104,"column":88}},"50":{"start":{"line":107,"column":4},"end":{"line":107,"column":98}},"51":{"start":{"line":109,"column":4},"end":{"line":109,"column":60}},"52":{"start":{"line":94,"column":13},"end":{"line":94,"column":51}},"53":{"start":{"line":114,"column":43},"end":{"line":141,"column":1}},"54":{"start":{"line":115,"column":2},"end":{"line":140,"column":3}},"55":{"start":{"line":116,"column":15},"end":{"line":116,"column":38}},"56":{"start":{"line":118,"column":4},"end":{"line":120,"column":5}},"57":{"start":{"line":119,"column":6},"end":{"line":119,"column":73}},"58":{"start":{"line":122,"column":24},"end":{"line":122,"column":32}},"59":{"start":{"line":123,"column":6},"end":{"line":125,"column":5}},"60":{"start":{"line":124,"column":6},"end":{"line":124,"column":91}},"61":{"start":{"line":127,"column":21},"end":{"line":127,"column":56}},"62":{"start":{"line":128,"column":4},"end":{"line":130,"column":5}},"63":{"start":{"line":129,"column":6},"end":{"line":129,"column":72}},"64":{"start":{"line":132,"column":20},"end":{"line":132,"column":67}},"65":{"start":{"line":133,"column":4},"end":{"line":135,"column":5}},"66":{"start":{"line":134,"column":6},"end":{"line":134,"column":74}},"67":{"start":{"line":137,"column":4},"end":{"line":137,"column":54}},"68":{"start":{"line":139,"column":4},"end":{"line":139,"column":60}},"69":{"start":{"line":114,"column":13},"end":{"line":114,"column":43}},"70":{"start":{"line":144,"column":43},"end":{"line":166,"column":1}},"71":{"start":{"line":145,"column":2},"end":{"line":165,"column":3}},"72":{"start":{"line":146,"column":15},"end":{"line":146,"column":38}},"73":{"start":{"line":148,"column":4},"end":{"line":150,"column":5}},"74":{"start":{"line":149,"column":6},"end":{"line":149,"column":73}},"75":{"start":{"line":152,"column":21},"end":{"line":152,"column":56}},"76":{"start":{"line":153,"column":4},"end":{"line":155,"column":5}},"77":{"start":{"line":154,"column":6},"end":{"line":154,"column":72}},"78":{"start":{"line":157,"column":20},"end":{"line":157,"column":54}},"79":{"start":{"line":158,"column":4},"end":{"line":160,"column":5}},"80":{"start":{"line":159,"column":6},"end":{"line":159,"column":74}},"81":{"start":{"line":162,"column":4},"end":{"line":162,"column":54}},"82":{"start":{"line":164,"column":4},"end":{"line":164,"column":60}},"83":{"start":{"line":144,"column":13},"end":{"line":144,"column":43}},"84":{"start":{"line":169,"column":50},"end":{"line":180,"column":1}},"85":{"start":{"line":170,"column":2},"end":{"line":179,"column":3}},"86":{"start":{"line":171,"column":15},"end":{"line":171,"column":38}},"87":{"start":{"line":172,"column":24},"end":{"line":172,"column":65}},"88":{"start":{"line":173,"column":4},"end":{"line":175,"column":5}},"89":{"start":{"line":174,"column":6},"end":{"line":174,"column":72}},"90":{"start":{"line":176,"column":4},"end":{"line":176,"column":95}},"91":{"start":{"line":178,"column":4},"end":{"line":178,"column":60}},"92":{"start":{"line":169,"column":13},"end":{"line":169,"column":50}},"93":{"start":{"line":183,"column":48},"end":{"line":194,"column":1}},"94":{"start":{"line":184,"column":2},"end":{"line":193,"column":3}},"95":{"start":{"line":185,"column":15},"end":{"line":185,"column":38}},"96":{"start":{"line":186,"column":24},"end":{"line":186,"column":63}},"97":{"start":{"line":187,"column":4},"end":{"line":189,"column":5}},"98":{"start":{"line":188,"column":6},"end":{"line":188,"column":72}},"99":{"start":{"line":190,"column":4},"end":{"line":190,"column":93}},"100":{"start":{"line":192,"column":4},"end":{"line":192,"column":60}},"101":{"start":{"line":183,"column":13},"end":{"line":183,"column":48}},"102":{"start":{"line":197,"column":58},"end":{"line":204,"column":1}},"103":{"start":{"line":198,"column":2},"end":{"line":203,"column":3}},"104":{"start":{"line":199,"column":25},"end":{"line":199,"column":72}},"105":{"start":{"line":200,"column":4},"end":{"line":200,"column":106}},"106":{"start":{"line":202,"column":4},"end":{"line":202,"column":60}},"107":{"start":{"line":197,"column":13},"end":{"line":197,"column":58}},"108":{"start":{"line":206,"column":51},"end":{"line":229,"column":1}},"109":{"start":{"line":207,"column":2},"end":{"line":228,"column":3}},"110":{"start":{"line":208,"column":15},"end":{"line":208,"column":38}},"111":{"start":{"line":209,"column":4},"end":{"line":211,"column":5}},"112":{"start":{"line":210,"column":6},"end":{"line":210,"column":73}},"113":{"start":{"line":213,"column":24},"end":{"line":213,"column":66}},"114":{"start":{"line":215,"column":4},"end":{"line":217,"column":5}},"115":{"start":{"line":216,"column":6},"end":{"line":216,"column":72}},"116":{"start":{"line":218,"column":5},"end":{"line":220,"column":5}},"117":{"start":{"line":219,"column":6},"end":{"line":219,"column":88}},"118":{"start":{"line":222,"column":4},"end":{"line":225,"column":7}},"119":{"start":{"line":227,"column":4},"end":{"line":227,"column":92}},"120":{"start":{"line":206,"column":13},"end":{"line":206,"column":51}}},"fnMap":{"0":{"name":"(anonymous_0)","decl":{"start":{"line":17,"column":43},"end":{"line":17,"column":48}},"loc":{"start":{"line":17,"column":81},"end":{"line":36,"column":1}}},"1":{"name":"(anonymous_1)","decl":{"start":{"line":39,"column":41},"end":{"line":39,"column":46}},"loc":{"start":{"line":39,"column":80},"end":{"line":51,"column":1}}},"2":{"name":"(anonymous_2)","decl":{"start":{"line":54,"column":44},"end":{"line":54,"column":49}},"loc":{"start":{"line":54,"column":82},"end":{"line":71,"column":1}}},"3":{"name":"(anonymous_3)","decl":{"start":{"line":74,"column":49},"end":{"line":74,"column":54}},"loc":{"start":{"line":74,"column":87},"end":{"line":91,"column":1}}},"4":{"name":"(anonymous_4)","decl":{"start":{"line":94,"column":51},"end":{"line":94,"column":56}},"loc":{"start":{"line":94,"column":89},"end":{"line":111,"column":1}}},"5":{"name":"(anonymous_5)","decl":{"start":{"line":114,"column":43},"end":{"line":114,"column":48}},"loc":{"start":{"line":114,"column":81},"end":{"line":141,"column":1}}},"6":{"name":"(anonymous_6)","decl":{"start":{"line":144,"column":43},"end":{"line":144,"column":48}},"loc":{"start":{"line":144,"column":81},"end":{"line":166,"column":1}}},"7":{"name":"(anonymous_7)","decl":{"start":{"line":169,"column":50},"end":{"line":169,"column":55}},"loc":{"start":{"line":169,"column":88},"end":{"line":180,"column":1}}},"8":{"name":"(anonymous_8)","decl":{"start":{"line":183,"column":48},"end":{"line":183,"column":53}},"loc":{"start":{"line":183,"column":86},"end":{"line":194,"column":1}}},"9":{"name":"(anonymous_9)","decl":{"start":{"line":197,"column":58},"end":{"line":197,"column":63}},"loc":{"start":{"line":197,"column":97},"end":{"line":204,"column":1}}},"10":{"name":"(anonymous_10)","decl":{"start":{"line":206,"column":51},"end":{"line":206,"column":56}},"loc":{"start":{"line":206,"column":89},"end":{"line":229,"column":1}}}},"branchMap":{"0":{"loc":{"start":{"line":21,"column":4},"end":{"line":25,"column":5}},"type":"if","locations":[{"start":{"line":21,"column":4},"end":{"line":25,"column":5}},{"start":{},"end":{}}]},"1":{"loc":{"start":{"line":21,"column":8},"end":{"line":21,"column":109}},"type":"binary-expr","locations":[{"start":{"line":21,"column":8},"end":{"line":21,"column":27}},{"start":{"line":21,"column":31},"end":{"line":21,"column":52}},{"start":{"line":21,"column":56},"end":{"line":21,"column":84}},{"start":{"line":21,"column":88},"end":{"line":21,"column":109}}]},"2":{"loc":{"start":{"line":28,"column":4},"end":{"line":30,"column":5}},"type":"if","locations":[{"start":{"line":28,"column":4},"end":{"line":30,"column":5}},{"start":{},"end":{}}]},"3":{"loc":{"start":{"line":43,"column":4},"end":{"line":45,"column":5}},"type":"if","locations":[{"start":{"line":43,"column":4},"end":{"line":45,"column":5}},{"start":{},"end":{}}]},"4":{"loc":{"start":{"line":43,"column":8},"end":{"line":43,"column":50}},"type":"binary-expr","locations":[{"start":{"line":43,"column":8},"end":{"line":43,"column":21}},{"start":{"line":43,"column":25},"end":{"line":43,"column":50}}]},"5":{"loc":{"start":{"line":58,"column":4},"end":{"line":60,"column":5}},"type":"if","locations":[{"start":{"line":58,"column":4},"end":{"line":60,"column":5}},{"start":{},"end":{}}]},"6":{"loc":{"start":{"line":63,"column":4},"end":{"line":65,"column":5}},"type":"if","locations":[{"start":{"line":63,"column":4},"end":{"line":65,"column":5}},{"start":{},"end":{}}]},"7":{"loc":{"start":{"line":78,"column":4},"end":{"line":80,"column":5}},"type":"if","locations":[{"start":{"line":78,"column":4},"end":{"line":80,"column":5}},{"start":{},"end":{}}]},"8":{"loc":{"start":{"line":83,"column":4},"end":{"line":85,"column":5}},"type":"if","locations":[{"start":{"line":83,"column":4},"end":{"line":85,"column":5}},{"start":{},"end":{}}]},"9":{"loc":{"start":{"line":83,"column":8},"end":{"line":83,"column":50}},"type":"binary-expr","locations":[{"start":{"line":83,"column":8},"end":{"line":83,"column":21}},{"start":{"line":83,"column":25},"end":{"line":83,"column":50}}]},"10":{"loc":{"start":{"line":98,"column":4},"end":{"line":100,"column":5}},"type":"if","locations":[{"start":{"line":98,"column":4},"end":{"line":100,"column":5}},{"start":{},"end":{}}]},"11":{"loc":{"start":{"line":103,"column":4},"end":{"line":105,"column":5}},"type":"if","locations":[{"start":{"line":103,"column":4},"end":{"line":105,"column":5}},{"start":{},"end":{}}]},"12":{"loc":{"start":{"line":103,"column":8},"end":{"line":103,"column":50}},"type":"binary-expr","locations":[{"start":{"line":103,"column":8},"end":{"line":103,"column":21}},{"start":{"line":103,"column":25},"end":{"line":103,"column":50}}]},"13":{"loc":{"start":{"line":118,"column":4},"end":{"line":120,"column":5}},"type":"if","locations":[{"start":{"line":118,"column":4},"end":{"line":120,"column":5}},{"start":{},"end":{}}]},"14":{"loc":{"start":{"line":123,"column":6},"end":{"line":125,"column":5}},"type":"if","locations":[{"start":{"line":123,"column":6},"end":{"line":125,"column":5}},{"start":{},"end":{}}]},"15":{"loc":{"start":{"line":123,"column":10},"end":{"line":123,"column":63}},"type":"binary-expr","locations":[{"start":{"line":123,"column":10},"end":{"line":123,"column":22}},{"start":{"line":123,"column":26},"end":{"line":123,"column":63}}]},"16":{"loc":{"start":{"line":128,"column":4},"end":{"line":130,"column":5}},"type":"if","locations":[{"start":{"line":128,"column":4},"end":{"line":130,"column":5}},{"start":{},"end":{}}]},"17":{"loc":{"start":{"line":133,"column":4},"end":{"line":135,"column":5}},"type":"if","locations":[{"start":{"line":133,"column":4},"end":{"line":135,"column":5}},{"start":{},"end":{}}]},"18":{"loc":{"start":{"line":148,"column":4},"end":{"line":150,"column":5}},"type":"if","locations":[{"start":{"line":148,"column":4},"end":{"line":150,"column":5}},{"start":{},"end":{}}]},"19":{"loc":{"start":{"line":153,"column":4},"end":{"line":155,"column":5}},"type":"if","locations":[{"start":{"line":153,"column":4},"end":{"line":155,"column":5}},{"start":{},"end":{}}]},"20":{"loc":{"start":{"line":158,"column":4},"end":{"line":160,"column":5}},"type":"if","locations":[{"start":{"line":158,"column":4},"end":{"line":160,"column":5}},{"start":{},"end":{}}]},"21":{"loc":{"start":{"line":173,"column":4},"end":{"line":175,"column":5}},"type":"if","locations":[{"start":{"line":173,"column":4},"end":{"line":175,"column":5}},{"start":{},"end":{}}]},"22":{"loc":{"start":{"line":187,"column":4},"end":{"line":189,"column":5}},"type":"if","locations":[{"start":{"line":187,"column":4},"end":{"line":189,"column":5}},{"start":{},"end":{}}]},"23":{"loc":{"start":{"line":209,"column":4},"end":{"line":211,"column":5}},"type":"if","locations":[{"start":{"line":209,"column":4},"end":{"line":211,"column":5}},{"start":{},"end":{}}]},"24":{"loc":{"start":{"line":215,"column":4},"end":{"line":217,"column":5}},"type":"if","locations":[{"start":{"line":215,"column":4},"end":{"line":217,"column":5}},{"start":{},"end":{}}]},"25":{"loc":{"start":{"line":218,"column":5},"end":{"line":220,"column":5}},"type":"if","locations":[{"start":{"line":218,"column":5},"end":{"line":220,"column":5}},{"start":{},"end":{}}]}},"s":{"0":8,"1":8,"2":2,"3":2,"4":2,"5":1,"6":1,"7":1,"8":0,"9":1,"10":0,"11":8,"12":8,"13":0,"14":0,"15":0,"16":0,"17":0,"18":0,"19":8,"20":8,"21":3,"22":3,"23":3,"24":1,"25":2,"26":2,"27":2,"28":0,"29":0,"30":8,"31":8,"32":2,"33":2,"34":2,"35":1,"36":1,"37":1,"38":0,"39":1,"40":0,"41":8,"42":8,"43":2,"44":2,"45":2,"46":0,"47":2,"48":2,"49":1,"50":1,"51":0,"52":8,"53":8,"54":3,"55":3,"56":3,"57":0,"58":3,"59":3,"60":1,"61":2,"62":2,"63":1,"64":1,"65":1,"66":0,"67":1,"68":0,"69":8,"70":8,"71":3,"72":3,"73":3,"74":1,"75":2,"76":2,"77":1,"78":1,"79":1,"80":0,"81":1,"82":0,"83":8,"84":8,"85":2,"86":2,"87":2,"88":2,"89":1,"90":1,"91":0,"92":8,"93":8,"94":1,"95":1,"96":1,"97":1,"98":0,"99":1,"100":0,"101":8,"102":8,"103":1,"104":1,"105":1,"106":0,"107":8,"108":8,"109":2,"110":2,"111":2,"112":1,"113":1,"114":1,"115":0,"116":1,"117":1,"118":0,"119":0,"120":8},"f":{"0":2,"1":0,"2":3,"3":2,"4":2,"5":3,"6":3,"7":2,"8":1,"9":1,"10":2},"b":{"0":[1,1],"1":[2,1,1,1],"2":[0,1],"3":[0,0],"4":[0,0],"5":[1,2],"6":[2,0],"7":[1,1],"8":[0,1],"9":[1,1],"10":[0,2],"11":[1,1],"12":[2,2],"13":[0,3],"14":[1,2],"15":[3,3],"16":[1,1],"17":[0,1],"18":[1,2],"19":[1,1],"20":[0,1],"21":[1,1],"22":[0,1],"23":[1,1],"24":[0,1],"25":[1,0]}}
,"/home/charles/Documents/Teach2Give/HospitalAPI/src/appointment/appointment.router.ts": {"path":"/home/charles/Documents/Teach2Give/HospitalAPI/src/appointment/appointment.router.ts","statementMap":{"0":{"start":{"line":2,"column":0},"end":{"line":2,"column":null}},"1":{"start":{"line":16,"column":20},"end":{"line":109,"column":1}},"2":{"start":{"line":17,"column":2},"end":{"line":23,"column":5}},"3":{"start":{"line":18,"column":4},"end":{"line":22,"column":5}},"4":{"start":{"line":19,"column":6},"end":{"line":19,"column":50}},"5":{"start":{"line":21,"column":6},"end":{"line":21,"column":18}},"6":{"start":{"line":25,"column":2},"end":{"line":31,"column":5}},"7":{"start":{"line":26,"column":4},"end":{"line":30,"column":5}},"8":{"start":{"line":27,"column":6},"end":{"line":27,"column":48}},"9":{"start":{"line":29,"column":6},"end":{"line":29,"column":18}},"10":{"start":{"line":33,"column":2},"end":{"line":39,"column":5}},"11":{"start":{"line":34,"column":4},"end":{"line":38,"column":5}},"12":{"start":{"line":35,"column":6},"end":{"line":35,"column":51}},"13":{"start":{"line":37,"column":6},"end":{"line":37,"column":18}},"14":{"start":{"line":41,"column":2},"end":{"line":47,"column":5}},"15":{"start":{"line":42,"column":4},"end":{"line":46,"column":5}},"16":{"start":{"line":43,"column":6},"end":{"line":43,"column":56}},"17":{"start":{"line":45,"column":6},"end":{"line":45,"column":18}},"18":{"start":{"line":49,"column":2},"end":{"line":55,"column":5}},"19":{"start":{"line":50,"column":4},"end":{"line":54,"column":5}},"20":{"start":{"line":51,"column":6},"end":{"line":51,"column":58}},"21":{"start":{"line":53,"column":6},"end":{"line":53,"column":18}},"22":{"start":{"line":57,"column":2},"end":{"line":63,"column":5}},"23":{"start":{"line":58,"column":4},"end":{"line":62,"column":5}},"24":{"start":{"line":59,"column":6},"end":{"line":59,"column":50}},"25":{"start":{"line":61,"column":6},"end":{"line":61,"column":18}},"26":{"start":{"line":65,"column":2},"end":{"line":71,"column":5}},"27":{"start":{"line":66,"column":4},"end":{"line":70,"column":5}},"28":{"start":{"line":67,"column":6},"end":{"line":67,"column":50}},"29":{"start":{"line":69,"column":6},"end":{"line":69,"column":18}},"30":{"start":{"line":74,"column":2},"end":{"line":80,"column":5}},"31":{"start":{"line":75,"column":4},"end":{"line":79,"column":5}},"32":{"start":{"line":76,"column":6},"end":{"line":76,"column":57}},"33":{"start":{"line":78,"column":6},"end":{"line":78,"column":18}},"34":{"start":{"line":83,"column":2},"end":{"line":89,"column":5}},"35":{"start":{"line":84,"column":4},"end":{"line":88,"column":5}},"36":{"start":{"line":85,"column":6},"end":{"line":85,"column":55}},"37":{"start":{"line":87,"column":6},"end":{"line":87,"column":18}},"38":{"start":{"line":92,"column":2},"end":{"line":98,"column":5}},"39":{"start":{"line":93,"column":4},"end":{"line":97,"column":5}},"40":{"start":{"line":94,"column":6},"end":{"line":94,"column":65}},"41":{"start":{"line":96,"column":6},"end":{"line":96,"column":18}},"42":{"start":{"line":101,"column":2},"end":{"line":107,"column":3}},"43":{"start":{"line":102,"column":2},"end":{"line":106,"column":3}},"44":{"start":{"line":103,"column":4},"end":{"line":103,"column":56}},"45":{"start":{"line":105,"column":4},"end":{"line":105,"column":16}},"46":{"start":{"line":111,"column":0},"end":{"line":111,"column":27}}},"fnMap":{"0":{"name":"(anonymous_0)","decl":{"start":{"line":16,"column":20},"end":{"line":16,"column":21}},"loc":{"start":{"line":16,"column":37},"end":{"line":109,"column":1}}},"1":{"name":"(anonymous_1)","decl":{"start":{"line":17,"column":33},"end":{"line":17,"column":38}},"loc":{"start":{"line":17,"column":58},"end":{"line":23,"column":3}}},"2":{"name":"(anonymous_2)","decl":{"start":{"line":25,"column":32},"end":{"line":25,"column":37}},"loc":{"start":{"line":25,"column":57},"end":{"line":31,"column":3}}},"3":{"name":"(anonymous_3)","decl":{"start":{"line":33,"column":36},"end":{"line":33,"column":41}},"loc":{"start":{"line":33,"column":61},"end":{"line":39,"column":3}}},"4":{"name":"(anonymous_4)","decl":{"start":{"line":41,"column":45},"end":{"line":41,"column":50}},"loc":{"start":{"line":41,"column":70},"end":{"line":47,"column":3}}},"5":{"name":"(anonymous_5)","decl":{"start":{"line":49,"column":49},"end":{"line":49,"column":54}},"loc":{"start":{"line":49,"column":74},"end":{"line":55,"column":3}}},"6":{"name":"(anonymous_6)","decl":{"start":{"line":57,"column":36},"end":{"line":57,"column":41}},"loc":{"start":{"line":57,"column":61},"end":{"line":63,"column":3}}},"7":{"name":"(anonymous_7)","decl":{"start":{"line":65,"column":39},"end":{"line":65,"column":44}},"loc":{"start":{"line":65,"column":64},"end":{"line":71,"column":3}}},"8":{"name":"(anonymous_8)","decl":{"start":{"line":74,"column":44},"end":{"line":74,"column":49}},"loc":{"start":{"line":74,"column":69},"end":{"line":80,"column":3}}},"9":{"name":"(anonymous_9)","decl":{"start":{"line":83,"column":42},"end":{"line":83,"column":47}},"loc":{"start":{"line":83,"column":67},"end":{"line":89,"column":3}}},"10":{"name":"(anonymous_10)","decl":{"start":{"line":92,"column":45},"end":{"line":92,"column":50}},"loc":{"start":{"line":92,"column":70},"end":{"line":98,"column":3}}},"11":{"name":"(anonymous_11)","decl":{"start":{"line":101,"column":45},"end":{"line":101,"column":50}},"loc":{"start":{"line":101,"column":70},"end":{"line":107,"column":1}}}},"branchMap":{},"s":{"0":8,"1":8,"2":8,"3":2,"4":2,"5":0,"6":8,"7":0,"8":0,"9":0,"10":8,"11":3,"12":3,"13":0,"14":8,"15":2,"16":2,"17":0,"18":8,"19":2,"20":2,"21":0,"22":8,"23":3,"24":3,"25":0,"26":8,"27":3,"28":3,"29":0,"30":8,"31":2,"32":2,"33":0,"34":8,"35":1,"36":1,"37":0,"38":8,"39":1,"40":1,"41":0,"42":8,"43":2,"44":2,"45":0,"46":8},"f":{"0":8,"1":2,"2":0,"3":3,"4":2,"5":2,"6":3,"7":3,"8":2,"9":1,"10":1,"11":2},"b":{}}
,"/home/charles/Documents/Teach2Give/HospitalAPI/src/appointment/appointment.service.ts": {"path":"/home/charles/Documents/Teach2Give/HospitalAPI/src/appointment/appointment.service.ts","statementMap":{"0":{"start":{"line":1,"column":0},"end":{"line":1,"column":38}},"1":{"start":{"line":2,"column":0},"end":{"line":2,"column":31}},"2":{"start":{"line":3,"column":0},"end":{"line":3,"column":69}},"3":{"start":{"line":6,"column":40},"end":{"line":9,"column":1}},"4":{"start":{"line":7,"column":2},"end":{"line":7,"column":57}},"5":{"start":{"line":8,"column":2},"end":{"line":8,"column":44}},"6":{"start":{"line":6,"column":13},"end":{"line":6,"column":40}},"7":{"start":{"line":12,"column":38},"end":{"line":15,"column":1}},"8":{"start":{"line":13,"column":23},"end":{"line":13,"column":66}},"9":{"start":{"line":14,"column":2},"end":{"line":14,"column":22}},"10":{"start":{"line":12,"column":13},"end":{"line":12,"column":38}},"11":{"start":{"line":18,"column":41},"end":{"line":23,"column":1}},"12":{"start":{"line":19,"column":22},"end":{"line":21,"column":4}},"13":{"start":{"line":22,"column":2},"end":{"line":22,"column":21}},"14":{"start":{"line":18,"column":13},"end":{"line":18,"column":41}},"15":{"start":{"line":26,"column":46},"end":{"line":30,"column":1}},"16":{"start":{"line":27,"column":2},"end":{"line":29,"column":5}},"17":{"start":{"line":26,"column":13},"end":{"line":26,"column":46}},"18":{"start":{"line":33,"column":48},"end":{"line":37,"column":1}},"19":{"start":{"line":34,"column":2},"end":{"line":36,"column":5}},"20":{"start":{"line":33,"column":13},"end":{"line":33,"column":48}},"21":{"start":{"line":40,"column":40},"end":{"line":51,"column":1}},"22":{"start":{"line":41,"column":29},"end":{"line":45,"column":16}},"23":{"start":{"line":47,"column":2},"end":{"line":49,"column":3}},"24":{"start":{"line":48,"column":4},"end":{"line":48,"column":16}},"25":{"start":{"line":50,"column":2},"end":{"line":50,"column":44}},"26":{"start":{"line":40,"column":13},"end":{"line":40,"column":40}},"27":{"start":{"line":54,"column":40},"end":{"line":64,"column":1}},"28":{"start":{"line":55,"column":29},"end":{"line":58,"column":16}},"29":{"start":{"line":60,"column":2},"end":{"line":62,"column":3}},"30":{"start":{"line":61,"column":4},"end":{"line":61,"column":16}},"31":{"start":{"line":63,"column":2},"end":{"line":63,"column":44}},"32":{"start":{"line":54,"column":13},"end":{"line":54,"column":40}},"33":{"start":{"line":67,"column":47},"end":{"line":82,"column":1}},"34":{"start":{"line":68,"column":2},"end":{"line":81,"column":5}},"35":{"start":{"line":67,"column":13},"end":{"line":67,"column":47}},"36":{"start":{"line":85,"column":45},"end":{"line":101,"column":1}},"37":{"start":{"line":86,"column":2},"end":{"line":100,"column":5}},"38":{"start":{"line":85,"column":13},"end":{"line":85,"column":45}},"39":{"start":{"line":104,"column":55},"end":{"line":128,"column":1}},"40":{"start":{"line":105,"column":2},"end":{"line":127,"column":5}},"41":{"start":{"line":104,"column":13},"end":{"line":104,"column":55}},"42":{"start":{"line":131,"column":48},"end":{"line":148,"column":1}},"43":{"start":{"line":132,"column":2},"end":{"line":147,"column":5}},"44":{"start":{"line":131,"column":13},"end":{"line":131,"column":48}}},"fnMap":{"0":{"name":"(anonymous_1)","decl":{"start":{"line":6,"column":40},"end":{"line":6,"column":45}},"loc":{"start":{"line":6,"column":77},"end":{"line":9,"column":1}}},"1":{"name":"(anonymous_2)","decl":{"start":{"line":12,"column":38},"end":{"line":12,"column":43}},"loc":{"start":{"line":12,"column":49},"end":{"line":15,"column":1}}},"2":{"name":"(anonymous_3)","decl":{"start":{"line":18,"column":41},"end":{"line":18,"column":46}},"loc":{"start":{"line":18,"column":62},"end":{"line":23,"column":1}}},"3":{"name":"(anonymous_4)","decl":{"start":{"line":26,"column":46},"end":{"line":26,"column":51}},"loc":{"start":{"line":26,"column":71},"end":{"line":30,"column":1}}},"4":{"name":"(anonymous_5)","decl":{"start":{"line":33,"column":48},"end":{"line":33,"column":53}},"loc":{"start":{"line":33,"column":75},"end":{"line":37,"column":1}}},"5":{"name":"(anonymous_6)","decl":{"start":{"line":40,"column":40},"end":{"line":40,"column":45}},"loc":{"start":{"line":40,"column":89},"end":{"line":51,"column":1}}},"6":{"name":"(anonymous_7)","decl":{"start":{"line":54,"column":40},"end":{"line":54,"column":45}},"loc":{"start":{"line":54,"column":61},"end":{"line":64,"column":1}}},"7":{"name":"(anonymous_8)","decl":{"start":{"line":67,"column":47},"end":{"line":67,"column":52}},"loc":{"start":{"line":67,"column":68},"end":{"line":82,"column":1}}},"8":{"name":"(anonymous_9)","decl":{"start":{"line":85,"column":45},"end":{"line":85,"column":50}},"loc":{"start":{"line":85,"column":66},"end":{"line":101,"column":1}}},"9":{"name":"(anonymous_10)","decl":{"start":{"line":104,"column":55},"end":{"line":104,"column":60}},"loc":{"start":{"line":104,"column":66},"end":{"line":128,"column":1}}},"10":{"name":"(anonymous_11)","decl":{"start":{"line":131,"column":48},"end":{"line":131,"column":53}},"loc":{"start":{"line":131,"column":69},"end":{"line":148,"column":1}}}},"branchMap":{"0":{"loc":{"start":{"line":47,"column":2},"end":{"line":49,"column":3}},"type":"if","locations":[{"start":{"line":47,"column":2},"end":{"line":49,"column":3}},{"start":{},"end":{}}]},"1":{"loc":{"start":{"line":60,"column":2},"end":{"line":62,"column":3}},"type":"if","locations":[{"start":{"line":60,"column":2},"end":{"line":62,"column":3}},{"start":{},"end":{}}]}},"s":{"0":9,"1":9,"2":9,"3":9,"4":2,"5":2,"6":9,"7":9,"8":2,"9":2,"10":9,"11":9,"12":8,"13":8,"14":9,"15":9,"16":2,"17":9,"18":9,"19":3,"20":9,"21":9,"22":3,"23":3,"24":1,"25":2,"26":9,"27":9,"28":3,"29":3,"30":1,"31":2,"32":9,"33":9,"34":3,"35":9,"36":9,"37":2,"38":9,"39":9,"40":2,"41":9,"42":9,"43":2,"44":9},"f":{"0":2,"1":2,"2":8,"3":2,"4":3,"5":3,"6":3,"7":3,"8":2,"9":2,"10":2},"b":{"0":[1,2],"1":[1,2]}}
,"/home/charles/Documents/Teach2Give/HospitalAPI/src/complaint/complaint.controller.ts": {"path":"/home/charles/Documents/Teach2Give/HospitalAPI/src/complaint/complaint.controller.ts","statementMap":{"0":{"start":{"line":2,"column":0},"end":{"line":2,"column":null}},"1":{"start":{"line":13,"column":41},"end":{"line":32,"column":1}},"2":{"start":{"line":14,"column":2},"end":{"line":31,"column":3}},"3":{"start":{"line":15,"column":22},"end":{"line":15,"column":30}},"4":{"start":{"line":17,"column":4},"end":{"line":21,"column":5}},"5":{"start":{"line":18,"column":6},"end":{"line":20,"column":9}},"6":{"start":{"line":23,"column":20},"end":{"line":23,"column":59}},"7":{"start":{"line":24,"column":4},"end":{"line":26,"column":5}},"8":{"start":{"line":25,"column":6},"end":{"line":25,"column":72}},"9":{"start":{"line":28,"column":4},"end":{"line":28,"column":54}},"10":{"start":{"line":30,"column":4},"end":{"line":30,"column":60}},"11":{"start":{"line":13,"column":13},"end":{"line":13,"column":41}},"12":{"start":{"line":35,"column":39},"end":{"line":47,"column":1}},"13":{"start":{"line":36,"column":2},"end":{"line":46,"column":3}},"14":{"start":{"line":37,"column":23},"end":{"line":37,"column":51}},"15":{"start":{"line":39,"column":4},"end":{"line":41,"column":5}},"16":{"start":{"line":40,"column":6},"end":{"line":40,"column":70}},"17":{"start":{"line":43,"column":4},"end":{"line":43,"column":94}},"18":{"start":{"line":45,"column":4},"end":{"line":45,"column":60}},"19":{"start":{"line":35,"column":13},"end":{"line":35,"column":39}},"20":{"start":{"line":50,"column":42},"end":{"line":67,"column":1}},"21":{"start":{"line":51,"column":2},"end":{"line":66,"column":3}},"22":{"start":{"line":52,"column":15},"end":{"line":52,"column":38}},"23":{"start":{"line":54,"column":4},"end":{"line":56,"column":5}},"24":{"start":{"line":55,"column":6},"end":{"line":55,"column":71}},"25":{"start":{"line":58,"column":22},"end":{"line":58,"column":55}},"26":{"start":{"line":59,"column":4},"end":{"line":61,"column":5}},"27":{"start":{"line":60,"column":6},"end":{"line":60,"column":70}},"28":{"start":{"line":63,"column":4},"end":{"line":63,"column":92}},"29":{"start":{"line":65,"column":4},"end":{"line":65,"column":60}},"30":{"start":{"line":50,"column":13},"end":{"line":50,"column":42}},"31":{"start":{"line":70,"column":47},"end":{"line":87,"column":1}},"32":{"start":{"line":71,"column":2},"end":{"line":86,"column":3}},"33":{"start":{"line":72,"column":19},"end":{"line":72,"column":46}},"34":{"start":{"line":74,"column":4},"end":{"line":76,"column":5}},"35":{"start":{"line":75,"column":6},"end":{"line":75,"column":66}},"36":{"start":{"line":78,"column":23},"end":{"line":78,"column":65}},"37":{"start":{"line":79,"column":4},"end":{"line":81,"column":5}},"38":{"start":{"line":80,"column":6},"end":{"line":80,"column":84}},"39":{"start":{"line":83,"column":4},"end":{"line":83,"column":94}},"40":{"start":{"line":85,"column":4},"end":{"line":85,"column":60}},"41":{"start":{"line":70,"column":13},"end":{"line":70,"column":47}},"42":{"start":{"line":90,"column":54},"end":{"line":107,"column":1}},"43":{"start":{"line":91,"column":2},"end":{"line":106,"column":3}},"44":{"start":{"line":92,"column":26},"end":{"line":92,"column":60}},"45":{"start":{"line":94,"column":4},"end":{"line":96,"column":5}},"46":{"start":{"line":95,"column":6},"end":{"line":95,"column":73}},"47":{"start":{"line":98,"column":23},"end":{"line":98,"column":79}},"48":{"start":{"line":99,"column":4},"end":{"line":101,"column":5}},"49":{"start":{"line":100,"column":6},"end":{"line":100,"column":91}},"50":{"start":{"line":103,"column":4},"end":{"line":103,"column":94}},"51":{"start":{"line":105,"column":4},"end":{"line":105,"column":60}},"52":{"start":{"line":90,"column":13},"end":{"line":90,"column":54}},"53":{"start":{"line":110,"column":41},"end":{"line":137,"column":1}},"54":{"start":{"line":111,"column":2},"end":{"line":136,"column":3}},"55":{"start":{"line":112,"column":15},"end":{"line":112,"column":38}},"56":{"start":{"line":114,"column":4},"end":{"line":116,"column":5}},"57":{"start":{"line":115,"column":6},"end":{"line":115,"column":71}},"58":{"start":{"line":118,"column":22},"end":{"line":118,"column":30}},"59":{"start":{"line":119,"column":7},"end":{"line":121,"column":5}},"60":{"start":{"line":120,"column":6},"end":{"line":120,"column":74}},"61":{"start":{"line":123,"column":21},"end":{"line":123,"column":54}},"62":{"start":{"line":124,"column":4},"end":{"line":126,"column":5}},"63":{"start":{"line":125,"column":6},"end":{"line":125,"column":70}},"64":{"start":{"line":128,"column":20},"end":{"line":128,"column":63}},"65":{"start":{"line":129,"column":4},"end":{"line":131,"column":5}},"66":{"start":{"line":130,"column":6},"end":{"line":130,"column":72}},"67":{"start":{"line":133,"column":4},"end":{"line":133,"column":54}},"68":{"start":{"line":135,"column":4},"end":{"line":135,"column":60}},"69":{"start":{"line":110,"column":13},"end":{"line":110,"column":41}},"70":{"start":{"line":140,"column":41},"end":{"line":162,"column":1}},"71":{"start":{"line":141,"column":2},"end":{"line":161,"column":3}},"72":{"start":{"line":142,"column":15},"end":{"line":142,"column":38}},"73":{"start":{"line":144,"column":4},"end":{"line":146,"column":5}},"74":{"start":{"line":145,"column":6},"end":{"line":145,"column":71}},"75":{"start":{"line":148,"column":21},"end":{"line":148,"column":54}},"76":{"start":{"line":149,"column":4},"end":{"line":151,"column":5}},"77":{"start":{"line":150,"column":6},"end":{"line":150,"column":70}},"78":{"start":{"line":153,"column":20},"end":{"line":153,"column":52}},"79":{"start":{"line":154,"column":4},"end":{"line":156,"column":5}},"80":{"start":{"line":155,"column":6},"end":{"line":155,"column":72}},"81":{"start":{"line":158,"column":4},"end":{"line":158,"column":54}},"82":{"start":{"line":160,"column":4},"end":{"line":160,"column":60}},"83":{"start":{"line":140,"column":13},"end":{"line":140,"column":41}}},"fnMap":{"0":{"name":"(anonymous_0)","decl":{"start":{"line":13,"column":41},"end":{"line":13,"column":46}},"loc":{"start":{"line":13,"column":79},"end":{"line":32,"column":1}}},"1":{"name":"(anonymous_1)","decl":{"start":{"line":35,"column":39},"end":{"line":35,"column":44}},"loc":{"start":{"line":35,"column":78},"end":{"line":47,"column":1}}},"2":{"name":"(anonymous_2)","decl":{"start":{"line":50,"column":42},"end":{"line":50,"column":47}},"loc":{"start":{"line":50,"column":80},"end":{"line":67,"column":1}}},"3":{"name":"(anonymous_3)","decl":{"start":{"line":70,"column":47},"end":{"line":70,"column":52}},"loc":{"start":{"line":70,"column":85},"end":{"line":87,"column":1}}},"4":{"name":"(anonymous_4)","decl":{"start":{"line":90,"column":54},"end":{"line":90,"column":59}},"loc":{"start":{"line":90,"column":92},"end":{"line":107,"column":1}}},"5":{"name":"(anonymous_5)","decl":{"start":{"line":110,"column":41},"end":{"line":110,"column":46}},"loc":{"start":{"line":110,"column":79},"end":{"line":137,"column":1}}},"6":{"name":"(anonymous_6)","decl":{"start":{"line":140,"column":41},"end":{"line":140,"column":46}},"loc":{"start":{"line":140,"column":79},"end":{"line":162,"column":1}}}},"branchMap":{"0":{"loc":{"start":{"line":17,"column":4},"end":{"line":21,"column":5}},"type":"if","locations":[{"start":{"line":17,"column":4},"end":{"line":21,"column":5}},{"start":{},"end":{}}]},"1":{"loc":{"start":{"line":17,"column":8},"end":{"line":17,"column":47}},"type":"binary-expr","locations":[{"start":{"line":17,"column":8},"end":{"line":17,"column":25}},{"start":{"line":17,"column":29},"end":{"line":17,"column":47}}]},"2":{"loc":{"start":{"line":24,"column":4},"end":{"line":26,"column":5}},"type":"if","locations":[{"start":{"line":24,"column":4},"end":{"line":26,"column":5}},{"start":{},"end":{}}]},"3":{"loc":{"start":{"line":39,"column":4},"end":{"line":41,"column":5}},"type":"if","locations":[{"start":{"line":39,"column":4},"end":{"line":41,"column":5}},{"start":{},"end":{}}]},"4":{"loc":{"start":{"line":39,"column":8},"end":{"line":39,"column":46}},"type":"binary-expr","locations":[{"start":{"line":39,"column":8},"end":{"line":39,"column":19}},{"start":{"line":39,"column":23},"end":{"line":39,"column":46}}]},"5":{"loc":{"start":{"line":54,"column":4},"end":{"line":56,"column":5}},"type":"if","locations":[{"start":{"line":54,"column":4},"end":{"line":56,"column":5}},{"start":{},"end":{}}]},"6":{"loc":{"start":{"line":59,"column":4},"end":{"line":61,"column":5}},"type":"if","locations":[{"start":{"line":59,"column":4},"end":{"line":61,"column":5}},{"start":{},"end":{}}]},"7":{"loc":{"start":{"line":74,"column":4},"end":{"line":76,"column":5}},"type":"if","locations":[{"start":{"line":74,"column":4},"end":{"line":76,"column":5}},{"start":{},"end":{}}]},"8":{"loc":{"start":{"line":79,"column":4},"end":{"line":81,"column":5}},"type":"if","locations":[{"start":{"line":79,"column":4},"end":{"line":81,"column":5}},{"start":{},"end":{}}]},"9":{"loc":{"start":{"line":79,"column":8},"end":{"line":79,"column":46}},"type":"binary-expr","locations":[{"start":{"line":79,"column":8},"end":{"line":79,"column":19}},{"start":{"line":79,"column":23},"end":{"line":79,"column":46}}]},"10":{"loc":{"start":{"line":94,"column":4},"end":{"line":96,"column":5}},"type":"if","locations":[{"start":{"line":94,"column":4},"end":{"line":96,"column":5}},{"start":{},"end":{}}]},"11":{"loc":{"start":{"line":99,"column":4},"end":{"line":101,"column":5}},"type":"if","locations":[{"start":{"line":99,"column":4},"end":{"line":101,"column":5}},{"start":{},"end":{}}]},"12":{"loc":{"start":{"line":99,"column":8},"end":{"line":99,"column":46}},"type":"binary-expr","locations":[{"start":{"line":99,"column":8},"end":{"line":99,"column":19}},{"start":{"line":99,"column":23},"end":{"line":99,"column":46}}]},"13":{"loc":{"start":{"line":114,"column":4},"end":{"line":116,"column":5}},"type":"if","locations":[{"start":{"line":114,"column":4},"end":{"line":116,"column":5}},{"start":{},"end":{}}]},"14":{"loc":{"start":{"line":119,"column":7},"end":{"line":121,"column":5}},"type":"if","locations":[{"start":{"line":119,"column":7},"end":{"line":121,"column":5}},{"start":{},"end":{}}]},"15":{"loc":{"start":{"line":119,"column":11},"end":{"line":119,"column":60}},"type":"binary-expr","locations":[{"start":{"line":119,"column":11},"end":{"line":119,"column":21}},{"start":{"line":119,"column":25},"end":{"line":119,"column":60}}]},"16":{"loc":{"start":{"line":124,"column":4},"end":{"line":126,"column":5}},"type":"if","locations":[{"start":{"line":124,"column":4},"end":{"line":126,"column":5}},{"start":{},"end":{}}]},"17":{"loc":{"start":{"line":129,"column":4},"end":{"line":131,"column":5}},"type":"if","locations":[{"start":{"line":129,"column":4},"end":{"line":131,"column":5}},{"start":{},"end":{}}]},"18":{"loc":{"start":{"line":144,"column":4},"end":{"line":146,"column":5}},"type":"if","locations":[{"start":{"line":144,"column":4},"end":{"line":146,"column":5}},{"start":{},"end":{}}]},"19":{"loc":{"start":{"line":149,"column":4},"end":{"line":151,"column":5}},"type":"if","locations":[{"start":{"line":149,"column":4},"end":{"line":151,"column":5}},{"start":{},"end":{}}]},"20":{"loc":{"start":{"line":154,"column":4},"end":{"line":156,"column":5}},"type":"if","locations":[{"start":{"line":154,"column":4},"end":{"line":156,"column":5}},{"start":{},"end":{}}]}},"s":{"0":8,"1":8,"2":2,"3":2,"4":2,"5":1,"6":1,"7":0,"8":0,"9":0,"10":1,"11":8,"12":8,"13":1,"14":1,"15":1,"16":0,"17":1,"18":0,"19":8,"20":8,"21":2,"22":2,"23":2,"24":0,"25":2,"26":2,"27":1,"28":1,"29":0,"30":8,"31":8,"32":2,"33":2,"34":2,"35":1,"36":1,"37":1,"38":0,"39":1,"40":0,"41":8,"42":8,"43":1,"44":1,"45":1,"46":0,"47":1,"48":1,"49":1,"50":0,"51":0,"52":8,"53":8,"54":3,"55":3,"56":3,"57":0,"58":3,"59":3,"60":1,"61":2,"62":2,"63":1,"64":1,"65":1,"66":1,"67":0,"68":0,"69":8,"70":8,"71":2,"72":2,"73":2,"74":1,"75":1,"76":1,"77":1,"78":0,"79":0,"80":0,"81":0,"82":0,"83":8},"f":{"0":2,"1":1,"2":2,"3":2,"4":1,"5":3,"6":2},"b":{"0":[1,1],"1":[2,1],"2":[0,0],"3":[0,1],"4":[1,1],"5":[0,2],"6":[1,1],"7":[1,1],"8":[0,1],"9":[1,1],"10":[0,1],"11":[1,0],"12":[1,1],"13":[0,3],"14":[1,2],"15":[3,3],"16":[1,1],"17":[1,0],"18":[1,1],"19":[1,0],"20":[0,0]}}
,"/home/charles/Documents/Teach2Give/HospitalAPI/src/complaint/complaint.router.ts": {"path":"/home/charles/Documents/Teach2Give/HospitalAPI/src/complaint/complaint.router.ts","statementMap":{"0":{"start":{"line":2,"column":0},"end":{"line":2,"column":null}},"1":{"start":{"line":12,"column":18},"end":{"line":68,"column":1}},"2":{"start":{"line":13,"column":2},"end":{"line":19,"column":5}},"3":{"start":{"line":14,"column":4},"end":{"line":18,"column":5}},"4":{"start":{"line":15,"column":6},"end":{"line":15,"column":48}},"5":{"start":{"line":17,"column":6},"end":{"line":17,"column":18}},"6":{"start":{"line":21,"column":2},"end":{"line":27,"column":5}},"7":{"start":{"line":22,"column":4},"end":{"line":26,"column":5}},"8":{"start":{"line":23,"column":6},"end":{"line":23,"column":46}},"9":{"start":{"line":25,"column":6},"end":{"line":25,"column":18}},"10":{"start":{"line":29,"column":2},"end":{"line":35,"column":5}},"11":{"start":{"line":30,"column":4},"end":{"line":34,"column":5}},"12":{"start":{"line":31,"column":6},"end":{"line":31,"column":49}},"13":{"start":{"line":33,"column":6},"end":{"line":33,"column":18}},"14":{"start":{"line":37,"column":2},"end":{"line":43,"column":5}},"15":{"start":{"line":38,"column":4},"end":{"line":42,"column":5}},"16":{"start":{"line":39,"column":6},"end":{"line":39,"column":54}},"17":{"start":{"line":41,"column":6},"end":{"line":41,"column":18}},"18":{"start":{"line":45,"column":2},"end":{"line":51,"column":5}},"19":{"start":{"line":46,"column":4},"end":{"line":50,"column":5}},"20":{"start":{"line":47,"column":6},"end":{"line":47,"column":61}},"21":{"start":{"line":49,"column":6},"end":{"line":49,"column":18}},"22":{"start":{"line":53,"column":2},"end":{"line":59,"column":5}},"23":{"start":{"line":54,"column":4},"end":{"line":58,"column":5}},"24":{"start":{"line":55,"column":6},"end":{"line":55,"column":48}},"25":{"start":{"line":57,"column":6},"end":{"line":57,"column":18}},"26":{"start":{"line":61,"column":2},"end":{"line":67,"column":5}},"27":{"start":{"line":62,"column":4},"end":{"line":66,"column":5}},"28":{"start":{"line":63,"column":6},"end":{"line":63,"column":48}},"29":{"start":{"line":65,"column":6},"end":{"line":65,"column":18}},"30":{"start":{"line":70,"column":0},"end":{"line":70,"column":25}}},"fnMap":{"0":{"name":"(anonymous_0)","decl":{"start":{"line":12,"column":18},"end":{"line":12,"column":19}},"loc":{"start":{"line":12,"column":35},"end":{"line":68,"column":1}}},"1":{"name":"(anonymous_1)","decl":{"start":{"line":13,"column":31},"end":{"line":13,"column":36}},"loc":{"start":{"line":13,"column":56},"end":{"line":19,"column":3}}},"2":{"name":"(anonymous_2)","decl":{"start":{"line":21,"column":30},"end":{"line":21,"column":35}},"loc":{"start":{"line":21,"column":55},"end":{"line":27,"column":3}}},"3":{"name":"(anonymous_3)","decl":{"start":{"line":29,"column":34},"end":{"line":29,"column":39}},"loc":{"start":{"line":29,"column":59},"end":{"line":35,"column":3}}},"4":{"name":"(anonymous_4)","decl":{"start":{"line":37,"column":43},"end":{"line":37,"column":48}},"loc":{"start":{"line":37,"column":68},"end":{"line":43,"column":3}}},"5":{"name":"(anonymous_5)","decl":{"start":{"line":45,"column":57},"end":{"line":45,"column":62}},"loc":{"start":{"line":45,"column":82},"end":{"line":51,"column":3}}},"6":{"name":"(anonymous_6)","decl":{"start":{"line":53,"column":34},"end":{"line":53,"column":39}},"loc":{"start":{"line":53,"column":59},"end":{"line":59,"column":3}}},"7":{"name":"(anonymous_7)","decl":{"start":{"line":61,"column":37},"end":{"line":61,"column":42}},"loc":{"start":{"line":61,"column":62},"end":{"line":67,"column":3}}}},"branchMap":{},"s":{"0":8,"1":8,"2":8,"3":2,"4":2,"5":0,"6":8,"7":1,"8":1,"9":0,"10":8,"11":2,"12":2,"13":0,"14":8,"15":2,"16":2,"17":0,"18":8,"19":1,"20":1,"21":0,"22":8,"23":3,"24":3,"25":0,"26":8,"27":2,"28":2,"29":0,"30":8},"f":{"0":8,"1":2,"2":1,"3":2,"4":2,"5":1,"6":3,"7":2},"b":{}}
,"/home/charles/Documents/Teach2Give/HospitalAPI/src/complaint/complaint.service.ts": {"path":"/home/charles/Documents/Teach2Give/HospitalAPI/src/complaint/complaint.service.ts","statementMap":{"0":{"start":{"line":1,"column":0},"end":{"line":1,"column":33}},"1":{"start":{"line":2,"column":0},"end":{"line":2,"column":31}},"2":{"start":{"line":3,"column":0},"end":{"line":3,"column":65}},"3":{"start":{"line":6,"column":38},"end":{"line":9,"column":1}},"4":{"start":{"line":7,"column":2},"end":{"line":7,"column":53}},"5":{"start":{"line":8,"column":2},"end":{"line":8,"column":42}},"6":{"start":{"line":6,"column":13},"end":{"line":6,"column":38}},"7":{"start":{"line":12,"column":36},"end":{"line":15,"column":1}},"8":{"start":{"line":13,"column":21},"end":{"line":13,"column":62}},"9":{"start":{"line":14,"column":2},"end":{"line":14,"column":20}},"10":{"start":{"line":12,"column":13},"end":{"line":12,"column":36}},"11":{"start":{"line":18,"column":39},"end":{"line":23,"column":1}},"12":{"start":{"line":19,"column":20},"end":{"line":21,"column":4}},"13":{"start":{"line":22,"column":2},"end":{"line":22,"column":19}},"14":{"start":{"line":18,"column":13},"end":{"line":18,"column":39}},"15":{"start":{"line":26,"column":44},"end":{"line":31,"column":1}},"16":{"start":{"line":27,"column":21},"end":{"line":29,"column":4}},"17":{"start":{"line":30,"column":2},"end":{"line":30,"column":20}},"18":{"start":{"line":26,"column":13},"end":{"line":26,"column":44}},"19":{"start":{"line":34,"column":51},"end":{"line":39,"column":1}},"20":{"start":{"line":35,"column":21},"end":{"line":37,"column":4}},"21":{"start":{"line":38,"column":2},"end":{"line":38,"column":20}},"22":{"start":{"line":34,"column":13},"end":{"line":34,"column":51}},"23":{"start":{"line":42,"column":38},"end":{"line":52,"column":1}},"24":{"start":{"line":43,"column":27},"end":{"line":46,"column":16}},"25":{"start":{"line":48,"column":2},"end":{"line":50,"column":3}},"26":{"start":{"line":49,"column":4},"end":{"line":49,"column":16}},"27":{"start":{"line":51,"column":2},"end":{"line":51,"column":42}},"28":{"start":{"line":42,"column":13},"end":{"line":42,"column":38}},"29":{"start":{"line":55,"column":38},"end":{"line":64,"column":1}},"30":{"start":{"line":56,"column":27},"end":{"line":58,"column":16}},"31":{"start":{"line":60,"column":2},"end":{"line":62,"column":3}},"32":{"start":{"line":61,"column":4},"end":{"line":61,"column":16}},"33":{"start":{"line":63,"column":2},"end":{"line":63,"column":42}},"34":{"start":{"line":55,"column":13},"end":{"line":55,"column":38}}},"fnMap":{"0":{"name":"(anonymous_1)","decl":{"start":{"line":6,"column":38},"end":{"line":6,"column":43}},"loc":{"start":{"line":6,"column":71},"end":{"line":9,"column":1}}},"1":{"name":"(anonymous_2)","decl":{"start":{"line":12,"column":36},"end":{"line":12,"column":41}},"loc":{"start":{"line":12,"column":47},"end":{"line":15,"column":1}}},"2":{"name":"(anonymous_3)","decl":{"start":{"line":18,"column":39},"end":{"line":18,"column":44}},"loc":{"start":{"line":18,"column":60},"end":{"line":23,"column":1}}},"3":{"name":"(anonymous_4)","decl":{"start":{"line":26,"column":44},"end":{"line":26,"column":49}},"loc":{"start":{"line":26,"column":69},"end":{"line":31,"column":1}}},"4":{"name":"(anonymous_5)","decl":{"start":{"line":34,"column":51},"end":{"line":34,"column":56}},"loc":{"start":{"line":34,"column":83},"end":{"line":39,"column":1}}},"5":{"name":"(anonymous_6)","decl":{"start":{"line":42,"column":38},"end":{"line":42,"column":43}},"loc":{"start":{"line":42,"column":83},"end":{"line":52,"column":1}}},"6":{"name":"(anonymous_7)","decl":{"start":{"line":55,"column":38},"end":{"line":55,"column":43}},"loc":{"start":{"line":55,"column":59},"end":{"line":64,"column":1}}}},"branchMap":{"0":{"loc":{"start":{"line":48,"column":2},"end":{"line":50,"column":3}},"type":"if","locations":[{"start":{"line":48,"column":2},"end":{"line":50,"column":3}},{"start":{},"end":{}}]},"1":{"loc":{"start":{"line":60,"column":2},"end":{"line":62,"column":3}},"type":"if","locations":[{"start":{"line":60,"column":2},"end":{"line":62,"column":3}},{"start":{},"end":{}}]}},"s":{"0":9,"1":9,"2":9,"3":9,"4":2,"5":1,"6":9,"7":9,"8":3,"9":3,"10":9,"11":9,"12":7,"13":7,"14":9,"15":9,"16":2,"17":2,"18":9,"19":9,"20":2,"21":2,"22":9,"23":9,"24":3,"25":3,"26":2,"27":1,"28":9,"29":9,"30":2,"31":2,"32":1,"33":1,"34":9},"f":{"0":2,"1":3,"2":7,"3":2,"4":2,"5":3,"6":2},"b":{"0":[2,1],"1":[1,1]}}
,"/home/charles/Documents/Teach2Give/HospitalAPI/src/doctor/doctor.controller.ts": {"path":"/home/charles/Documents/Teach2Give/HospitalAPI/src/doctor/doctor.controller.ts","statementMap":{"0":{"start":{"line":2,"column":0},"end":{"line":2,"column":null}},"1":{"start":{"line":14,"column":38},"end":{"line":34,"column":1}},"2":{"start":{"line":15,"column":2},"end":{"line":33,"column":3}},"3":{"start":{"line":16,"column":19},"end":{"line":16,"column":27}},"4":{"start":{"line":18,"column":4},"end":{"line":21,"column":5}},"5":{"start":{"line":19,"column":6},"end":{"line":20,"column":78}},"6":{"start":{"line":23,"column":20},"end":{"line":23,"column":53}},"7":{"start":{"line":25,"column":4},"end":{"line":27,"column":5}},"8":{"start":{"line":26,"column":6},"end":{"line":26,"column":69}},"9":{"start":{"line":29,"column":4},"end":{"line":29,"column":54}},"10":{"start":{"line":32,"column":4},"end":{"line":32,"column":60}},"11":{"start":{"line":14,"column":13},"end":{"line":14,"column":38}},"12":{"start":{"line":37,"column":36},"end":{"line":50,"column":1}},"13":{"start":{"line":38,"column":2},"end":{"line":49,"column":3}},"14":{"start":{"line":39,"column":20},"end":{"line":39,"column":45}},"15":{"start":{"line":41,"column":4},"end":{"line":43,"column":5}},"16":{"start":{"line":42,"column":6},"end":{"line":42,"column":67}},"17":{"start":{"line":45,"column":4},"end":{"line":45,"column":88}},"18":{"start":{"line":48,"column":4},"end":{"line":48,"column":60}},"19":{"start":{"line":37,"column":13},"end":{"line":37,"column":36}},"20":{"start":{"line":53,"column":39},"end":{"line":72,"column":1}},"21":{"start":{"line":54,"column":2},"end":{"line":71,"column":3}},"22":{"start":{"line":55,"column":15},"end":{"line":55,"column":38}},"23":{"start":{"line":57,"column":4},"end":{"line":59,"column":5}},"24":{"start":{"line":58,"column":6},"end":{"line":58,"column":68}},"25":{"start":{"line":61,"column":19},"end":{"line":61,"column":49}},"26":{"start":{"line":63,"column":4},"end":{"line":65,"column":5}},"27":{"start":{"line":64,"column":6},"end":{"line":64,"column":67}},"28":{"start":{"line":67,"column":4},"end":{"line":67,"column":86}},"29":{"start":{"line":70,"column":4},"end":{"line":70,"column":60}},"30":{"start":{"line":53,"column":13},"end":{"line":53,"column":39}},"31":{"start":{"line":75,"column":51},"end":{"line":97,"column":1}},"32":{"start":{"line":76,"column":2},"end":{"line":96,"column":3}},"33":{"start":{"line":77,"column":27},"end":{"line":77,"column":52}},"34":{"start":{"line":79,"column":4},"end":{"line":81,"column":5}},"35":{"start":{"line":80,"column":6},"end":{"line":80,"column":77}},"36":{"start":{"line":83,"column":20},"end":{"line":83,"column":74}},"37":{"start":{"line":85,"column":4},"end":{"line":87,"column":5}},"38":{"start":{"line":86,"column":6},"end":{"line":86,"column":91}},"39":{"start":{"line":89,"column":4},"end":{"line":92,"column":7}},"40":{"start":{"line":95,"column":4},"end":{"line":95,"column":60}},"41":{"start":{"line":75,"column":13},"end":{"line":75,"column":51}},"42":{"start":{"line":100,"column":38},"end":{"line":128,"column":1}},"43":{"start":{"line":101,"column":2},"end":{"line":127,"column":3}},"44":{"start":{"line":102,"column":15},"end":{"line":102,"column":38}},"45":{"start":{"line":104,"column":4},"end":{"line":106,"column":5}},"46":{"start":{"line":105,"column":6},"end":{"line":105,"column":68}},"47":{"start":{"line":108,"column":19},"end":{"line":108,"column":27}},"48":{"start":{"line":109,"column":5},"end":{"line":111,"column":5}},"49":{"start":{"line":110,"column":6},"end":{"line":110,"column":74}},"50":{"start":{"line":113,"column":21},"end":{"line":113,"column":51}},"51":{"start":{"line":114,"column":4},"end":{"line":116,"column":5}},"52":{"start":{"line":115,"column":6},"end":{"line":115,"column":67}},"53":{"start":{"line":118,"column":20},"end":{"line":118,"column":57}},"54":{"start":{"line":119,"column":4},"end":{"line":121,"column":5}},"55":{"start":{"line":120,"column":6},"end":{"line":120,"column":69}},"56":{"start":{"line":123,"column":4},"end":{"line":123,"column":54}},"57":{"start":{"line":126,"column":4},"end":{"line":126,"column":60}},"58":{"start":{"line":100,"column":13},"end":{"line":100,"column":38}},"59":{"start":{"line":131,"column":38},"end":{"line":154,"column":1}},"60":{"start":{"line":132,"column":2},"end":{"line":153,"column":3}},"61":{"start":{"line":133,"column":15},"end":{"line":133,"column":38}},"62":{"start":{"line":135,"column":4},"end":{"line":137,"column":5}},"63":{"start":{"line":136,"column":6},"end":{"line":136,"column":68}},"64":{"start":{"line":139,"column":21},"end":{"line":139,"column":51}},"65":{"start":{"line":140,"column":4},"end":{"line":142,"column":5}},"66":{"start":{"line":141,"column":6},"end":{"line":141,"column":67}},"67":{"start":{"line":144,"column":20},"end":{"line":144,"column":49}},"68":{"start":{"line":145,"column":4},"end":{"line":147,"column":5}},"69":{"start":{"line":146,"column":6},"end":{"line":146,"column":69}},"70":{"start":{"line":149,"column":4},"end":{"line":149,"column":54}},"71":{"start":{"line":152,"column":4},"end":{"line":152,"column":60}},"72":{"start":{"line":131,"column":13},"end":{"line":131,"column":38}},"73":{"start":{"line":158,"column":43},"end":{"line":170,"column":1}},"74":{"start":{"line":159,"column":2},"end":{"line":169,"column":3}},"75":{"start":{"line":160,"column":15},"end":{"line":160,"column":38}},"76":{"start":{"line":161,"column":4},"end":{"line":161,"column":81}},"77":{"start":{"line":161,"column":19},"end":{"line":161,"column":81}},"78":{"start":{"line":163,"column":17},"end":{"line":163,"column":51}},"79":{"start":{"line":164,"column":4},"end":{"line":164,"column":88}},"80":{"start":{"line":164,"column":15},"end":{"line":164,"column":88}},"81":{"start":{"line":166,"column":4},"end":{"line":166,"column":93}},"82":{"start":{"line":168,"column":4},"end":{"line":168,"column":60}},"83":{"start":{"line":158,"column":13},"end":{"line":158,"column":43}},"84":{"start":{"line":173,"column":48},"end":{"line":185,"column":1}},"85":{"start":{"line":174,"column":2},"end":{"line":184,"column":3}},"86":{"start":{"line":175,"column":15},"end":{"line":175,"column":38}},"87":{"start":{"line":176,"column":4},"end":{"line":176,"column":81}},"88":{"start":{"line":176,"column":19},"end":{"line":176,"column":81}},"89":{"start":{"line":178,"column":17},"end":{"line":178,"column":56}},"90":{"start":{"line":179,"column":4},"end":{"line":179,"column":93}},"91":{"start":{"line":179,"column":15},"end":{"line":179,"column":93}},"92":{"start":{"line":181,"column":4},"end":{"line":181,"column":98}},"93":{"start":{"line":183,"column":4},"end":{"line":183,"column":60}},"94":{"start":{"line":173,"column":13},"end":{"line":173,"column":48}}},"fnMap":{"0":{"name":"(anonymous_0)","decl":{"start":{"line":14,"column":38},"end":{"line":14,"column":43}},"loc":{"start":{"line":14,"column":76},"end":{"line":34,"column":1}}},"1":{"name":"(anonymous_1)","decl":{"start":{"line":37,"column":36},"end":{"line":37,"column":41}},"loc":{"start":{"line":37,"column":75},"end":{"line":50,"column":1}}},"2":{"name":"(anonymous_2)","decl":{"start":{"line":53,"column":39},"end":{"line":53,"column":44}},"loc":{"start":{"line":53,"column":77},"end":{"line":72,"column":1}}},"3":{"name":"(anonymous_3)","decl":{"start":{"line":75,"column":51},"end":{"line":75,"column":56}},"loc":{"start":{"line":75,"column":89},"end":{"line":97,"column":1}}},"4":{"name":"(anonymous_4)","decl":{"start":{"line":100,"column":38},"end":{"line":100,"column":43}},"loc":{"start":{"line":100,"column":76},"end":{"line":128,"column":1}}},"5":{"name":"(anonymous_5)","decl":{"start":{"line":131,"column":38},"end":{"line":131,"column":43}},"loc":{"start":{"line":131,"column":76},"end":{"line":154,"column":1}}},"6":{"name":"(anonymous_6)","decl":{"start":{"line":158,"column":43},"end":{"line":158,"column":48}},"loc":{"start":{"line":158,"column":81},"end":{"line":170,"column":1}}},"7":{"name":"(anonymous_7)","decl":{"start":{"line":173,"column":48},"end":{"line":173,"column":53}},"loc":{"start":{"line":173,"column":86},"end":{"line":185,"column":1}}}},"branchMap":{"0":{"loc":{"start":{"line":18,"column":4},"end":{"line":21,"column":5}},"type":"if","locations":[{"start":{"line":18,"column":4},"end":{"line":21,"column":5}},{"start":{},"end":{}}]},"1":{"loc":{"start":{"line":18,"column":8},"end":{"line":18,"column":71}},"type":"binary-expr","locations":[{"start":{"line":18,"column":8},"end":{"line":18,"column":25}},{"start":{"line":18,"column":29},"end":{"line":18,"column":45}},{"start":{"line":18,"column":49},"end":{"line":18,"column":71}}]},"2":{"loc":{"start":{"line":25,"column":4},"end":{"line":27,"column":5}},"type":"if","locations":[{"start":{"line":25,"column":4},"end":{"line":27,"column":5}},{"start":{},"end":{}}]},"3":{"loc":{"start":{"line":41,"column":4},"end":{"line":43,"column":5}},"type":"if","locations":[{"start":{"line":41,"column":4},"end":{"line":43,"column":5}},{"start":{},"end":{}}]},"4":{"loc":{"start":{"line":41,"column":8},"end":{"line":41,"column":40}},"type":"binary-expr","locations":[{"start":{"line":41,"column":8},"end":{"line":41,"column":16}},{"start":{"line":41,"column":20},"end":{"line":41,"column":40}}]},"5":{"loc":{"start":{"line":57,"column":4},"end":{"line":59,"column":5}},"type":"if","locations":[{"start":{"line":57,"column":4},"end":{"line":59,"column":5}},{"start":{},"end":{}}]},"6":{"loc":{"start":{"line":63,"column":4},"end":{"line":65,"column":5}},"type":"if","locations":[{"start":{"line":63,"column":4},"end":{"line":65,"column":5}},{"start":{},"end":{}}]},"7":{"loc":{"start":{"line":79,"column":4},"end":{"line":81,"column":5}},"type":"if","locations":[{"start":{"line":79,"column":4},"end":{"line":81,"column":5}},{"start":{},"end":{}}]},"8":{"loc":{"start":{"line":85,"column":4},"end":{"line":87,"column":5}},"type":"if","locations":[{"start":{"line":85,"column":4},"end":{"line":87,"column":5}},{"start":{},"end":{}}]},"9":{"loc":{"start":{"line":85,"column":8},"end":{"line":85,"column":40}},"type":"binary-expr","locations":[{"start":{"line":85,"column":8},"end":{"line":85,"column":16}},{"start":{"line":85,"column":20},"end":{"line":85,"column":40}}]},"10":{"loc":{"start":{"line":104,"column":4},"end":{"line":106,"column":5}},"type":"if","locations":[{"start":{"line":104,"column":4},"end":{"line":106,"column":5}},{"start":{},"end":{}}]},"11":{"loc":{"start":{"line":109,"column":5},"end":{"line":111,"column":5}},"type":"if","locations":[{"start":{"line":109,"column":5},"end":{"line":111,"column":5}},{"start":{},"end":{}}]},"12":{"loc":{"start":{"line":109,"column":9},"end":{"line":109,"column":52}},"type":"binary-expr","locations":[{"start":{"line":109,"column":9},"end":{"line":109,"column":16}},{"start":{"line":109,"column":20},"end":{"line":109,"column":52}}]},"13":{"loc":{"start":{"line":114,"column":4},"end":{"line":116,"column":5}},"type":"if","locations":[{"start":{"line":114,"column":4},"end":{"line":116,"column":5}},{"start":{},"end":{}}]},"14":{"loc":{"start":{"line":119,"column":4},"end":{"line":121,"column":5}},"type":"if","locations":[{"start":{"line":119,"column":4},"end":{"line":121,"column":5}},{"start":{},"end":{}}]},"15":{"loc":{"start":{"line":135,"column":4},"end":{"line":137,"column":5}},"type":"if","locations":[{"start":{"line":135,"column":4},"end":{"line":137,"column":5}},{"start":{},"end":{}}]},"16":{"loc":{"start":{"line":140,"column":4},"end":{"line":142,"column":5}},"type":"if","locations":[{"start":{"line":140,"column":4},"end":{"line":142,"column":5}},{"start":{},"end":{}}]},"17":{"loc":{"start":{"line":145,"column":4},"end":{"line":147,"column":5}},"type":"if","locations":[{"start":{"line":145,"column":4},"end":{"line":147,"column":5}},{"start":{},"end":{}}]},"18":{"loc":{"start":{"line":161,"column":4},"end":{"line":161,"column":81}},"type":"if","locations":[{"start":{"line":161,"column":4},"end":{"line":161,"column":81}},{"start":{},"end":{}}]},"19":{"loc":{"start":{"line":164,"column":4},"end":{"line":164,"column":88}},"type":"if","locations":[{"start":{"line":164,"column":4},"end":{"line":164,"column":88}},{"start":{},"end":{}}]},"20":{"loc":{"start":{"line":176,"column":4},"end":{"line":176,"column":81}},"type":"if","locations":[{"start":{"line":176,"column":4},"end":{"line":176,"column":81}},{"start":{},"end":{}}]},"21":{"loc":{"start":{"line":179,"column":4},"end":{"line":179,"column":93}},"type":"if","locations":[{"start":{"line":179,"column":4},"end":{"line":179,"column":93}},{"start":{},"end":{}}]}},"s":{"0":8,"1":8,"2":25,"3":25,"4":25,"5":2,"6":23,"7":23,"8":0,"9":23,"10":0,"11":8,"12":8,"13":2,"14":2,"15":2,"16":1,"17":1,"18":0,"19":8,"20":8,"21":4,"22":4,"23":4,"24":2,"25":2,"26":2,"27":1,"28":1,"29":0,"30":8,"31":8,"32":2,"33":2,"34":2,"35":0,"36":2,"37":2,"38":1,"39":1,"40":0,"41":8,"42":8,"43":4,"44":4,"45":4,"46":1,"47":3,"48":3,"49":1,"50":2,"51":2,"52":1,"53":1,"54":1,"55":0,"56":1,"57":0,"58":8,"59":8,"60":3,"61":3,"62":3,"63":1,"64":2,"65":2,"66":1,"67":1,"68":1,"69":0,"70":1,"71":0,"72":8,"73":8,"74":2,"75":2,"76":2,"77":1,"78":1,"79":1,"80":0,"81":1,"82":0,"83":8,"84":8,"85":2,"86":2,"87":2,"88":1,"89":1,"90":1,"91":0,"92":1,"93":0,"94":8},"f":{"0":25,"1":2,"2":4,"3":2,"4":4,"5":3,"6":2,"7":2},"b":{"0":[2,23],"1":[25,24,23],"2":[0,23],"3":[1,1],"4":[2,2],"5":[2,2],"6":[1,1],"7":[0,2],"8":[1,1],"9":[2,2],"10":[1,3],"11":[1,2],"12":[3,3],"13":[1,1],"14":[0,1],"15":[1,2],"16":[1,1],"17":[0,1],"18":[1,1],"19":[0,1],"20":[1,1],"21":[0,1]}}
,"/home/charles/Documents/Teach2Give/HospitalAPI/src/doctor/doctor.router.ts": {"path":"/home/charles/Documents/Teach2Give/HospitalAPI/src/doctor/doctor.router.ts","statementMap":{"0":{"start":{"line":1,"column":0},"end":{"line":1,"column":null}},"1":{"start":{"line":13,"column":15},"end":{"line":77,"column":1}},"2":{"start":{"line":14,"column":2},"end":{"line":20,"column":5}},"3":{"start":{"line":15,"column":4},"end":{"line":19,"column":5}},"4":{"start":{"line":16,"column":6},"end":{"line":16,"column":45}},"5":{"start":{"line":18,"column":6},"end":{"line":18,"column":18}},"6":{"start":{"line":22,"column":2},"end":{"line":28,"column":5}},"7":{"start":{"line":23,"column":4},"end":{"line":27,"column":5}},"8":{"start":{"line":24,"column":6},"end":{"line":24,"column":43}},"9":{"start":{"line":26,"column":6},"end":{"line":26,"column":18}},"10":{"start":{"line":30,"column":2},"end":{"line":36,"column":5}},"11":{"start":{"line":31,"column":4},"end":{"line":35,"column":5}},"12":{"start":{"line":32,"column":6},"end":{"line":32,"column":46}},"13":{"start":{"line":34,"column":6},"end":{"line":34,"column":18}},"14":{"start":{"line":38,"column":2},"end":{"line":44,"column":5}},"15":{"start":{"line":39,"column":4},"end":{"line":43,"column":5}},"16":{"start":{"line":40,"column":6},"end":{"line":40,"column":58}},"17":{"start":{"line":42,"column":6},"end":{"line":42,"column":18}},"18":{"start":{"line":46,"column":2},"end":{"line":52,"column":5}},"19":{"start":{"line":47,"column":4},"end":{"line":51,"column":5}},"20":{"start":{"line":48,"column":6},"end":{"line":48,"column":45}},"21":{"start":{"line":50,"column":6},"end":{"line":50,"column":18}},"22":{"start":{"line":54,"column":2},"end":{"line":60,"column":5}},"23":{"start":{"line":55,"column":4},"end":{"line":59,"column":5}},"24":{"start":{"line":56,"column":6},"end":{"line":56,"column":45}},"25":{"start":{"line":58,"column":6},"end":{"line":58,"column":18}},"26":{"start":{"line":62,"column":4},"end":{"line":68,"column":5}},"27":{"start":{"line":63,"column":4},"end":{"line":67,"column":5}},"28":{"start":{"line":64,"column":6},"end":{"line":64,"column":50}},"29":{"start":{"line":66,"column":6},"end":{"line":66,"column":18}},"30":{"start":{"line":70,"column":2},"end":{"line":76,"column":5}},"31":{"start":{"line":71,"column":4},"end":{"line":75,"column":5}},"32":{"start":{"line":72,"column":6},"end":{"line":72,"column":55}},"33":{"start":{"line":74,"column":6},"end":{"line":74,"column":18}},"34":{"start":{"line":79,"column":0},"end":{"line":79,"column":22}}},"fnMap":{"0":{"name":"(anonymous_0)","decl":{"start":{"line":13,"column":15},"end":{"line":13,"column":16}},"loc":{"start":{"line":13,"column":32},"end":{"line":77,"column":1}}},"1":{"name":"(anonymous_1)","decl":{"start":{"line":14,"column":28},"end":{"line":14,"column":33}},"loc":{"start":{"line":14,"column":53},"end":{"line":20,"column":3}}},"2":{"name":"(anonymous_2)","decl":{"start":{"line":22,"column":27},"end":{"line":22,"column":32}},"loc":{"start":{"line":22,"column":52},"end":{"line":28,"column":3}}},"3":{"name":"(anonymous_3)","decl":{"start":{"line":30,"column":31},"end":{"line":30,"column":36}},"loc":{"start":{"line":30,"column":56},"end":{"line":36,"column":3}}},"4":{"name":"(anonymous_4)","decl":{"start":{"line":38,"column":58},"end":{"line":38,"column":63}},"loc":{"start":{"line":38,"column":83},"end":{"line":44,"column":3}}},"5":{"name":"(anonymous_5)","decl":{"start":{"line":46,"column":31},"end":{"line":46,"column":36}},"loc":{"start":{"line":46,"column":56},"end":{"line":52,"column":3}}},"6":{"name":"(anonymous_6)","decl":{"start":{"line":54,"column":34},"end":{"line":54,"column":39}},"loc":{"start":{"line":54,"column":59},"end":{"line":60,"column":3}}},"7":{"name":"(anonymous_7)","decl":{"start":{"line":62,"column":42},"end":{"line":62,"column":47}},"loc":{"start":{"line":62,"column":67},"end":{"line":68,"column":3}}},"8":{"name":"(anonymous_8)","decl":{"start":{"line":70,"column":45},"end":{"line":70,"column":50}},"loc":{"start":{"line":70,"column":70},"end":{"line":76,"column":3}}}},"branchMap":{},"s":{"0":8,"1":8,"2":8,"3":25,"4":25,"5":0,"6":8,"7":2,"8":2,"9":0,"10":8,"11":4,"12":4,"13":0,"14":8,"15":2,"16":2,"17":0,"18":8,"19":4,"20":4,"21":0,"22":8,"23":3,"24":3,"25":0,"26":8,"27":2,"28":2,"29":0,"30":8,"31":2,"32":2,"33":0,"34":8},"f":{"0":8,"1":25,"2":2,"3":4,"4":2,"5":4,"6":3,"7":2,"8":2},"b":{}}
,"/home/charles/Documents/Teach2Give/HospitalAPI/src/doctor/doctor.service.ts": {"path":"/home/charles/Documents/Teach2Give/HospitalAPI/src/doctor/doctor.service.ts","statementMap":{"0":{"start":{"line":1,"column":0},"end":{"line":1,"column":38}},"1":{"start":{"line":2,"column":0},"end":{"line":2,"column":31}},"2":{"start":{"line":3,"column":0},"end":{"line":3,"column":59}},"3":{"start":{"line":6,"column":35},"end":{"line":9,"column":1}},"4":{"start":{"line":7,"column":2},"end":{"line":7,"column":47}},"5":{"start":{"line":8,"column":2},"end":{"line":8,"column":39}},"6":{"start":{"line":6,"column":13},"end":{"line":6,"column":35}},"7":{"start":{"line":12,"column":48},"end":{"line":16,"column":1}},"8":{"start":{"line":13,"column":2},"end":{"line":15,"column":5}},"9":{"start":{"line":12,"column":13},"end":{"line":12,"column":48}},"10":{"start":{"line":19,"column":33},"end":{"line":22,"column":1}},"11":{"start":{"line":20,"column":18},"end":{"line":20,"column":56}},"12":{"start":{"line":21,"column":2},"end":{"line":21,"column":17}},"13":{"start":{"line":19,"column":13},"end":{"line":19,"column":33}},"14":{"start":{"line":25,"column":36},"end":{"line":30,"column":1}},"15":{"start":{"line":26,"column":17},"end":{"line":28,"column":4}},"16":{"start":{"line":29,"column":2},"end":{"line":29,"column":16}},"17":{"start":{"line":25,"column":13},"end":{"line":25,"column":36}},"18":{"start":{"line":33,"column":35},"end":{"line":44,"column":1}},"19":{"start":{"line":34,"column":24},"end":{"line":38,"column":16}},"20":{"start":{"line":40,"column":2},"end":{"line":42,"column":3}},"21":{"start":{"line":41,"column":4},"end":{"line":41,"column":16}},"22":{"start":{"line":43,"column":2},"end":{"line":43,"column":39}},"23":{"start":{"line":33,"column":13},"end":{"line":33,"column":35}},"24":{"start":{"line":47,"column":35},"end":{"line":57,"column":1}},"25":{"start":{"line":48,"column":24},"end":{"line":51,"column":16}},"26":{"start":{"line":53,"column":2},"end":{"line":55,"column":3}},"27":{"start":{"line":54,"column":4},"end":{"line":54,"column":16}},"28":{"start":{"line":56,"column":2},"end":{"line":56,"column":39}},"29":{"start":{"line":47,"column":13},"end":{"line":47,"column":35}},"30":{"start":{"line":59,"column":40},"end":{"line":80,"column":1}},"31":{"start":{"line":60,"column":2},"end":{"line":79,"column":5}},"32":{"start":{"line":59,"column":13},"end":{"line":59,"column":40}},"33":{"start":{"line":82,"column":45},"end":{"line":89,"column":1}},"34":{"start":{"line":83,"column":2},"end":{"line":88,"column":5}},"35":{"start":{"line":82,"column":13},"end":{"line":82,"column":45}}},"fnMap":{"0":{"name":"(anonymous_1)","decl":{"start":{"line":6,"column":35},"end":{"line":6,"column":40}},"loc":{"start":{"line":6,"column":62},"end":{"line":9,"column":1}}},"1":{"name":"(anonymous_2)","decl":{"start":{"line":12,"column":48},"end":{"line":12,"column":53}},"loc":{"start":{"line":12,"column":81},"end":{"line":16,"column":1}}},"2":{"name":"(anonymous_3)","decl":{"start":{"line":19,"column":33},"end":{"line":19,"column":38}},"loc":{"start":{"line":19,"column":44},"end":{"line":22,"column":1}}},"3":{"name":"(anonymous_4)","decl":{"start":{"line":25,"column":36},"end":{"line":25,"column":41}},"loc":{"start":{"line":25,"column":57},"end":{"line":30,"column":1}}},"4":{"name":"(anonymous_5)","decl":{"start":{"line":33,"column":35},"end":{"line":33,"column":40}},"loc":{"start":{"line":33,"column":74},"end":{"line":44,"column":1}}},"5":{"name":"(anonymous_6)","decl":{"start":{"line":47,"column":35},"end":{"line":47,"column":40}},"loc":{"start":{"line":47,"column":56},"end":{"line":57,"column":1}}},"6":{"name":"(anonymous_7)","decl":{"start":{"line":59,"column":40},"end":{"line":59,"column":45}},"loc":{"start":{"line":59,"column":61},"end":{"line":80,"column":1}}},"7":{"name":"(anonymous_8)","decl":{"start":{"line":82,"column":45},"end":{"line":82,"column":50}},"loc":{"start":{"line":82,"column":66},"end":{"line":89,"column":1}}}},"branchMap":{"0":{"loc":{"start":{"line":40,"column":2},"end":{"line":42,"column":3}},"type":"if","locations":[{"start":{"line":40,"column":2},"end":{"line":42,"column":3}},{"start":{},"end":{}}]},"1":{"loc":{"start":{"line":53,"column":2},"end":{"line":55,"column":3}},"type":"if","locations":[{"start":{"line":53,"column":2},"end":{"line":55,"column":3}},{"start":{},"end":{}}]}},"s":{"0":9,"1":9,"2":9,"3":9,"4":24,"5":24,"6":9,"7":9,"8":3,"9":9,"10":9,"11":4,"12":4,"13":9,"14":9,"15":8,"16":8,"17":9,"18":9,"19":3,"20":3,"21":1,"22":2,"23":9,"24":9,"25":3,"26":3,"27":1,"28":2,"29":9,"30":9,"31":2,"32":9,"33":9,"34":2,"35":9},"f":{"0":24,"1":3,"2":4,"3":8,"4":3,"5":3,"6":2,"7":2},"b":{"0":[1,2],"1":[1,2]}}
,"/home/charles/Documents/Teach2Give/HospitalAPI/src/mailer/mailer.ts": {"path":"/home/charles/Documents/Teach2Give/HospitalAPI/src/mailer/mailer.ts","statementMap":{"0":{"start":{"line":1,"column":0},"end":{"line":1,"column":36}},"1":{"start":{"line":3,"column":25},"end":{"line":42,"column":1}},"2":{"start":{"line":9,"column":4},"end":{"line":41,"column":5}},"3":{"start":{"line":10,"column":28},"end":{"line":19,"column":10}},"4":{"start":{"line":21,"column":56},"end":{"line":27,"column":10}},"5":{"start":{"line":29,"column":24},"end":{"line":29,"column":63}},"6":{"start":{"line":30,"column":8},"end":{"line":30,"column":40}},"7":{"start":{"line":32,"column":8},"end":{"line":38,"column":9}},"8":{"start":{"line":33,"column":12},"end":{"line":33,"column":45}},"9":{"start":{"line":34,"column":15},"end":{"line":38,"column":9}},"10":{"start":{"line":35,"column":12},"end":{"line":35,"column":36}},"11":{"start":{"line":37,"column":12},"end":{"line":37,"column":40}},"12":{"start":{"line":40,"column":8},"end":{"line":40,"column":56}},"13":{"start":{"line":3,"column":13},"end":{"line":3,"column":25}}},"fnMap":{"0":{"name":"(anonymous_1)","decl":{"start":{"line":3,"column":25},"end":{"line":3,"column":30}},"loc":{"start":{"line":8,"column":4},"end":{"line":42,"column":1}}}},"branchMap":{"0":{"loc":{"start":{"line":32,"column":8},"end":{"line":38,"column":9}},"type":"if","locations":[{"start":{"line":32,"column":8},"end":{"line":38,"column":9}},{"start":{"line":34,"column":15},"end":{"line":38,"column":9}}]},"1":{"loc":{"start":{"line":34,"column":15},"end":{"line":38,"column":9}},"type":"if","locations":[{"start":{"line":34,"column":15},"end":{"line":38,"column":9}},{"start":{"line":36,"column":15},"end":{"line":38,"column":9}}]}},"s":{"0":6,"1":6,"2":0,"3":0,"4":0,"5":0,"6":0,"7":0,"8":0,"9":0,"10":0,"11":0,"12":0,"13":6},"f":{"0":0},"b":{"0":[0,0],"1":[0,0]}}
,"/home/charles/Documents/Teach2Give/HospitalAPI/src/middleware/bearAuth.ts": {"path":"/home/charles/Documents/Teach2Give/HospitalAPI/src/middleware/bearAuth.ts","statementMap":{"0":{"start":{"line":1,"column":0},"end":{"line":1,"column":31}},"1":{"start":{"line":3,"column":0},"end":{"line":3,"column":23}},"2":{"start":{"line":6,"column":26},"end":{"line":38,"column":1}},"3":{"start":{"line":7,"column":2},"end":{"line":37,"column":4}},"4":{"start":{"line":8,"column":23},"end":{"line":8,"column":48}},"5":{"start":{"line":10,"column":4},"end":{"line":13,"column":5}},"6":{"start":{"line":11,"column":6},"end":{"line":11,"column":75}},"7":{"start":{"line":12,"column":6},"end":{"line":12,"column":13}},"8":{"start":{"line":15,"column":18},"end":{"line":15,"column":42}},"9":{"start":{"line":17,"column":4},"end":{"line":36,"column":5}},"10":{"start":{"line":18,"column":22},"end":{"line":18,"column":77}},"11":{"start":{"line":20,"column":7},"end":{"line":20,"column":34}},"12":{"start":{"line":22,"column":6},"end":{"line":33,"column":7}},"13":{"start":{"line":23,"column":21},"end":{"line":23,"column":33}},"14":{"start":{"line":25,"column":8},"end":{"line":28,"column":9}},"15":{"start":{"line":26,"column":10},"end":{"line":26,"column":17}},"16":{"start":{"line":27,"column":10},"end":{"line":27,"column":17}},"17":{"start":{"line":30,"column":8},"end":{"line":30,"column":58}},"18":{"start":{"line":32,"column":8},"end":{"line":32,"column":67}},"19":{"start":{"line":35,"column":6},"end":{"line":35,"column":68}},"20":{"start":{"line":6,"column":13},"end":{"line":6,"column":26}},"21":{"start":{"line":40,"column":13},"end":{"line":40,"column":51}},"22":{"start":{"line":41,"column":13},"end":{"line":41,"column":49}},"23":{"start":{"line":42,"column":13},"end":{"line":42,"column":53}}},"fnMap":{"0":{"name":"(anonymous_1)","decl":{"start":{"line":6,"column":26},"end":{"line":6,"column":27}},"loc":{"start":{"line":6,"column":76},"end":{"line":38,"column":1}}},"1":{"name":"(anonymous_2)","decl":{"start":{"line":7,"column":9},"end":{"line":7,"column":10}},"loc":{"start":{"line":7,"column":67},"end":{"line":37,"column":3}}}},"branchMap":{"0":{"loc":{"start":{"line":10,"column":4},"end":{"line":13,"column":5}},"type":"if","locations":[{"start":{"line":10,"column":4},"end":{"line":13,"column":5}},{"start":{},"end":{}}]},"1":{"loc":{"start":{"line":10,"column":8},"end":{"line":10,"column":56}},"type":"binary-expr","locations":[{"s
[...]
,"column":9}},{"start":{},"end":{}}]},"12":{"loc":{"start":{"line":184,"column":8},"end":{"line":186,"column":9}},"type":"if","locations":[{"start":{"line":184,"column":8},"end":{"line":186,"column":9}},{"start":{},"end":{}}]},"13":{"loc":{"start":{"line":209,"column":8},"end":{"line":211,"column":9}},"type":"if","locations":[{"start":{"line":209,"column":8},"end":{"line":211,"column":9}},{"start":{},"end":{}}]},"14":{"loc":{"start":{"line":209,"column":12},"end":{"line":209,"column":40}},"type":"binary-expr","locations":[{"start":{"line":209,"column":12},"end":{"line":209,"column":18}},{"start":{"line":209,"column":22},"end":{"line":209,"column":40}}]},"15":{"loc":{"start":{"line":221,"column":8},"end":{"line":223,"column":9}},"type":"if","locations":[{"start":{"line":221,"column":8},"end":{"line":223,"column":9}},{"start":{},"end":{}}]},"16":{"loc":{"start":{"line":225,"column":8},"end":{"line":227,"column":9}},"type":"if","locations":[{"start":{"line":225,"column":8},"end":{"line":227,"column":9}},{"start":{},"end":{}}]},"17":{"loc":{"start":{"line":237,"column":8},"end":{"line":239,"column":9}},"type":"if","locations":[{"start":{"line":237,"column":8},"end":{"line":239,"column":9}},{"start":{},"end":{}}]},"18":{"loc":{"start":{"line":242,"column":8},"end":{"line":245,"column":9}},"type":"if","locations":[{"start":{"line":242,"column":8},"end":{"line":245,"column":9}},{"start":{},"end":{}}]},"19":{"loc":{"start":{"line":247,"column":8},"end":{"line":249,"column":9}},"type":"if","locations":[{"start":{"line":247,"column":8},"end":{"line":249,"column":9}},{"start":{},"end":{}}]},"20":{"loc":{"start":{"line":263,"column":8},"end":{"line":265,"column":9}},"type":"if","locations":[{"start":{"line":263,"column":8},"end":{"line":265,"column":9}},{"start":{},"end":{}}]},"21":{"loc":{"start":{"line":267,"column":8},"end":{"line":269,"column":9}},"type":"if","locations":[{"start":{"line":267,"column":8},"end":{"line":269,"column":9}},{"start":{},"end":{}}]},"22":{"loc":{"start":{"line":271,"column":8},"end":{"line":273,"column":9}},"type":"if","locations":[{"start":{"line":271,"column":8},"end":{"line":273,"column":9}},{"start":{},"end":{}}]},"23":{"loc":{"start":{"line":286,"column":4},"end":{"line":288,"column":5}},"type":"if","locations":[{"start":{"line":286,"column":4},"end":{"line":288,"column":5}},{"start":{},"end":{}}]},"24":{"loc":{"start":{"line":290,"column":4},"end":{"line":292,"column":5}},"type":"if","locations":[{"start":{"line":290,"column":4},"end":{"line":292,"column":5}},{"start":{},"end":{}}]},"25":{"loc":{"start":{"line":304,"column":4},"end":{"line":306,"column":5}},"type":"if","locations":[{"start":{"line":304,"column":4},"end":{"line":306,"column":5}},{"start":{},"end":{}}]},"26":{"loc":{"start":{"line":308,"column":4},"end":{"line":310,"column":5}},"type":"if","locations":[{"start":{"line":308,"column":4},"end":{"line":310,"column":5}},{"start":{},"end":{}}]},"27":{"loc":{"start":{"line":322,"column":4},"end":{"line":324,"column":5}},"type":"if","locations":[{"start":{"line":322,"column":4},"end":{"line":324,"column":5}},{"start":{},"end":{}}]},"28":{"loc":{"start":{"line":326,"column":4},"end":{"line":328,"column":5}},"type":"if","locations":[{"start":{"line":326,"column":4},"end":{"line":328,"column":5}},{"start":{},"end":{}}]},"29":{"loc":{"start":{"line":340,"column":4},"end":{"line":342,"column":5}},"type":"if","locations":[{"start":{"line":340,"column":4},"end":{"line":342,"column":5}},{"start":{},"end":{}}]},"30":{"loc":{"start":{"line":344,"column":4},"end":{"line":346,"column":5}},"type":"if","locations":[{"start":{"line":344,"column":4},"end":{"line":346,"column":5}},{"start":{},"end":{}}]},"31":{"loc":{"start":{"line":358,"column":4},"end":{"line":360,"column":5}},"type":"if","locations":[{"start":{"line":358,"column":4},"end":{"line":360,"column":5}},{"start":{},"end":{}}]},"32":{"loc":{"start":{"line":362,"column":4},"end":{"line":364,"column":5}},"type":"if","locations":[{"start":{"line":362,"column":4},"end":{"line":364,"column":5}},{"start":{},"end":{}}]}},"s":{"0":8,"1":8,"2":8,"3":8,"4":8,"5":8,"6":8,"7":8,"8":32,"9":32,"10":32,"11":32,"12":0,"13":32,"14":32,"15":32,"16":32,"17":32,"18":32,"19":32,"20":32,"21":32,"22":32,"23":3,"24":29,"25":29,"26":0,"27":29,"28":0,"29":8,"30":8,"31":3,"32":3,"33":3,"34":3,"35":0,"36":3,"37":1,"38":2,"39":1,"40":1,"41":1,"42":0,"43":1,"44":1,"45":0,"46":8,"47":8,"48":4,"49":4,"50":0,"51":4,"52":4,"53":4,"54":2,"55":2,"56":1,"57":1,"58":1,"59":1,"60":1,"61":1,"62":0,"63":8,"64":8,"65":3,"66":3,"67":3,"68":3,"69":1,"70":2,"71":2,"72":1,"73":1,"74":1,"75":1,"76":0,"77":1,"78":1,"79":0,"80":8,"81":8,"82":1,"83":1,"84":1,"85":0,"86":1,"87":0,"88":8,"89":8,"90":1,"91":1,"92":1,"93":0,"94":1,"95":1,"96":0,"97":1,"98":0,"99":8,"100":8,"101":3,"102":3,"103":3,"104":1,"105":2,"106":2,"107":2,"108":1,"109":1,"110":1,"111":0,"112":1,"113":0,"114":8,"115":8,"116":2,"117":2,"118":2,"119":0,"120":2,"121":2,"122":1,"123":1,"124":1,"125":0,"126":1,"127":0,"128":8,"129":8,"130":2,"131":2,"132":2,"133":1,"134":1,"135":1,"136":1,"137":0,"138":0,"139":8,"140":8,"141":1,"142":1,"143":1,"144":0,"145":1,"146":1,"147":0,"148":1,"149":0,"150":8,"151":8,"152":1,"153":1,"154":1,"155":0,"156":1,"157":1,"158":0,"159":1,"160":0,"161":8,"162":8,"163":1,"164":1,"165":1,"166":0,"167":1,"168":1,"169":0,"170":1,"171":0,"172":8,"173":8,"174":2,"175":2,"176":2,"177":1,"178":1,"179":1,"180":0,"181":1,"182":0,"183":8},"f":{"0":32,"1":3,"2":4,"3":3,"4":1,"5":1,"6":3,"7":2,"8":2,"9":1,"10":1,"11":1,"12":2},"b":{"0":[0,32],"1":[32,32],"2":[3,29],"3":[0,3],"4":[1,2],"5":[3,3],"6":[1,1],"7":[0,4],"8":[2,2],"9":[1,1],"10":[1,2],"11":[1,1],"12":[0,1],"13":[0,1],"14":[1,1],"15":[0,1],"16":[0,1],"17":[1,2],"18":[1,1],"19":[0,1],"20":[0,2],"21":[1,1],"22":[0,1],"23":[1,1],"24":[1,0],"25":[0,1],"26":[0,1],"27":[0,1],"28":[0,1],"29":[0,1],"30":[0,1],"31":[1,1],"32":[0,1]}}
,"/home/charles/Documents/Teach2Give/HospitalAPI/src/user/user.router.ts": {"path":"/home/charles/Documents/Teach2Give/HospitalAPI/src/user/user.router.ts","statementMap":{"0":{"start":{"line":1,"column":0},"end":{"line":1,"column":55}},"1":{"start":{"line":2,"column":0},"end":{"line":2,"column":406}},"2":{"start":{"line":5,"column":13},"end":{"line":120,"column":1}},"3":{"start":{"line":6,"column":4},"end":{"line":14,"column":null}},"4":{"start":{"line":7,"column":8},"end":{"line":13,"column":9}},"5":{"start":{"line":8,"column":12},"end":{"line":8,"column":49}},"6":{"start":{"line":11,"column":12},"end":{"line":11,"column":24}},"7":{"start":{"line":16,"column":4},"end":{"line":23,"column":null}},"8":{"start":{"line":17,"column":8},"end":{"line":21,"column":9}},"9":{"start":{"line":18,"column":12},"end":{"line":18,"column":49}},"10":{"start":{"line":20,"column":12},"end":{"line":20,"column":24}},"11":{"start":{"line":26,"column":4},"end":{"line":33,"column":null}},"12":{"start":{"line":27,"column":8},"end":{"line":31,"column":9}},"13":{"start":{"line":28,"column":12},"end":{"line":28,"column":61}},"14":{"start":{"line":30,"column":12},"end":{"line":30,"column":24}},"15":{"start":{"line":34,"column":5},"end":{"line":41,"column":null}},"16":{"start":{"line":35,"column":8},"end":{"line":39,"column":9}},"17":{"start":{"line":36,"column":12},"end":{"line":36,"column":48}},"18":{"start":{"line":38,"column":12},"end":{"line":38,"column":24}},"19":{"start":{"line":42,"column":4},"end":{"line":48,"column":null}},"20":{"start":{"line":43,"column":8},"end":{"line":47,"column":9}},"21":{"start":{"line":44,"column":12},"end":{"line":44,"column":46}},"22":{"start":{"line":46,"column":12},"end":{"line":46,"column":24}},"23":{"start":{"line":49,"column":4},"end":{"line":56,"column":7}},"24":{"start":{"line":50,"column":8},"end":{"line":54,"column":9}},"25":{"start":{"line":51,"column":12},"end":{"line":51,"column":50}},"26":{"start":{"line":53,"column":12},"end":{"line":53,"column":24}},"27":{"start":{"line":57,"column":4},"end":{"line":64,"column":null}},"28":{"start":{"line":58,"column":8},"end":{"line":62,"column":9}},"29":{"start":{"line":59,"column":12},"end":{"line":59,"column":49}},"30":{"start":{"line":61,"column":12},"end":{"line":61,"column":24}},"31":{"start":{"line":67,"column":4},"end":{"line":74,"column":null}},"32":{"start":{"line":68,"column":8},"end":{"line":72,"column":9}},"33":{"start":{"line":69,"column":12},"end":{"line":69,"column":49}},"34":{"start":{"line":71,"column":12},"end":{"line":71,"column":24}},"35":{"start":{"line":77,"column":2},"end":{"line":83,"column":5}},"36":{"start":{"line":78,"column":4},"end":{"line":82,"column":5}},"37":{"start":{"line":79,"column":6},"end":{"line":79,"column":56}},"38":{"start":{"line":81,"column":6},"end":{"line":81,"column":18}},"39":{"start":{"line":86,"column":2},"end":{"line":92,"column":5}},"40":{"start":{"line":87,"column":4},"end":{"line":91,"column":5}},"41":{"start":{"line":88,"column":6},"end":{"line":88,"column":67}},"42":{"start":{"line":90,"column":6},"end":{"line":90,"column":18}},"43":{"start":{"line":95,"column":2},"end":{"line":101,"column":5}},"44":{"start":{"line":96,"column":4},"end":{"line":100,"column":5}},"45":{"start":{"line":97,"column":6},"end":{"line":97,"column":66}},"46":{"start":{"line":99,"column":6},"end":{"line":99,"column":18}},"47":{"start":{"line":104,"column":2},"end":{"line":110,"column":5}},"48":{"start":{"line":105,"column":4},"end":{"line":109,"column":5}},"49":{"start":{"line":106,"column":6},"end":{"line":106,"column":57}},"50":{"start":{"line":108,"column":6},"end":{"line":108,"column":18}},"51":{"start":{"line":113,"column":2},"end":{"line":119,"column":5}},"52":{"start":{"line":114,"column":4},"end":{"line":118,"column":5}},"53":{"start":{"line":115,"column":6},"end":{"line":115,"column":54}},"54":{"start":{"line":117,"column":6},"end":{"line":117,"column":18}},"55":{"start":{"line":122,"column":0},"end":{"line":122,"column":20}}},"fnMap":{"0":{"name":"(anonymous_0)","decl":{"start":{"line":5,"column":13},"end":{"line":5,"column":14}},"loc":{"start":{"line":5,"column":29},"end":{"line":120,"column":1}}},"1":{"name":"(anonymous_1)","decl":{"start":{"line":6,"column":28},"end":{"line":6,"column":33}},"loc":{"start":{"line":6,"column":53},"end":{"line":14,"column":5}}},"2":{"name":"(anonymous_2)","decl":{"start":{"line":16,"column":35},"end":{"line":16,"column":40}},"loc":{"start":{"line":16,"column":60},"end":{"line":22,"column":5}}},"3":{"name":"(anonymous_3)","decl":{"start":{"line":26,"column":48},"end":{"line":26,"column":53}},"loc":{"start":{"line":26,"column":73},"end":{"line":32,"column":5}}},"4":{"name":"(anonymous_4)","decl":{"start":{"line":34,"column":35},"end":{"line":34,"column":40}},"loc":{"start":{"line":34,"column":60},"end":{"line":40,"column":5}}},"5":{"name":"(anonymous_5)","decl":{"start":{"line":42,"column":42},"end":{"line":42,"column":47}},"loc":{"start":{"line":42,"column":67},"end":{"line":48,"column":5}}},"6":{"name":"(anonymous_6)","decl":{"start":{"line":49,"column":31},"end":{"line":49,"column":36}},"loc":{"start":{"line":49,"column":56},"end":{"line":56,"column":5}}},"7":{"name":"(anonymous_7)","decl":{"start":{"line":57,"column":31},"end":{"line":57,"column":36}},"loc":{"start":{"line":57,"column":56},"end":{"line":63,"column":5}}},"8":{"name":"(anonymous_8)","decl":{"start":{"line":67,"column":34},"end":{"line":67,"column":39}},"loc":{"start":{"line":67,"column":59},"end":{"line":73,"column":5}}},"9":{"name":"(anonymous_9)","decl":{"start":{"line":77,"column":42},"end":{"line":77,"column":47}},"loc":{"start":{"line":77,"column":67},"end":{"line":83,"column":3}}},"10":{"name":"(anonymous_10)","decl":{"start":{"line":86,"column":51},"end":{"line":86,"column":56}},"loc":{"start":{"line":86,"column":76},"end":{"line":92,"column":3}}},"11":{"name":"(anonymous_11)","decl":{"start":{"line":95,"column":50},"end":{"line":95,"column":55}},"loc":{"start":{"line":95,"column":75},"end":{"line":101,"column":3}}},"12":{"name":"(anonymous_12)","decl":{"start":{"line":104,"column":43},"end":{"line":104,"column":48}},"loc":{"start":{"line":104,"column":68},"end":{"line":110,"column":3}}},"13":{"name":"(anonymous_13)","decl":{"start":{"line":113,"column":40},"end":{"line":113,"column":45}},"loc":{"start":{"line":113,"column":65},"end":{"line":119,"column":3}}}},"branchMap":{},"s":{"0":8,"1":8,"2":8,"3":8,"4":32,"5":32,"6":0,"7":8,"8":3,"9":3,"10":0,"11":8,"12":4,"13":4,"14":0,"15":8,"16":3,"17":3,"18":0,"19":8,"20":1,"21":1,"22":0,"23":8,"24":1,"25":1,"26":0,"27":8,"28":3,"29":3,"30":0,"31":8,"32":2,"33":2,"34":0,"35":8,"36":2,"37":2,"38":0,"39":8,"40":1,"41":1,"42":0,"43":8,"44":1,"45":1,"46":0,"47":8,"48":1,"49":1,"50":0,"51":8,"52":2,"53":2,"54":0,"55":8},"f":{"0":8,"1":32,"2":3,"3":4,"4":3,"5":1,"6":1,"7":3,"8":2,"9":2,"10":1,"11":1,"12":1,"13":2},"b":{}}
,"/home/charles/Documents/Teach2Give/HospitalAPI/src/user/user.service.ts": {"path":"/home/charles/Documents/Teach2Give/HospitalAPI/src/user/user.service.ts","statementMap":{"0":{"start":{"line":1,"column":0},"end":{"line":1,"column":38}},"1":{"start":{"line":2,"column":0},"end":{"line":2,"column":31}},"2":{"start":{"line":3,"column":0},"end":{"line":3,"column":87}},"3":{"start":{"line":5,"column":33},"end":{"line":8,"column":1}},"4":{"start":{"line":6,"column":4},"end":{"line":6,"column":45}},"5":{"start":{"line":7,"column":4},"end":{"line":7,"column":39}},"6":{"start":{"line":5,"column":13},"end":{"line":5,"column":33}},"7":{"start":{"line":9,"column":37},"end":{"line":14,"column":1}},"8":{"start":{"line":10,"column":4},"end":{"line":13,"column":7}},"9":{"start":{"line":9,"column":13},"end":{"line":9,"column":37}},"10":{"start":{"line":15,"column":33},"end":{"line":19,"column":1}},"11":{"start":{"line":16,"column":4},"end":{"line":18,"column":null}},"12":{"start":{"line":15,"column":13},"end":{"line":15,"column":33}},"13":{"start":{"line":20,"column":45},"end":{"line":31,"column":1}},"14":{"start":{"line":25,"column":4},"end":{"line":30,"column":52}},"15":{"start":{"line":20,"column":13},"end":{"line":20,"column":45}},"16":{"start":{"line":32,"column":32},"end":{"line":47,"column":1}},"17":{"start":{"line":33,"column":22},"end":{"line":33,"column":26}},"18":{"start":{"line":34,"column":4},"end":{"line":46,"column":7}},"19":{"start":{"line":32,"column":13},"end":{"line":32,"column":32}},"20":{"start":{"line":49,"column":30},"end":{"line":52,"column":1}},"21":{"start":{"line":50,"column":17},"end":{"line":50,"column":53}},"22":{"start":{"line":51,"column":4},"end":{"line":51,"column":16}},"23":{"start":{"line":49,"column":13},"end":{"line":49,"column":30}},"24":{"start":{"line":54,"column":34},"end":{"line":59,"column":1}},"25":{"start":{"line":55,"column":17},"end":{"line":57,"column":6}},"26":{"start":{"line":58,"column":4},"end":{"line":58,"column":16}},"27":{"start":{"line":54,"column":13},"end":{"line":54,"column":34}},"28":{"start":{"line":61,"column":33},"end":{"line":71,"column":1}},"29":{"start":{"line":62,"column":24},"end":{"line":65,"column":20}},"30":{"start":{"line":67,"column":4},"end":{"line":69,"column":5}},"31":{"start":{"line":68,"column":8},"end":{"line":68,"column":20}},"32":{"start":{"line":70,"column":4},"end":{"line":70,"column":39}},"33":{"start":{"line":61,"column":13},"end":{"line":61,"column":33}},"34":{"start":{"line":74,"column":33},"end":{"line":83,"column":1}},"35":{"start":{"line":75,"column":24},"end":{"line":77,"column":20}},"36":{"start":{"line":79,"column":4},"end":{"line":81,"column":5}},"37":{"start":{"line":80,"column":8},"end":{"line":80,"column":20}},"38":{"start":{"line":82,"column":4},"end":{"line":82,"column":39}},"39":{"start":{"line":74,"column":13},"end":{"line":74,"column":33}},"40":{"start":{"line":85,"column":46},"end":{"line":100,"column":1}},"41":{"start":{"line":86,"column":2},"end":{"line":99,"column":5}},"42":{"start":{"line":85,"column":13},"end":{"line":85,"column":46}},"43":{"start":{"line":102,"column":57},"end":{"line":127,"column":1}},"44":{"start":{"line":103,"column":2},"end":{"line":126,"column":5}},"45":{"start":{"line":102,"column":13},"end":{"line":102,"column":57}},"46":{"start":{"line":130,"column":47},"end":{"line":142,"column":1}},"47":{"start":{"line":131,"column":2},"end":{"line":141,"column":5}},"48":{"start":{"line":130,"column":13},"end":{"line":130,"column":47}},"49":{"start":{"line":144,"column":44},"end":{"line":158,"column":1}},"50":{"start":{"line":145,"column":2},"end":{"line":157,"column":5}},"51":{"start":{"line":144,"column":13},"end":{"line":144,"column":44}},"52":{"start":{"line":161,"column":56},"end":{"line":184,"column":1}},"53":{"start":{"line":162,"column":2},"end":{"line":183,"column":5}},"54":{"start":{"line":161,"column":13},"end":{"line":161,"column":56}}},"fnMap":{"0":{"name":"(anonymous_1)","decl":{"start":{"line":5,"column":33},"end":{"line":5,"column":38}},"loc":{"start":{"line":5,"column":54},"end":{"line":8,"column":1}}},"1":{"name":"(anonymous_2)","decl":{"start":{"line":9,"column":37},"end":{"line":9,"column":42}},"loc":{"start":{"line":9,"column":61},"end":{"line":14,"column":1}}},"2":{"name":"(anonymous_3)","decl":{"start":{"line":15,"column":33},"end":{"line":15,"column":38}},"loc":{"start":{"line":15,"column":57},"end":{"line":19,"column":1}}},"3":{"name":"(anonymous_4)","decl":{"start":{"line":20,"column":45},"end":{"line":20,"column":50}},"loc":{"start":{"line":24,"column":4},"end":{"line":31,"column":1}}},"4":{"name":"(anonymous_5)","decl":{"start":{"line":32,"column":32},"end":{"line":32,"column":37}},"loc":{"start":{"line":32,"column":53},"end":{"line":47,"column":1}}},"5":{"name":"(anonymous_6)","decl":{"start":{"line":49,"column":30},"end":{"line":49,"column":35}},"loc":{"start":{"line":49,"column":39},"end":{"line":52,"column":1}}},"6":{"name":"(anonymous_7)","decl":{"start":{"line":54,"column":34},"end":{"line":54,"column":39}},"loc":{"start":{"line":54,"column":55},"end":{"line":59,"column":1}}},"7":{"name":"(anonymous_8)","decl":{"start":{"line":61,"column":33},"end":{"line":61,"column":38}},"loc":{"start":{"line":61,"column":68},"end":{"line":71,"column":1}}},"8":{"name":"(anonymous_9)","decl":{"start":{"line":74,"column":33},"end":{"line":74,"column":38}},"loc":{"start":{"line":74,"column":54},"end":{"line":83,"column":1}}},"9":{"name":"(anonymous_10)","decl":{"start":{"line":85,"column":46},"end":{"line":85,"column":51}},"loc":{"start":{"line":85,"column":67},"end":{"line":100,"column":1}}},"10":{"name":"(anonymous_11)","decl":{"start":{"line":102,"column":57},"end":{"line":102,"column":62}},"loc":{"start":{"line":102,"column":78},"end":{"line":127,"column":1}}},"11":{"name":"(anonymous_12)","decl":{"start":{"line":130,"column":47},"end":{"line":130,"column":52}},"loc":{"start":{"line":130,"column":68},"end":{"line":142,"column":1}}},"12":{"name":"(anonymous_13)","decl":{"start":{"line":144,"column":44},"end":{"line":144,"column":49}},"loc":{"start":{"line":144,"column":65},"end":{"line":158,"column":1}}},"13":{"name":"(anonymous_14)","decl":{"start":{"line":161,"column":56},"end":{"line":161,"column":61}},"loc":{"start":{"line":161,"column":77},"end":{"line":184,"column":1}}}},"branchMap":{"0":{"loc":{"start":{"line":67,"column":4},"end":{"line":69,"column":5}},"type":"if","locations":[{"start":{"line":67,"column":4},"end":{"line":69,"column":5}},{"start":{},"end":{}}]},"1":{"loc":{"start":{"line":79,"column":4},"end":{"line":81,"column":5}},"type":"if","locations":[{"start":{"line":79,"column":4},"end":{"line":81,"column":5}},{"start":{},"end":{}}]}},"s":{"0":9,"1":9,"2":9,"3":9,"4":33,"5":33,"6":9,"7":9,"8":8,"9":9,"10":9,"11":2,"12":9,"13":9,"14":2,"15":9,"16":9,"17":4,"18":4,"19":9,"20":9,"21":2,"22":2,"23":9,"24":9,"25":6,"26":6,"27":9,"28":9,"29":3,"30":3,"31":1,"32":2,"33":9,"34":9,"35":3,"36":3,"37":1,"38":2,"39":9,"40":9,"41":2,"42":9,"43":9,"44":2,"45":9,"46":9,"47":2,"48":9,"49":9,"50":2,"51":9,"52":9,"53":2,"54":9},"f":{"0":33,"1":8,"2":2,"3":2,"4":4,"5":2,"6":6,"7":3,"8":3,"9":2,"10":2,"11":2,"12":2,"13":2},"b":{"0":[1,2],"1":[1,2]}}
}
