TN:
SF:src/appointment/appointment.service.ts
FN:6,(anonymous_1)
FN:12,(anonymous_2)
FN:18,(anonymous_3)
FN:26,(anonymous_4)
FN:33,(anonymous_5)
FN:40,(anonymous_6)
FN:54,(anonymous_7)
FN:67,(anonymous_8)
FN:85,(anonymous_9)
FN:104,(anonymous_10)
FN:131,(anonymous_11)
FNF:11
FNH:11
FNDA:1,(anonymous_1)
FNDA:2,(anonymous_2)
FNDA:2,(anonymous_3)
FNDA:1,(anonymous_4)
FNDA:1,(anonymous_5)
FNDA:2,(anonymous_6)
FNDA:2,(anonymous_7)
FNDA:1,(anonymous_8)
FNDA:1,(anonymous_9)
FNDA:1,(anonymous_10)
FNDA:1,(anonymous_11)
DA:1,1
DA:2,1
DA:3,1
DA:6,1
DA:7,1
DA:8,1
DA:12,1
DA:13,2
DA:14,2
DA:18,1
DA:19,2
DA:22,2
DA:26,1
DA:27,1
DA:33,1
DA:34,1
DA:40,1
DA:41,2
DA:47,2
DA:48,1
DA:50,1
DA:54,1
DA:55,2
DA:60,2
DA:61,1
DA:63,1
DA:67,1
DA:68,1
DA:85,1
DA:86,1
DA:104,1
DA:105,1
DA:131,1
DA:132,1
LF:34
LH:34
BRDA:47,0,0,1
BRDA:47,0,1,1
BRDA:60,1,0,1
BRDA:60,1,1,1
BRF:4
BRH:4
end_of_record
TN:
SF:src/complaint/complaint.service.ts
FN:6,(anonymous_1)
FN:12,(anonymous_2)
FN:18,(anonymous_3)
FN:26,(anonymous_4)
FN:34,(anonymous_5)
FN:42,(anonymous_6)
FN:55,(anonymous_7)
FNF:7
FNH:7
FNDA:1,(anonymous_1)
FNDA:2,(anonymous_2)
FNDA:2,(anonymous_3)
FNDA:1,(anonymous_4)
FNDA:1,(anonymous_5)
FNDA:2,(anonymous_6)
FNDA:2,(anonymous_7)
DA:1,1
DA:2,1
DA:3,1
DA:6,1
DA:7,1
DA:8,1
DA:12,1
DA:13,2
DA:14,2
DA:18,1
DA:19,2
DA:22,2
DA:26,1
DA:27,1
DA:30,1
DA:34,1
DA:35,1
DA:38,1
DA:42,1
DA:43,2
DA:48,2
DA:49,1
DA:51,1
DA:55,1
DA:56,2
DA:60,2
DA:61,1
DA:63,1
LF:28
LH:28
BRDA:48,0,0,1
BRDA:48,0,1,1
BRDA:60,1,0,1
BRDA:60,1,1,1
BRF:4
BRH:4
end_of_record
TN:
SF:src/doctor/doctor.service.ts
FN:6,(anonymous_1)
FN:12,(anonymous_2)
FN:19,(anonymous_3)
FN:25,(anonymous_4)
FN:33,(anonymous_5)
FN:47,(anonymous_6)
FN:59,(anonymous_7)
FN:82,(anonymous_8)
FNF:8
FNH:8
FNDA:1,(anonymous_1)
FNDA:1,(anonymous_2)
FNDA:2,(anonymous_3)
FNDA:2,(anonymous_4)
FNDA:2,(anonymous_5)
FNDA:2,(anonymous_6)
FNDA:1,(anonymous_7)
FNDA:1,(anonymous_8)
DA:1,1
DA:2,1
DA:3,1
DA:6,1
DA:7,1
DA:8,1
DA:12,1
DA:13,1
DA:19,1
DA:20,2
DA:21,2
DA:25,1
DA:26,2
DA:29,2
DA:33,1
DA:34,2
DA:40,2
DA:41,1
DA:43,1
DA:47,1
DA:48,2
DA:53,2
DA:54,1
DA:56,1
DA:59,1
DA:60,1
DA:82,1
DA:83,1
LF:28
LH:28
BRDA:40,0,0,1
BRDA:40,0,1,1
BRDA:53,1,0,1
BRDA:53,1,1,1
BRF:4
BRH:4
end_of_record
TN:
SF:src/payment/payment.service.ts
FN:8,(anonymous_1)
FN:14,(anonymous_2)
FN:20,(anonymous_3)
FN:28,(anonymous_4)
FN:39,(anonymous_5)
FN:42,(anonymous_6)
FN:72,(anonymous_7)
FNF:7
FNH:7
FNDA:1,(anonymous_1)
FNDA:2,(anonymous_2)
FNDA:2,(anonymous_3)
FNDA:1,(anonymous_4)
FNDA:3,(anonymous_5)
FNDA:2,(anonymous_6)
FNDA:2,(anonymous_7)
DA:1,1
DA:2,1
DA:3,1
DA:8,1
DA:9,1
DA:10,1
DA:14,1
DA:15,2
DA:16,2
DA:20,1
DA:21,2
DA:24,2
DA:28,1
DA:29,1
DA:32,1
DA:39,1
DA:41,3
DA:42,2
DA:46,3
DA:52,3
DA:53,1
DA:56,2
DA:62,2
DA:63,1
DA:66,1
DA:72,1
DA:73,2
DA:77,2
DA:78,1
DA:80,1
LF:30
LH:30
BRDA:42,0,0,2
BRDA:42,0,1,2
BRDA:52,1,0,1
BRDA:52,1,1,2
BRDA:62,2,0,1
BRDA:62,2,1,1
BRDA:77,3,0,1
BRDA:77,3,1,1
BRF:8
BRH:8
end_of_record
TN:
SF:src/prescription/prescription.service.ts
FN:6,(anonymous_1)
FN:12,(anonymous_2)
FN:18,(anonymous_3)
FN:26,(anonymous_4)
FN:34,(anonymous_5)
FN:42,(anonymous_6)
FN:50,(anonymous_7)
FN:63,(anonymous_8)
FNF:8
FNH:8
FNDA:1,(anonymous_1)
FNDA:2,(anonymous_2)
FNDA:2,(anonymous_3)
FNDA:1,(anonymous_4)
FNDA:1,(anonymous_5)
FNDA:1,(anonymous_6)
FNDA:2,(anonymous_7)
FNDA:2,(anonymous_8)
DA:1,1
DA:2,1
DA:3,1
DA:6,1
DA:7,1
DA:8,1
DA:12,1
DA:13,2
DA:14,2
DA:18,1
DA:19,2
DA:22,2
DA:26,1
DA:27,1
DA:30,1
DA:34,1
DA:35,1
DA:38,1
DA:42,1
DA:43,1
DA:46,1
DA:50,1
DA:51,2
DA:56,2
DA:57,1
DA:59,1
DA:63,1
DA:64,2
DA:68,2
DA:69,1
DA:71,1
LF:31
LH:31
BRDA:56,0,0,1
BRDA:56,0,1,1
BRDA:68,1,0,1
BRDA:68,1,1,1
BRF:4
BRH:4
end_of_record
TN:
SF:src/user/user.service.ts
FN:5,(anonymous_1)
FN:9,(anonymous_2)
FN:15,(anonymous_3)
FN:20,(anonymous_4)
FN:32,(anonymous_5)
FN:49,(anonymous_6)
FN:54,(anonymous_7)
FN:61,(anonymous_8)
FN:74,(anonymous_9)
FN:85,(anonymous_10)
FN:102,(anonymous_11)
FN:130,(anonymous_12)
FN:144,(anonymous_13)
FN:161,(anonymous_14)
FNF:14
FNH:14
FNDA:1,(anonymous_1)
FNDA:1,(anonymous_2)
FNDA:1,(anonymous_3)
FNDA:1,(anonymous_4)
FNDA:1,(anonymous_5)
FNDA:1,(anonymous_6)
FNDA:1,(anonymous_7)
FNDA:2,(anonymous_8)
FNDA:2,(anonymous_9)
FNDA:1,(anonymous_10)
FNDA:1,(anonymous_11)
FNDA:1,(anonymous_12)
FNDA:1,(anonymous_13)
FNDA:1,(anonymous_14)
DA:1,1
DA:2,1
DA:3,1
DA:5,1
DA:6,1
DA:7,1
DA:9,1
DA:10,1
DA:15,1
DA:16,1
DA:20,1
DA:25,1
DA:32,1
DA:33,1
DA:34,1
DA:49,1
DA:50,1
DA:51,1
DA:54,1
DA:55,1
DA:58,1
DA:61,1
DA:62,2
DA:67,2
DA:68,1
DA:70,1
DA:74,1
DA:75,2
DA:79,2
DA:80,1
DA:82,1
DA:85,1
DA:86,1
DA:102,1
DA:103,1
DA:130,1
DA:131,1
DA:144,1
DA:145,1
DA:161,1
DA:162,1
LF:41
LH:41
BRDA:67,0,0,1
BRDA:67,0,1,1
BRDA:79,1,0,1
BRDA:79,1,1,1
BRF:4
BRH:4
end_of_record
