TN:
SF:src/index.ts
FN:11,(anonymous_1)
FN:24,(anonymous_2)
FNF:2
FNH:1
FNDA:1,(anonymous_1)
FNDA:0,(anonymous_2)
DA:2,1
DA:3,1
DA:4,1
DA:5,1
DA:6,1
DA:7,1
DA:8,1
DA:11,1
DA:12,1
DA:15,1
DA:18,1
DA:19,1
DA:20,1
DA:21,1
DA:22,1
DA:23,1
DA:24,1
DA:25,0
DA:28,1
DA:31,1
DA:32,1
LF:21
LH:20
BRF:0
BRH:0
end_of_record
TN:
SF:src/Drizzle/db.ts
FN:11,(anonymous_9)
FN:14,(anonymous_10)
FN:16,(anonymous_11)
FNF:3
FNH:2
FNDA:1,(anonymous_9)
FNDA:1,(anonymous_10)
FNDA:0,(anonymous_11)
DA:1,1
DA:3,1
DA:4,1
DA:5,1
DA:7,1
DA:11,1
DA:12,1
DA:14,1
DA:15,1
DA:17,0
DA:21,1
DA:23,1
LF:12
LH:11
BRF:0
BRH:0
end_of_record
TN:
SF:src/appointment/appointment.controller.ts
FN:17,(anonymous_0)
FN:39,(anonymous_1)
FN:54,(anonymous_2)
FN:74,(anonymous_3)
FN:94,(anonymous_4)
FN:114,(anonymous_5)
FN:144,(anonymous_6)
FN:169,(anonymous_7)
FN:183,(anonymous_8)
FN:197,(anonymous_9)
FN:206,(anonymous_10)
FNF:11
FNH:0
FNDA:0,(anonymous_0)
FNDA:0,(anonymous_1)
FNDA:0,(anonymous_2)
FNDA:0,(anonymous_3)
FNDA:0,(anonymous_4)
FNDA:0,(anonymous_5)
FNDA:0,(anonymous_6)
FNDA:0,(anonymous_7)
FNDA:0,(anonymous_8)
FNDA:0,(anonymous_9)
FNDA:0,(anonymous_10)
DA:2,1
DA:17,1
DA:18,0
DA:19,0
DA:21,0
DA:22,0
DA:27,0
DA:28,0
DA:29,0
DA:32,0
DA:34,0
DA:39,1
DA:40,0
DA:41,0
DA:43,0
DA:44,0
DA:47,0
DA:49,0
DA:54,1
DA:55,0
DA:56,0
DA:58,0
DA:59,0
DA:62,0
DA:63,0
DA:64,0
DA:67,0
DA:69,0
DA:74,1
DA:75,0
DA:76,0
DA:78,0
DA:79,0
DA:82,0
DA:83,0
DA:84,0
DA:87,0
DA:89,0
DA:94,1
DA:95,0
DA:96,0
DA:98,0
DA:99,0
DA:102,0
DA:103,0
DA:104,0
DA:107,0
DA:109,0
DA:114,1
DA:115,0
DA:116,0
DA:118,0
DA:119,0
DA:122,0
DA:123,0
DA:124,0
DA:127,0
DA:128,0
DA:129,0
DA:132,0
DA:133,0
DA:134,0
DA:137,0
DA:139,0
DA:144,1
DA:145,0
DA:146,0
DA:148,0
DA:149,0
DA:152,0
DA:153,0
DA:154,0
DA:157,0
DA:158,0
DA:159,0
DA:162,0
DA:164,0
DA:169,1
DA:170,0
DA:171,0
DA:172,0
DA:173,0
DA:174,0
DA:176,0
DA:178,0
DA:183,1
DA:184,0
DA:185,0
DA:186,0
DA:187,0
DA:188,0
DA:190,0
DA:192,0
DA:197,1
DA:198,0
DA:199,0
DA:200,0
DA:202,0
DA:206,1
DA:207,0
DA:208,0
DA:209,0
DA:210,0
DA:213,0
DA:215,0
DA:216,0
DA:218,0
DA:219,0
DA:222,0
DA:227,0
LF:110
LH:12
BRDA:21,0,0,0
BRDA:21,0,1,0
BRDA:21,1,0,0
BRDA:21,1,1,0
BRDA:21,1,2,0
BRDA:21,1,3,0
BRDA:28,2,0,0
BRDA:28,2,1,0
BRDA:43,3,0,0
BRDA:43,3,1,0
BRDA:43,4,0,0
BRDA:43,4,1,0
BRDA:58,5,0,0
BRDA:58,5,1,0
BRDA:63,6,0,0
BRDA:63,6,1,0
BRDA:78,7,0,0
BRDA:78,7,1,0
BRDA:83,8,0,0
BRDA:83,8,1,0
BRDA:83,9,0,0
BRDA:83,9,1,0
BRDA:98,10,0,0
BRDA:98,10,1,0
BRDA:103,11,0,0
BRDA:103,11,1,0
BRDA:103,12,0,0
BRDA:103,12,1,0
BRDA:118,13,0,0
BRDA:118,13,1,0
BRDA:123,14,0,0
BRDA:123,14,1,0
BRDA:123,15,0,0
BRDA:123,15,1,0
BRDA:128,16,0,0
BRDA:128,16,1,0
BRDA:133,17,0,0
BRDA:133,17,1,0
BRDA:148,18,0,0
BRDA:148,18,1,0
BRDA:153,19,0,0
BRDA:153,19,1,0
BRDA:158,20,0,0
BRDA:158,20,1,0
BRDA:173,21,0,0
BRDA:173,21,1,0
BRDA:187,22,0,0
BRDA:187,22,1,0
BRDA:209,23,0,0
BRDA:209,23,1,0
BRDA:215,24,0,0
BRDA:215,24,1,0
BRDA:218,25,0,0
BRDA:218,25,1,0
BRF:54
BRH:0
end_of_record
TN:
SF:src/appointment/appointment.router.ts
FN:16,(anonymous_0)
FN:17,(anonymous_1)
FN:25,(anonymous_2)
FN:33,(anonymous_3)
FN:41,(anonymous_4)
FN:49,(anonymous_5)
FN:57,(anonymous_6)
FN:65,(anonymous_7)
FN:74,(anonymous_8)
FN:83,(anonymous_9)
FN:92,(anonymous_10)
FN:101,(anonymous_11)
FNF:12
FNH:1
FNDA:1,(anonymous_0)
FNDA:0,(anonymous_1)
FNDA:0,(anonymous_2)
FNDA:0,(anonymous_3)
FNDA:0,(anonymous_4)
FNDA:0,(anonymous_5)
FNDA:0,(anonymous_6)
FNDA:0,(anonymous_7)
FNDA:0,(anonymous_8)
FNDA:0,(anonymous_9)
FNDA:0,(anonymous_10)
FNDA:0,(anonymous_11)
DA:2,1
DA:16,1
DA:17,1
DA:18,0
DA:19,0
DA:21,0
DA:25,1
DA:26,0
DA:27,0
DA:29,0
DA:33,1
DA:34,0
DA:35,0
DA:37,0
DA:41,1
DA:42,0
DA:43,0
DA:45,0
DA:49,1
DA:50,0
DA:51,0
DA:53,0
DA:57,1
DA:58,0
DA:59,0
DA:61,0
DA:65,1
DA:66,0
DA:67,0
DA:69,0
DA:74,1
DA:75,0
DA:76,0
DA:78,0
DA:83,1
DA:84,0
DA:85,0
DA:87,0
DA:92,1
DA:93,0
DA:94,0
DA:96,0
DA:101,1
DA:102,0
DA:103,0
DA:105,0
DA:111,1
LF:47
LH:14
BRF:0
BRH:0
end_of_record
TN:
SF:src/appointment/appointment.service.ts
FN:6,(anonymous_1)
FN:12,(anonymous_2)
FN:18,(anonymous_3)
FN:26,(anonymous_4)
FN:33,(anonymous_5)
FN:40,(anonymous_6)
FN:54,(anonymous_7)
FN:67,(anonymous_8)
FN:85,(anonymous_9)
FN:104,(anonymous_10)
FN:131,(anonymous_11)
FNF:11
FNH:0
FNDA:0,(anonymous_1)
FNDA:0,(anonymous_2)
FNDA:0,(anonymous_3)
FNDA:0,(anonymous_4)
FNDA:0,(anonymous_5)
FNDA:0,(anonymous_6)
FNDA:0,(anonymous_7)
FNDA:0,(anonymous_8)
FNDA:0,(anonymous_9)
FNDA:0,(anonymous_10)
FNDA:0,(anonymous_11)
DA:1,1
DA:2,1
DA:3,1
DA:6,1
DA:7,0
DA:8,0
DA:12,1
DA:13,0
DA:14,0
DA:18,1
DA:19,0
DA:22,0
DA:26,1
DA:27,0
DA:33,1
DA:34,0
DA:40,1
DA:41,0
DA:47,0
DA:48,0
DA:50,0
DA:54,1
DA:55,0
DA:60,0
DA:61,0
DA:63,0
DA:67,1
DA:68,0
DA:85,1
DA:86,0
DA:104,1
DA:105,0
DA:131,1
DA:132,0
LF:34
LH:14
BRDA:47,0,0,0
BRDA:47,0,1,0
BRDA:60,1,0,0
BRDA:60,1,1,0
BRF:4
BRH:0
end_of_record
TN:
SF:src/complaint/complaint.controller.ts
FN:13,(anonymous_0)
FN:35,(anonymous_1)
FN:50,(anonymous_2)
FN:70,(anonymous_3)
FN:90,(anonymous_4)
FN:110,(anonymous_5)
FN:137,(anonymous_6)
FNF:7
FNH:0
FNDA:0,(anonymous_0)
FNDA:0,(anonymous_1)
FNDA:0,(anonymous_2)
FNDA:0,(anonymous_3)
FNDA:0,(anonymous_4)
FNDA:0,(anonymous_5)
FNDA:0,(anonymous_6)
DA:2,1
DA:13,1
DA:14,0
DA:15,0
DA:17,0
DA:18,0
DA:23,0
DA:24,0
DA:25,0
DA:28,0
DA:30,0
DA:35,1
DA:36,0
DA:37,0
DA:39,0
DA:40,0
DA:43,0
DA:45,0
DA:50,1
DA:51,0
DA:52,0
DA:54,0
DA:55,0
DA:58,0
DA:59,0
DA:60,0
DA:63,0
DA:65,0
DA:70,1
DA:71,0
DA:72,0
DA:74,0
DA:75,0
DA:78,0
DA:79,0
DA:80,0
DA:83,0
DA:85,0
DA:90,1
DA:91,0
DA:92,0
DA:94,0
DA:95,0
DA:98,0
DA:99,0
DA:100,0
DA:103,0
DA:105,0
DA:110,1
DA:111,0
DA:112,0
DA:114,0
DA:115,0
DA:118,0
DA:120,0
DA:121,0
DA:122,0
DA:125,0
DA:126,0
DA:127,0
DA:130,0
DA:132,0
DA:137,1
DA:138,0
DA:139,0
DA:141,0
DA:142,0
DA:145,0
DA:146,0
DA:147,0
DA:150,0
DA:151,0
DA:152,0
DA:155,0
DA:157,0
LF:75
LH:8
BRDA:17,0,0,0
BRDA:17,0,1,0
BRDA:17,1,0,0
BRDA:17,1,1,0
BRDA:24,2,0,0
BRDA:24,2,1,0
BRDA:39,3,0,0
BRDA:39,3,1,0
BRDA:39,4,0,0
BRDA:39,4,1,0
BRDA:54,5,0,0
BRDA:54,5,1,0
BRDA:59,6,0,0
BRDA:59,6,1,0
BRDA:74,7,0,0
BRDA:74,7,1,0
BRDA:79,8,0,0
BRDA:79,8,1,0
BRDA:79,9,0,0
BRDA:79,9,1,0
BRDA:94,10,0,0
BRDA:94,10,1,0
BRDA:99,11,0,0
BRDA:99,11,1,0
BRDA:99,12,0,0
BRDA:99,12,1,0
BRDA:114,13,0,0
BRDA:114,13,1,0
BRDA:121,14,0,0
BRDA:121,14,1,0
BRDA:126,15,0,0
BRDA:126,15,1,0
BRDA:141,16,0,0
BRDA:141,16,1,0
BRDA:146,17,0,0
BRDA:146,17,1,0
BRDA:151,18,0,0
BRDA:151,18,1,0
BRF:38
BRH:0
end_of_record
TN:
SF:src/complaint/complaint.router.ts
FN:12,(anonymous_0)
FN:13,(anonymous_1)
FN:21,(anonymous_2)
FN:29,(anonymous_3)
FN:37,(anonymous_4)
FN:45,(anonymous_5)
FN:53,(anonymous_6)
FN:61,(anonymous_7)
FNF:8
FNH:1
FNDA:1,(anonymous_0)
FNDA:0,(anonymous_1)
FNDA:0,(anonymous_2)
FNDA:0,(anonymous_3)
FNDA:0,(anonymous_4)
FNDA:0,(anonymous_5)
FNDA:0,(anonymous_6)
FNDA:0,(anonymous_7)
DA:2,1
DA:12,1
DA:13,1
DA:14,0
DA:15,0
DA:17,0
DA:21,1
DA:22,0
DA:23,0
DA:25,0
DA:29,1
DA:30,0
DA:31,0
DA:33,0
DA:37,1
DA:38,0
DA:39,0
DA:41,0
DA:45,1
DA:46,0
DA:47,0
DA:49,0
DA:53,1
DA:54,0
DA:55,0
DA:57,0
DA:61,1
DA:62,0
DA:63,0
DA:65,0
DA:70,1
LF:31
LH:10
BRF:0
BRH:0
end_of_record
TN:
SF:src/complaint/complaint.service.ts
FN:6,(anonymous_1)
FN:12,(anonymous_2)
FN:18,(anonymous_3)
FN:26,(anonymous_4)
FN:34,(anonymous_5)
FN:42,(anonymous_6)
FN:55,(anonymous_7)
FNF:7
FNH:0
FNDA:0,(anonymous_1)
FNDA:0,(anonymous_2)
FNDA:0,(anonymous_3)
FNDA:0,(anonymous_4)
FNDA:0,(anonymous_5)
FNDA:0,(anonymous_6)
FNDA:0,(anonymous_7)
DA:1,1
DA:2,1
DA:3,1
DA:6,1
DA:7,0
DA:8,0
DA:12,1
DA:13,0
DA:14,0
DA:18,1
DA:19,0
DA:22,0
DA:26,1
DA:27,0
DA:30,0
DA:34,1
DA:35,0
DA:38,0
DA:42,1
DA:43,0
DA:48,0
DA:49,0
DA:51,0
DA:55,1
DA:56,0
DA:60,0
DA:61,0
DA:63,0
LF:28
LH:10
BRDA:48,0,0,0
BRDA:48,0,1,0
BRDA:60,1,0,0
BRDA:60,1,1,0
BRF:4
BRH:0
end_of_record
TN:
SF:src/doctor/doctor.controller.ts
FN:14,(anonymous_0)
FN:37,(anonymous_1)
FN:53,(anonymous_2)
FN:75,(anonymous_3)
FN:100,(anonymous_4)
FN:131,(anonymous_5)
FN:158,(anonymous_6)
FN:173,(anonymous_7)
FNF:8
FNH:0
FNDA:0,(anonymous_0)
FNDA:0,(anonymous_1)
FNDA:0,(anonymous_2)
FNDA:0,(anonymous_3)
FNDA:0,(anonymous_4)
FNDA:0,(anonymous_5)
FNDA:0,(anonymous_6)
FNDA:0,(anonymous_7)
DA:2,1
DA:14,1
DA:15,0
DA:16,0
DA:18,0
DA:19,0
DA:23,0
DA:25,0
DA:26,0
DA:29,0
DA:32,0
DA:37,1
DA:38,0
DA:39,0
DA:41,0
DA:42,0
DA:45,0
DA:48,0
DA:53,1
DA:54,0
DA:55,0
DA:57,0
DA:58,0
DA:61,0
DA:63,0
DA:64,0
DA:67,0
DA:70,0
DA:75,1
DA:76,0
DA:77,0
DA:79,0
DA:80,0
DA:83,0
DA:85,0
DA:86,0
DA:89,0
DA:95,0
DA:100,1
DA:101,0
DA:102,0
DA:104,0
DA:105,0
DA:108,0
DA:109,0
DA:110,0
DA:113,0
DA:114,0
DA:115,0
DA:118,0
DA:119,0
DA:120,0
DA:123,0
DA:126,0
DA:131,1
DA:132,0
DA:133,0
DA:135,0
DA:136,0
DA:139,0
DA:140,0
DA:141,0
DA:144,0
DA:145,0
DA:146,0
DA:149,0
DA:152,0
DA:158,1
DA:159,0
DA:160,0
DA:161,0
DA:163,0
DA:164,0
DA:166,0
DA:168,0
DA:173,1
DA:174,0
DA:175,0
DA:176,0
DA:178,0
DA:179,0
DA:181,0
DA:183,0
LF:83
LH:9
BRDA:18,0,0,0
BRDA:18,0,1,0
BRDA:18,1,0,0
BRDA:18,1,1,0
BRDA:18,1,2,0
BRDA:25,2,0,0
BRDA:25,2,1,0
BRDA:41,3,0,0
BRDA:41,3,1,0
BRDA:41,4,0,0
BRDA:41,4,1,0
BRDA:57,5,0,0
BRDA:57,5,1,0
BRDA:63,6,0,0
BRDA:63,6,1,0
BRDA:79,7,0,0
BRDA:79,7,1,0
BRDA:85,8,0,0
BRDA:85,8,1,0
BRDA:85,9,0,0
BRDA:85,9,1,0
BRDA:104,10,0,0
BRDA:104,10,1,0
BRDA:109,11,0,0
BRDA:109,11,1,0
BRDA:109,12,0,0
BRDA:109,12,1,0
BRDA:114,13,0,0
BRDA:114,13,1,0
BRDA:119,14,0,0
BRDA:119,14,1,0
BRDA:135,15,0,0
BRDA:135,15,1,0
BRDA:140,16,0,0
BRDA:140,16,1,0
BRDA:145,17,0,0
BRDA:145,17,1,0
BRDA:161,18,0,0
BRDA:161,18,1,0
BRDA:164,19,0,0
BRDA:164,19,1,0
BRDA:176,20,0,0
BRDA:176,20,1,0
BRDA:179,21,0,0
BRDA:179,21,1,0
BRF:45
BRH:0
end_of_record
TN:
SF:src/doctor/doctor.router.ts
FN:13,(anonymous_0)
FN:14,(anonymous_1)
FN:22,(anonymous_2)
FN:30,(anonymous_3)
FN:38,(anonymous_4)
FN:46,(anonymous_5)
FN:54,(anonymous_6)
FN:62,(anonymous_7)
FN:70,(anonymous_8)
FNF:9
FNH:1
FNDA:1,(anonymous_0)
FNDA:0,(anonymous_1)
FNDA:0,(anonymous_2)
FNDA:0,(anonymous_3)
FNDA:0,(anonymous_4)
FNDA:0,(anonymous_5)
FNDA:0,(anonymous_6)
FNDA:0,(anonymous_7)
FNDA:0,(anonymous_8)
DA:1,1
DA:13,1
DA:14,1
DA:15,0
DA:16,0
DA:18,0
DA:22,1
DA:23,0
DA:24,0
DA:26,0
DA:30,1
DA:31,0
DA:32,0
DA:34,0
DA:38,1
DA:39,0
DA:40,0
DA:42,0
DA:46,1
DA:47,0
DA:48,0
DA:50,0
DA:54,1
DA:55,0
DA:56,0
DA:58,0
DA:62,1
DA:63,0
DA:64,0
DA:66,0
DA:70,1
DA:71,0
DA:72,0
DA:74,0
DA:79,1
LF:35
LH:11
BRF:0
BRH:0
end_of_record
TN:
SF:src/doctor/doctor.service.ts
FN:6,(anonymous_1)
FN:12,(anonymous_2)
FN:19,(anonymous_3)
FN:25,(anonymous_4)
FN:33,(anonymous_5)
FN:47,(anonymous_6)
FN:59,(anonymous_7)
FN:82,(anonymous_8)
FNF:8
FNH:0
FNDA:0,(anonymous_1)
FNDA:0,(anonymous_2)
FNDA:0,(anonymous_3)
FNDA:0,(anonymous_4)
FNDA:0,(anonymous_5)
FNDA:0,(anonymous_6)
FNDA:0,(anonymous_7)
FNDA:0,(anonymous_8)
DA:1,1
DA:2,1
DA:3,1
DA:6,1
DA:7,0
DA:8,0
DA:12,1
DA:13,0
DA:19,1
DA:20,0
DA:21,0
DA:25,1
DA:26,0
DA:29,0
DA:33,1
DA:34,0
DA:40,0
DA:41,0
DA:43,0
DA:47,1
DA:48,0
DA:53,0
DA:54,0
DA:56,0
DA:59,1
DA:60,0
DA:82,1
DA:83,0
LF:28
LH:11
BRDA:40,0,0,0
BRDA:40,0,1,0
BRDA:53,1,0,0
BRDA:53,1,1,0
BRF:4
BRH:0
end_of_record
TN:
SF:src/middleware/bearAuth.ts
FN:6,(anonymous_1)
FN:7,(anonymous_2)
FNF:2
FNH:2
FNDA:3,(anonymous_1)
FNDA:1,(anonymous_2)
DA:1,1
DA:3,1
DA:6,1
DA:7,3
DA:8,1
DA:10,1
DA:11,1
DA:12,1
DA:15,0
DA:17,0
DA:18,0
DA:20,0
DA:22,0
DA:23,0
DA:25,0
DA:26,0
DA:27,0
DA:30,0
DA:32,0
DA:35,0
DA:40,1
DA:41,1
DA:42,1
LF:23
LH:11
BRDA:10,0,0,1
BRDA:10,0,1,0
BRDA:10,1,0,1
BRDA:10,1,1,0
BRDA:22,2,0,0
BRDA:22,2,1,0
BRDA:22,3,0,0
BRDA:22,3,1,0
BRDA:22,3,2,0
BRDA:25,4,0,0
BRDA:25,4,1,0
BRF:11
BRH:2
end_of_record
TN:
SF:src/payment/payment.controller.ts
FN:13,(anonymous_0)
FN:35,(anonymous_1)
FN:50,(anonymous_2)
FN:70,(anonymous_3)
FN:120,(anonymous_4)
FN:155,(anonymous_5)
FNF:6
FNH:0
FNDA:0,(anonymous_0)
FNDA:0,(anonymous_1)
FNDA:0,(anonymous_2)
FNDA:0,(anonymous_3)
FNDA:0,(anonymous_4)
FNDA:0,(anonymous_5)
DA:2,1
DA:13,1
DA:14,0
DA:15,0
DA:17,0
DA:18,0
DA:23,0
DA:24,0
DA:25,0
DA:28,0
DA:30,0
DA:35,1
DA:36,0
DA:37,0
DA:39,0
DA:40,0
DA:43,0
DA:45,0
DA:50,1
DA:51,0
DA:52,0
DA:54,0
DA:55,0
DA:58,0
DA:59,0
DA:60,0
DA:63,0
DA:65,0
DA:70,1
DA:71,0
DA:72,0
DA:74,0
DA:75,0
DA:78,0
DA:79,0
DA:80,0
DA:83,0
DA:85,0
DA:120,1
DA:121,0
DA:123,0
DA:125,0
DA:126,0
DA:130,0
DA:131,0
DA:132,0
DA:135,0
DA:136,0
DA:137,0
DA:139,0
DA:141,0
DA:142,0
DA:144,0
DA:146,0
DA:147,0
DA:155,1
DA:156,0
DA:157,0
DA:159,0
DA:160,0
DA:163,0
DA:164,0
DA:165,0
DA:168,0
DA:169,0
DA:170,0
DA:173,0
DA:175,0
LF:68
LH:7
BRDA:17,0,0,0
BRDA:17,0,1,0
BRDA:17,1,0,0
BRDA:17,1,1,0
BRDA:17,1,2,0
BRDA:24,2,0,0
BRDA:24,2,1,0
BRDA:39,3,0,0
BRDA:39,3,1,0
BRDA:39,4,0,0
BRDA:39,4,1,0
BRDA:54,5,0,0
BRDA:54,5,1,0
BRDA:59,6,0,0
BRDA:59,6,1,0
BRDA:74,7,0,0
BRDA:74,7,1,0
BRDA:79,8,0,0
BRDA:79,8,1,0
BRDA:125,9,0,0
BRDA:125,9,1,0
BRDA:131,10,0,0
BRDA:131,10,1,0
BRDA:131,11,0,0
BRDA:131,11,1,0
BRDA:136,12,0,0
BRDA:136,12,1,0
BRDA:141,13,0,0
BRDA:141,13,1,0
BRDA:159,14,0,0
BRDA:159,14,1,0
BRDA:164,15,0,0
BRDA:164,15,1,0
BRDA:169,16,0,0
BRDA:169,16,1,0
BRF:35
BRH:0
end_of_record
TN:
SF:src/payment/payment.router.ts
FN:11,(anonymous_0)
FN:12,(anonymous_1)
FN:20,(anonymous_2)
FN:28,(anonymous_3)
FN:36,(anonymous_4)
FN:44,(anonymous_5)
FN:52,(anonymous_6)
FNF:7
FNH:1
FNDA:1,(anonymous_0)
FNDA:0,(anonymous_1)
FNDA:0,(anonymous_2)
FNDA:0,(anonymous_3)
FNDA:0,(anonymous_4)
FNDA:0,(anonymous_5)
FNDA:0,(anonymous_6)
DA:2,1
DA:11,1
DA:12,1
DA:13,0
DA:14,0
DA:16,0
DA:20,1
DA:21,0
DA:22,0
DA:24,0
DA:28,1
DA:29,0
DA:30,0
DA:32,0
DA:36,1
DA:37,0
DA:38,0
DA:40,0
DA:44,1
DA:45,0
DA:46,0
DA:48,0
DA:52,1
DA:53,0
DA:54,0
DA:56,0
DA:61,1
LF:27
LH:9
BRF:0
BRH:0
end_of_record
TN:
SF:src/payment/payment.service.ts
FN:8,(anonymous_1)
FN:14,(anonymous_2)
FN:20,(anonymous_3)
FN:28,(anonymous_4)
FN:39,(anonymous_5)
FN:42,(anonymous_6)
FN:72,(anonymous_7)
FNF:7
FNH:0
FNDA:0,(anonymous_1)
FNDA:0,(anonymous_2)
FNDA:0,(anonymous_3)
FNDA:0,(anonymous_4)
FNDA:0,(anonymous_5)
FNDA:0,(anonymous_6)
FNDA:0,(anonymous_7)
DA:1,1
DA:2,1
DA:3,1
DA:8,1
DA:9,0
DA:10,0
DA:14,1
DA:15,0
DA:16,0
DA:20,1
DA:21,0
DA:24,0
DA:28,1
DA:29,0
DA:32,0
DA:39,1
DA:41,0
DA:42,0
DA:46,0
DA:52,0
DA:53,0
DA:56,0
DA:62,0
DA:63,0
DA:66,0
DA:72,1
DA:73,0
DA:77,0
DA:78,0
DA:80,0
LF:30
LH:9
BRDA:42,0,0,0
BRDA:42,0,1,0
BRDA:52,1,0,0
BRDA:52,1,1,0
BRDA:62,2,0,0
BRDA:62,2,1,0
BRDA:77,3,0,0
BRDA:77,3,1,0
BRF:8
BRH:0
end_of_record
TN:
SF:src/prescription/prescription.controller.ts
FN:14,(anonymous_0)
FN:36,(anonymous_1)
FN:51,(anonymous_2)
FN:71,(anonymous_3)
FN:91,(anonymous_4)
FN:111,(anonymous_5)
FN:131,(anonymous_6)
FN:161,(anonymous_7)
FNF:8
FNH:0
FNDA:0,(anonymous_0)
FNDA:0,(anonymous_1)
FNDA:0,(anonymous_2)
FNDA:0,(anonymous_3)
FNDA:0,(anonymous_4)
FNDA:0,(anonymous_5)
FNDA:0,(anonymous_6)
FNDA:0,(anonymous_7)
DA:2,1
DA:14,1
DA:15,0
DA:16,0
DA:18,0
DA:19,0
DA:24,0
DA:25,0
DA:26,0
DA:29,0
DA:31,0
DA:36,1
DA:37,0
DA:38,0
DA:40,0
DA:41,0
DA:44,0
DA:46,0
DA:51,1
DA:52,0
DA:53,0
DA:55,0
DA:56,0
DA:59,0
DA:60,0
DA:61,0
DA:64,0
DA:66,0
DA:71,1
DA:72,0
DA:73,0
DA:75,0
DA:76,0
DA:79,0
DA:80,0
DA:81,0
DA:84,0
DA:86,0
DA:91,1
DA:92,0
DA:93,0
DA:95,0
DA:96,0
DA:99,0
DA:100,0
DA:101,0
DA:104,0
DA:106,0
DA:111,1
DA:112,0
DA:113,0
DA:115,0
DA:116,0
DA:119,0
DA:120,0
DA:121,0
DA:124,0
DA:126,0
DA:131,1
DA:132,0
DA:133,0
DA:135,0
DA:136,0
DA:139,0
DA:140,0
DA:141,0
DA:144,0
DA:145,0
DA:146,0
DA:149,0
DA:150,0
DA:151,0
DA:154,0
DA:156,0
DA:161,1
DA:162,0
DA:163,0
DA:165,0
DA:166,0
DA:169,0
DA:170,0
DA:171,0
DA:174,0
DA:175,0
DA:176,0
DA:179,0
DA:181,0
LF:87
LH:9
BRDA:18,0,0,0
BRDA:18,0,1,0
BRDA:18,1,0,0
BRDA:18,1,1,0
BRDA:18,1,2,0
BRDA:25,2,0,0
BRDA:25,2,1,0
BRDA:40,3,0,0
BRDA:40,3,1,0
BRDA:40,4,0,0
BRDA:40,4,1,0
BRDA:55,5,0,0
BRDA:55,5,1,0
BRDA:60,6,0,0
BRDA:60,6,1,0
BRDA:75,7,0,0
BRDA:75,7,1,0
BRDA:80,8,0,0
BRDA:80,8,1,0
BRDA:80,9,0,0
BRDA:80,9,1,0
BRDA:95,10,0,0
BRDA:95,10,1,0
BRDA:100,11,0,0
BRDA:100,11,1,0
BRDA:100,12,0,0
BRDA:100,12,1,0
BRDA:115,13,0,0
BRDA:115,13,1,0
BRDA:120,14,0,0
BRDA:120,14,1,0
BRDA:120,15,0,0
BRDA:120,15,1,0
BRDA:135,16,0,0
BRDA:135,16,1,0
BRDA:140,17,0,0
BRDA:140,17,1,0
BRDA:140,18,0,0
BRDA:140,18,1,0
BRDA:145,19,0,0
BRDA:145,19,1,0
BRDA:150,20,0,0
BRDA:150,20,1,0
BRDA:165,21,0,0
BRDA:165,21,1,0
BRDA:170,22,0,0
BRDA:170,22,1,0
BRDA:175,23,0,0
BRDA:175,23,1,0
BRF:49
BRH:0
end_of_record
TN:
SF:src/prescription/prescription.router.ts
FN:13,(anonymous_0)
FN:14,(anonymous_1)
FN:22,(anonymous_2)
FN:30,(anonymous_3)
FN:38,(anonymous_4)
FN:46,(anonymous_5)
FN:54,(anonymous_6)
FN:62,(anonymous_7)
FN:70,(anonymous_8)
FNF:9
FNH:1
FNDA:1,(anonymous_0)
FNDA:0,(anonymous_1)
FNDA:0,(anonymous_2)
FNDA:0,(anonymous_3)
FNDA:0,(anonymous_4)
FNDA:0,(anonymous_5)
FNDA:0,(anonymous_6)
FNDA:0,(anonymous_7)
FNDA:0,(anonymous_8)
DA:2,1
DA:13,1
DA:14,1
DA:15,0
DA:16,0
DA:18,0
DA:22,1
DA:23,0
DA:24,0
DA:26,0
DA:30,1
DA:31,0
DA:32,0
DA:34,0
DA:38,1
DA:39,0
DA:40,0
DA:42,0
DA:46,1
DA:47,0
DA:48,0
DA:50,0
DA:54,1
DA:55,0
DA:56,0
DA:58,0
DA:62,1
DA:63,0
DA:64,0
DA:66,0
DA:70,1
DA:71,0
DA:72,0
DA:74,0
DA:79,1
LF:35
LH:11
BRF:0
BRH:0
end_of_record
TN:
SF:src/prescription/prescription.service.ts
FN:6,(anonymous_1)
FN:12,(anonymous_2)
FN:18,(anonymous_3)
FN:26,(anonymous_4)
FN:34,(anonymous_5)
FN:42,(anonymous_6)
FN:50,(anonymous_7)
FN:63,(anonymous_8)
FNF:8
FNH:0
FNDA:0,(anonymous_1)
FNDA:0,(anonymous_2)
FNDA:0,(anonymous_3)
FNDA:0,(anonymous_4)
FNDA:0,(anonymous_5)
FNDA:0,(anonymous_6)
FNDA:0,(anonymous_7)
FNDA:0,(anonymous_8)
DA:1,1
DA:2,1
DA:3,1
DA:6,1
DA:7,0
DA:8,0
DA:12,1
DA:13,0
DA:14,0
DA:18,1
DA:19,0
DA:22,0
DA:26,1
DA:27,0
DA:30,0
DA:34,1
DA:35,0
DA:38,0
DA:42,1
DA:43,0
DA:46,0
DA:50,1
DA:51,0
DA:56,0
DA:57,0
DA:59,0
DA:63,1
DA:64,0
DA:68,0
DA:69,0
DA:71,0
LF:31
LH:11
BRDA:56,0,0,0
BRDA:56,0,1,0
BRDA:68,1,0,0
BRDA:68,1,1,0
BRF:4
BRH:0
end_of_record
TN:
SF:src/user/user.controller.ts
FN:10,(anonymous_1)
FN:72,(anonymous_2)
FN:114,(anonymous_3)
FN:157,(anonymous_4)
FN:206,(anonymous_5)
FN:218,(anonymous_6)
FN:234,(anonymous_7)
FN:260,(anonymous_8)
FN:283,(anonymous_9)
FN:301,(anonymous_10)
FN:319,(anonymous_11)
FN:337,(anonymous_12)
FN:355,(anonymous_13)
FNF:13
FNH:12
FNDA:32,(anonymous_1)
FNDA:4,(anonymous_2)
FNDA:4,(anonymous_3)
FNDA:3,(anonymous_4)
FNDA:0,(anonymous_5)
FNDA:3,(anonymous_6)
FNDA:3,(anonymous_7)
FNDA:2,(anonymous_8)
FNDA:2,(anonymous_9)
FNDA:1,(anonymous_10)
FNDA:1,(anonymous_11)
FNDA:1,(anonymous_12)
FNDA:2,(anonymous_13)
DA:2,1
DA:3,1
DA:4,1
DA:5,1
DA:6,1
DA:7,1
DA:8,1
DA:10,1
DA:11,32
DA:12,32
DA:13,32
DA:15,32
DA:16,1
DA:19,31
DA:20,31
DA:22,31
DA:23,31
DA:24,31
DA:25,31
DA:26,31
DA:28,31
DA:31,30
DA:37,30
DA:38,0
DA:41,30
DA:42,30
DA:54,0
DA:57,30
DA:66,1
DA:72,1
DA:73,4
DA:74,4
DA:75,4
DA:76,4
DA:77,1
DA:80,3
DA:81,1
DA:84,2
DA:85,1
DA:88,1
DA:89,1
DA:101,0
DA:104,1
DA:106,1
DA:109,0
DA:114,1
DA:115,4
DA:117,4
DA:118,1
DA:121,3
DA:122,3
DA:124,3
DA:125,1
DA:128,2
DA:129,1
DA:133,1
DA:134,1
DA:137,1
DA:140,1
DA:151,1
DA:154,0
DA:157,1
DA:158,3
DA:159,3
DA:161,3
DA:162,3
DA:163,1
DA:166,2
DA:167,2
DA:168,1
DA:171,1
DA:183,1
DA:184,1
DA:185,0
DA:188,1
DA:189,1
DA:203,0
DA:206,1
DA:207,0
DA:208,0
DA:209,0
DA:210,0
DA:212,0
DA:214,0
DA:218,1
DA:219,3
DA:220,3
DA:221,3
DA:222,1
DA:224,2
DA:225,2
DA:226,1
DA:228,1
DA:230,0
DA:234,1
DA:235,3
DA:236,3
DA:237,3
DA:238,1
DA:240,2
DA:241,2
DA:242,2
DA:243,1
DA:246,1
DA:247,1
DA:248,0
DA:250,1
DA:254,0
DA:260,1
DA:261,2
DA:262,2
DA:263,2
DA:264,0
DA:266,2
DA:267,2
DA:268,1
DA:270,1
DA:271,1
DA:272,0
DA:274,1
DA:277,0
DA:283,1
DA:284,2
DA:285,2
DA:286,2
DA:287,1
DA:289,1
DA:290,1
DA:291,0
DA:293,1
DA:295,0
DA:301,1
DA:302,1
DA:303,1
DA:304,1
DA:305,0
DA:307,1
DA:308,1
DA:309,0
DA:311,1
DA:313,0
DA:319,1
DA:320,1
DA:321,1
DA:322,1
DA:323,0
DA:325,1
DA:326,1
DA:327,0
DA:329,1
DA:331,0
DA:337,1
DA:338,1
DA:339,1
DA:340,1
DA:341,0
DA:343,1
DA:344,1
DA:345,0
DA:347,1
DA:349,0
DA:355,1
DA:356,2
DA:357,2
DA:358,2
DA:359,1
DA:361,1
DA:362,1
DA:363,0
DA:365,1
DA:367,0
LF:171
LH:139
BRDA:15,0,0,1
BRDA:15,0,1,31
BRDA:15,1,0,32
BRDA:15,1,1,31
BRDA:37,2,0,0
BRDA:37,2,1,30
BRDA:76,3,0,1
BRDA:76,3,1,3
BRDA:80,4,0,1
BRDA:80,4,1,2
BRDA:80,5,0,3
BRDA:80,5,1,3
BRDA:84,6,0,1
BRDA:84,6,1,1
BRDA:117,7,0,1
BRDA:117,7,1,3
BRDA:124,8,0,1
BRDA:124,8,1,2
BRDA:128,9,0,1
BRDA:128,9,1,1
BRDA:162,10,0,1
BRDA:162,10,1,2
BRDA:167,11,0,1
BRDA:167,11,1,1
BRDA:184,12,0,0
BRDA:184,12,1,1
BRDA:209,13,0,0
BRDA:209,13,1,0
BRDA:209,14,0,0
BRDA:209,14,1,0
BRDA:221,15,0,1
BRDA:221,15,1,2
BRDA:225,16,0,1
BRDA:225,16,1,1
BRDA:237,17,0,1
BRDA:237,17,1,2
BRDA:242,18,0,1
BRDA:242,18,1,1
BRDA:247,19,0,0
BRDA:247,19,1,1
BRDA:263,20,0,0
BRDA:263,20,1,2
BRDA:267,21,0,1
BRDA:267,21,1,1
BRDA:271,22,0,0
BRDA:271,22,1,1
BRDA:286,23,0,1
BRDA:286,23,1,1
BRDA:290,24,0,0
BRDA:290,24,1,1
BRDA:304,25,0,0
BRDA:304,25,1,1
BRDA:308,26,0,0
BRDA:308,26,1,1
BRDA:322,27,0,0
BRDA:322,27,1,1
BRDA:326,28,0,0
BRDA:326,28,1,1
BRDA:340,29,0,0
BRDA:340,29,1,1
BRDA:344,30,0,0
BRDA:344,30,1,1
BRDA:358,31,0,1
BRDA:358,31,1,1
BRDA:362,32,0,0
BRDA:362,32,1,1
BRF:66
BRH:49
end_of_record
TN:
SF:src/user/user.router.ts
FN:5,(anonymous_0)
FN:6,(anonymous_1)
FN:16,(anonymous_2)
FN:26,(anonymous_3)
FN:34,(anonymous_4)
FN:42,(anonymous_5)
FN:49,(anonymous_6)
FN:57,(anonymous_7)
FN:67,(anonymous_8)
FN:77,(anonymous_9)
FN:86,(anonymous_10)
FN:95,(anonymous_11)
FN:104,(anonymous_12)
FN:113,(anonymous_13)
FNF:14
FNH:13
FNDA:1,(anonymous_0)
FNDA:32,(anonymous_1)
FNDA:4,(anonymous_2)
FNDA:4,(anonymous_3)
FNDA:3,(anonymous_4)
FNDA:0,(anonymous_5)
FNDA:3,(anonymous_6)
FNDA:3,(anonymous_7)
FNDA:2,(anonymous_8)
FNDA:2,(anonymous_9)
FNDA:1,(anonymous_10)
FNDA:1,(anonymous_11)
FNDA:1,(anonymous_12)
FNDA:2,(anonymous_13)
DA:1,1
DA:2,1
DA:5,1
DA:6,1
DA:7,32
DA:8,32
DA:11,0
DA:16,1
DA:17,4
DA:18,4
DA:20,0
DA:26,1
DA:27,4
DA:28,4
DA:30,0
DA:34,1
DA:35,3
DA:36,3
DA:38,0
DA:42,1
DA:43,0
DA:44,0
DA:46,0
DA:49,1
DA:50,3
DA:51,3
DA:53,0
DA:57,1
DA:58,3
DA:59,3
DA:61,0
DA:67,1
DA:68,2
DA:69,2
DA:71,0
DA:77,1
DA:78,2
DA:79,2
DA:81,0
DA:86,1
DA:87,1
DA:88,1
DA:90,0
DA:95,1
DA:96,1
DA:97,1
DA:99,0
DA:104,1
DA:105,1
DA:106,1
DA:108,0
DA:113,1
DA:114,2
DA:115,2
DA:117,0
DA:122,1
LF:56
LH:41
BRF:0
BRH:0
end_of_record
TN:
SF:src/user/user.service.ts
FN:5,(anonymous_1)
FN:9,(anonymous_2)
FN:15,(anonymous_3)
FN:20,(anonymous_4)
FN:32,(anonymous_5)
FN:49,(anonymous_6)
FN:54,(anonymous_7)
FN:61,(anonymous_8)
FN:74,(anonymous_9)
FN:85,(anonymous_10)
FN:102,(anonymous_11)
FN:130,(anonymous_12)
FN:144,(anonymous_13)
FN:161,(anonymous_14)
FNF:14
FNH:13
FNDA:31,(anonymous_1)
FNDA:7,(anonymous_2)
FNDA:1,(anonymous_3)
FNDA:1,(anonymous_4)
FNDA:3,(anonymous_5)
FNDA:0,(anonymous_6)
FNDA:6,(anonymous_7)
FNDA:1,(anonymous_8)
FNDA:1,(anonymous_9)
FNDA:1,(anonymous_10)
FNDA:1,(anonymous_11)
FNDA:1,(anonymous_12)
FNDA:1,(anonymous_13)
FNDA:1,(anonymous_14)
DA:1,1
DA:2,1
DA:3,1
DA:5,1
DA:6,31
DA:7,30
DA:9,1
DA:10,7
DA:15,1
DA:16,1
DA:20,1
DA:25,1
DA:32,1
DA:33,3
DA:34,3
DA:49,1
DA:50,0
DA:51,0
DA:54,1
DA:55,6
DA:58,6
DA:61,1
DA:62,1
DA:67,1
DA:68,0
DA:70,1
DA:74,1
DA:75,1
DA:79,1
DA:80,0
DA:82,1
DA:85,1
DA:86,1
DA:102,1
DA:103,1
DA:130,1
DA:131,1
DA:144,1
DA:145,1
DA:161,1
DA:162,1
LF:41
LH:37
BRDA:67,0,0,0
BRDA:67,0,1,1
BRDA:79,1,0,0
BRDA:79,1,1,1
BRF:4
BRH:2
end_of_record
